Classic Timing Analyzer report for divfreq
Thu Sep 07 08:28:44 2023
Quartus II Version 9.0 Build 235 06/17/2009 Service Pack 2 SJ Web Edition


---------------------
; Table of Contents ;
---------------------
  1. Legal Notice
  2. Timing Analyzer Summary
  3. Timing Analyzer Settings
  4. Clock Settings Summary
  5. Parallel Compilation
  6. Clock Setup: 'clk_50M'
  7. tco
  8. Timing Analyzer Messages



----------------
; Legal Notice ;
----------------
Copyright (C) 1991-2009 Altera Corporation
Your use of Altera Corporation's design tools, logic functions 
and other software and tools, and its AMPP partner logic 
functions, and any output files from any of the foregoing 
(including device programming or simulation files), and any 
associated documentation or information are expressly subject 
to the terms and conditions of the Altera Program License 
Subscription Agreement, Altera MegaCore Function License 
Agreement, or other applicable license agreement, including, 
without limitation, that your use is for the sole purpose of 
programming logic devices manufactured by Altera and sold by 
Altera or its authorized distributors.  Please refer to the 
applicable agreement for further details.



+-------------------------------------------------------------------------------------------------------------------------------------------------------------+
; Timing Analyzer Summary                                                                                                                                     ;
+------------------------------+-------+---------------+----------------------------------+-------------+--------------+------------+----------+--------------+
; Type                         ; Slack ; Required Time ; Actual Time                      ; From        ; To           ; From Clock ; To Clock ; Failed Paths ;
+------------------------------+-------+---------------+----------------------------------+-------------+--------------+------------+----------+--------------+
; Worst-case tco               ; N/A   ; None          ; 7.748 ns                         ; clk_1prime  ; clk_1        ; clk_50M    ; --       ; 0            ;
; Clock Setup: 'clk_50M'       ; N/A   ; None          ; 219.97 MHz ( period = 4.546 ns ) ; compteur[0] ; compteur[29] ; clk_50M    ; clk_50M  ; 0            ;
; Total number of failed paths ;       ;               ;                                  ;             ;              ;            ;          ; 0            ;
+------------------------------+-------+---------------+----------------------------------+-------------+--------------+------------+----------+--------------+


+--------------------------------------------------------------------------------------------------------------------+
; Timing Analyzer Settings                                                                                           ;
+---------------------------------------------------------------------+--------------------+------+----+-------------+
; Option                                                              ; Setting            ; From ; To ; Entity Name ;
+---------------------------------------------------------------------+--------------------+------+----+-------------+
; Device Name                                                         ; EP2C35F672C6       ;      ;    ;             ;
; Timing Models                                                       ; Final              ;      ;    ;             ;
; Default hold multicycle                                             ; Same as Multicycle ;      ;    ;             ;
; Cut paths between unrelated clock domains                           ; On                 ;      ;    ;             ;
; Cut off read during write signal paths                              ; On                 ;      ;    ;             ;
; Cut off feedback from I/O pins                                      ; On                 ;      ;    ;             ;
; Report Combined Fast/Slow Timing                                    ; Off                ;      ;    ;             ;
; Ignore Clock Settings                                               ; Off                ;      ;    ;             ;
; Analyze latches as synchronous elements                             ; On                 ;      ;    ;             ;
; Enable Recovery/Removal analysis                                    ; Off                ;      ;    ;             ;
; Enable Clock Latency                                                ; Off                ;      ;    ;             ;
; Use TimeQuest Timing Analyzer                                       ; Off                ;      ;    ;             ;
; Minimum Core Junction Temperature                                   ; 0                  ;      ;    ;             ;
; Maximum Core Junction Temperature                                   ; 85                 ;      ;    ;             ;
; Number of source nodes to report per destination node               ; 10                 ;      ;    ;             ;
; Number of destination nodes to report                               ; 10                 ;      ;    ;             ;
; Number of paths to report                                           ; 200                ;      ;    ;             ;
; Report Minimum Timing Checks                                        ; Off                ;      ;    ;             ;
; Use Fast Timing Models                                              ; Off                ;      ;    ;             ;
; Report IO Paths Separately                                          ; Off                ;      ;    ;             ;
; Perform Multicorner Analysis                                        ; On                 ;      ;    ;             ;
; Reports the worst-case path for each clock domain and analysis      ; Off                ;      ;    ;             ;
; Removes common clock path pessimism (CCPP) during slack computation ; Off                ;      ;    ;             ;
; Output I/O Timing Endpoint                                          ; Near End           ;      ;    ;             ;
+---------------------------------------------------------------------+--------------------+------+----+-------------+


+------------------------------------------------------------------------------------------------------------------------------------------------------------------------------------+
; Clock Settings Summary                                                                                                                                                             ;
+-----------------+--------------------+----------+------------------+---------------+--------------+----------+-----------------------+---------------------+--------+--------------+
; Clock Node Name ; Clock Setting Name ; Type     ; Fmax Requirement ; Early Latency ; Late Latency ; Based on ; Multiply Base Fmax by ; Divide Base Fmax by ; Offset ; Phase offset ;
+-----------------+--------------------+----------+------------------+---------------+--------------+----------+-----------------------+---------------------+--------+--------------+
; clk_50M         ;                    ; User Pin ; None             ; 0.000 ns      ; 0.000 ns     ; --       ; N/A                   ; N/A                 ; N/A    ;              ;
+-----------------+--------------------+----------+------------------+---------------+--------------+----------+-----------------------+---------------------+--------+--------------+


Parallel compilation was disabled, but you have multiple processors available. Enable parallel compilation to reduce compilation time.
+-------------------------------------+
; Parallel Compilation                ;
+----------------------------+--------+
; Processors                 ; Number ;
+----------------------------+--------+
; Number detected on machine ; 4      ;
; Maximum allowed            ; 1      ;
+----------------------------+--------+


+-----------------------------------------------------------------------------------------------------------------------------------------------------------------------------------------------------------------------------------------+
; Clock Setup: 'clk_50M'                                                                                                                                                                                                                  ;
+-----------------------------------------+-----------------------------------------------------+--------------+--------------+------------+----------+-----------------------------+---------------------------+-------------------------+
; Slack                                   ; Actual fmax (period)                                ; From         ; To           ; From Clock ; To Clock ; Required Setup Relationship ; Required Longest P2P Time ; Actual Longest P2P Time ;
+-----------------------------------------+-----------------------------------------------------+--------------+--------------+------------+----------+-----------------------------+---------------------------+-------------------------+
; N/A                                     ; 219.97 MHz ( period = 4.546 ns )                    ; compteur[0]  ; compteur[29] ; clk_50M    ; clk_50M  ; None                        ; None                      ; 4.336 ns                ;
; N/A                                     ; 220.41 MHz ( period = 4.537 ns )                    ; compteur[0]  ; compteur[31] ; clk_50M    ; clk_50M  ; None                        ; None                      ; 4.327 ns                ;
; N/A                                     ; 222.22 MHz ( period = 4.500 ns )                    ; compteur[0]  ; compteur[30] ; clk_50M    ; clk_50M  ; None                        ; None                      ; 4.290 ns                ;
; N/A                                     ; 225.02 MHz ( period = 4.444 ns )                    ; compteur[1]  ; compteur[29] ; clk_50M    ; clk_50M  ; None                        ; None                      ; 4.234 ns                ;
; N/A                                     ; 225.48 MHz ( period = 4.435 ns )                    ; compteur[1]  ; compteur[31] ; clk_50M    ; clk_50M  ; None                        ; None                      ; 4.225 ns                ;
; N/A                                     ; 227.07 MHz ( period = 4.404 ns )                    ; compteur[2]  ; compteur[29] ; clk_50M    ; clk_50M  ; None                        ; None                      ; 4.194 ns                ;
; N/A                                     ; 227.38 MHz ( period = 4.398 ns )                    ; compteur[1]  ; compteur[30] ; clk_50M    ; clk_50M  ; None                        ; None                      ; 4.188 ns                ;
; N/A                                     ; 227.53 MHz ( period = 4.395 ns )                    ; compteur[2]  ; compteur[31] ; clk_50M    ; clk_50M  ; None                        ; None                      ; 4.185 ns                ;
; N/A                                     ; 228.99 MHz ( period = 4.367 ns )                    ; compteur[6]  ; compteur[29] ; clk_50M    ; clk_50M  ; None                        ; None                      ; 4.152 ns                ;
; N/A                                     ; 229.15 MHz ( period = 4.364 ns )                    ; compteur[0]  ; compteur[28] ; clk_50M    ; clk_50M  ; None                        ; None                      ; 4.154 ns                ;
; N/A                                     ; 229.46 MHz ( period = 4.358 ns )                    ; compteur[6]  ; compteur[31] ; clk_50M    ; clk_50M  ; None                        ; None                      ; 4.143 ns                ;
; N/A                                     ; 229.46 MHz ( period = 4.358 ns )                    ; compteur[2]  ; compteur[30] ; clk_50M    ; clk_50M  ; None                        ; None                      ; 4.148 ns                ;
; N/A                                     ; 230.52 MHz ( period = 4.338 ns )                    ; compteur[7]  ; compteur[29] ; clk_50M    ; clk_50M  ; None                        ; None                      ; 4.123 ns                ;
; N/A                                     ; 230.68 MHz ( period = 4.335 ns )                    ; compteur[3]  ; compteur[29] ; clk_50M    ; clk_50M  ; None                        ; None                      ; 4.125 ns                ;
; N/A                                     ; 230.95 MHz ( period = 4.330 ns )                    ; compteur[0]  ; compteur[26] ; clk_50M    ; clk_50M  ; None                        ; None                      ; 4.121 ns                ;
; N/A                                     ; 231.00 MHz ( period = 4.329 ns )                    ; compteur[7]  ; compteur[31] ; clk_50M    ; clk_50M  ; None                        ; None                      ; 4.114 ns                ;
; N/A                                     ; 231.16 MHz ( period = 4.326 ns )                    ; compteur[3]  ; compteur[31] ; clk_50M    ; clk_50M  ; None                        ; None                      ; 4.116 ns                ;
; N/A                                     ; 231.43 MHz ( period = 4.321 ns )                    ; compteur[6]  ; compteur[30] ; clk_50M    ; clk_50M  ; None                        ; None                      ; 4.106 ns                ;
; N/A                                     ; 232.77 MHz ( period = 4.296 ns )                    ; compteur[0]  ; compteur[27] ; clk_50M    ; clk_50M  ; None                        ; None                      ; 4.086 ns                ;
; N/A                                     ; 232.99 MHz ( period = 4.292 ns )                    ; compteur[7]  ; compteur[30] ; clk_50M    ; clk_50M  ; None                        ; None                      ; 4.077 ns                ;
; N/A                                     ; 233.15 MHz ( period = 4.289 ns )                    ; compteur[3]  ; compteur[30] ; clk_50M    ; clk_50M  ; None                        ; None                      ; 4.079 ns                ;
; N/A                                     ; 234.63 MHz ( period = 4.262 ns )                    ; compteur[1]  ; compteur[28] ; clk_50M    ; clk_50M  ; None                        ; None                      ; 4.052 ns                ;
; N/A                                     ; 235.29 MHz ( period = 4.250 ns )                    ; compteur[4]  ; compteur[29] ; clk_50M    ; clk_50M  ; None                        ; None                      ; 4.041 ns                ;
; N/A                                     ; 235.79 MHz ( period = 4.241 ns )                    ; compteur[4]  ; compteur[31] ; clk_50M    ; clk_50M  ; None                        ; None                      ; 4.032 ns                ;
; N/A                                     ; 236.52 MHz ( period = 4.228 ns )                    ; compteur[1]  ; compteur[26] ; clk_50M    ; clk_50M  ; None                        ; None                      ; 4.019 ns                ;
; N/A                                     ; 236.85 MHz ( period = 4.222 ns )                    ; compteur[2]  ; compteur[28] ; clk_50M    ; clk_50M  ; None                        ; None                      ; 4.012 ns                ;
; N/A                                     ; 237.87 MHz ( period = 4.204 ns )                    ; compteur[4]  ; compteur[30] ; clk_50M    ; clk_50M  ; None                        ; None                      ; 3.995 ns                ;
; N/A                                     ; 238.04 MHz ( period = 4.201 ns )                    ; compteur[8]  ; compteur[29] ; clk_50M    ; clk_50M  ; None                        ; None                      ; 3.986 ns                ;
; N/A                                     ; 238.44 MHz ( period = 4.194 ns )                    ; compteur[1]  ; compteur[27] ; clk_50M    ; clk_50M  ; None                        ; None                      ; 3.984 ns                ;
; N/A                                     ; 238.49 MHz ( period = 4.193 ns )                    ; compteur[0]  ; compteur[25] ; clk_50M    ; clk_50M  ; None                        ; None                      ; 3.984 ns                ;
; N/A                                     ; 238.55 MHz ( period = 4.192 ns )                    ; compteur[8]  ; compteur[31] ; clk_50M    ; clk_50M  ; None                        ; None                      ; 3.977 ns                ;
; N/A                                     ; 238.61 MHz ( period = 4.191 ns )                    ; compteur[5]  ; compteur[29] ; clk_50M    ; clk_50M  ; None                        ; None                      ; 3.982 ns                ;
; N/A                                     ; 238.78 MHz ( period = 4.188 ns )                    ; compteur[2]  ; compteur[26] ; clk_50M    ; clk_50M  ; None                        ; None                      ; 3.979 ns                ;
; N/A                                     ; 238.95 MHz ( period = 4.185 ns )                    ; compteur[6]  ; compteur[28] ; clk_50M    ; clk_50M  ; None                        ; None                      ; 3.970 ns                ;
; N/A                                     ; 239.12 MHz ( period = 4.182 ns )                    ; compteur[5]  ; compteur[31] ; clk_50M    ; clk_50M  ; None                        ; None                      ; 3.973 ns                ;
; N/A                                     ; 240.62 MHz ( period = 4.156 ns )                    ; compteur[7]  ; compteur[28] ; clk_50M    ; clk_50M  ; None                        ; None                      ; 3.941 ns                ;
; N/A                                     ; 240.67 MHz ( period = 4.155 ns )                    ; compteur[8]  ; compteur[30] ; clk_50M    ; clk_50M  ; None                        ; None                      ; 3.940 ns                ;
; N/A                                     ; 240.73 MHz ( period = 4.154 ns )                    ; compteur[2]  ; compteur[27] ; clk_50M    ; clk_50M  ; None                        ; None                      ; 3.944 ns                ;
; N/A                                     ; 240.79 MHz ( period = 4.153 ns )                    ; compteur[3]  ; compteur[28] ; clk_50M    ; clk_50M  ; None                        ; None                      ; 3.943 ns                ;
; N/A                                     ; 240.91 MHz ( period = 4.151 ns )                    ; compteur[6]  ; compteur[26] ; clk_50M    ; clk_50M  ; None                        ; None                      ; 3.937 ns                ;
; N/A                                     ; 241.25 MHz ( period = 4.145 ns )                    ; compteur[5]  ; compteur[30] ; clk_50M    ; clk_50M  ; None                        ; None                      ; 3.936 ns                ;
; N/A                                     ; 242.60 MHz ( period = 4.122 ns )                    ; compteur[7]  ; compteur[26] ; clk_50M    ; clk_50M  ; None                        ; None                      ; 3.908 ns                ;
; N/A                                     ; 242.78 MHz ( period = 4.119 ns )                    ; compteur[3]  ; compteur[26] ; clk_50M    ; clk_50M  ; None                        ; None                      ; 3.910 ns                ;
; N/A                                     ; 242.78 MHz ( period = 4.119 ns )                    ; compteur[9]  ; compteur[29] ; clk_50M    ; clk_50M  ; None                        ; None                      ; 3.905 ns                ;
; N/A                                     ; 242.90 MHz ( period = 4.117 ns )                    ; compteur[6]  ; compteur[27] ; clk_50M    ; clk_50M  ; None                        ; None                      ; 3.902 ns                ;
; N/A                                     ; 243.31 MHz ( period = 4.110 ns )                    ; compteur[9]  ; compteur[31] ; clk_50M    ; clk_50M  ; None                        ; None                      ; 3.896 ns                ;
; N/A                                     ; 244.44 MHz ( period = 4.091 ns )                    ; compteur[1]  ; compteur[25] ; clk_50M    ; clk_50M  ; None                        ; None                      ; 3.882 ns                ;
; N/A                                     ; 244.62 MHz ( period = 4.088 ns )                    ; compteur[7]  ; compteur[27] ; clk_50M    ; clk_50M  ; None                        ; None                      ; 3.873 ns                ;
; N/A                                     ; 244.80 MHz ( period = 4.085 ns )                    ; compteur[3]  ; compteur[27] ; clk_50M    ; clk_50M  ; None                        ; None                      ; 3.875 ns                ;
; N/A                                     ; 245.52 MHz ( period = 4.073 ns )                    ; compteur[0]  ; compteur[24] ; clk_50M    ; clk_50M  ; None                        ; None                      ; 3.864 ns                ;
; N/A                                     ; 245.52 MHz ( period = 4.073 ns )                    ; compteur[9]  ; compteur[30] ; clk_50M    ; clk_50M  ; None                        ; None                      ; 3.859 ns                ;
; N/A                                     ; 245.82 MHz ( period = 4.068 ns )                    ; compteur[4]  ; compteur[28] ; clk_50M    ; clk_50M  ; None                        ; None                      ; 3.859 ns                ;
; N/A                                     ; 246.67 MHz ( period = 4.054 ns )                    ; compteur[10] ; compteur[29] ; clk_50M    ; clk_50M  ; None                        ; None                      ; 3.840 ns                ;
; N/A                                     ; 246.85 MHz ( period = 4.051 ns )                    ; compteur[2]  ; compteur[25] ; clk_50M    ; clk_50M  ; None                        ; None                      ; 3.842 ns                ;
; N/A                                     ; 247.22 MHz ( period = 4.045 ns )                    ; compteur[10] ; compteur[31] ; clk_50M    ; clk_50M  ; None                        ; None                      ; 3.831 ns                ;
; N/A                                     ; 247.89 MHz ( period = 4.034 ns )                    ; compteur[4]  ; compteur[26] ; clk_50M    ; clk_50M  ; None                        ; None                      ; 3.826 ns                ;
; N/A                                     ; 247.89 MHz ( period = 4.034 ns )                    ; compteur[16] ; compteur[3]  ; clk_50M    ; clk_50M  ; None                        ; None                      ; 3.815 ns                ;
; N/A                                     ; 247.95 MHz ( period = 4.033 ns )                    ; compteur[16] ; compteur[2]  ; clk_50M    ; clk_50M  ; None                        ; None                      ; 3.814 ns                ;
; N/A                                     ; 248.02 MHz ( period = 4.032 ns )                    ; compteur[16] ; compteur[1]  ; clk_50M    ; clk_50M  ; None                        ; None                      ; 3.813 ns                ;
; N/A                                     ; 248.14 MHz ( period = 4.030 ns )                    ; compteur[16] ; compteur[14] ; clk_50M    ; clk_50M  ; None                        ; None                      ; 3.811 ns                ;
; N/A                                     ; 248.26 MHz ( period = 4.028 ns )                    ; compteur[16] ; compteur[18] ; clk_50M    ; clk_50M  ; None                        ; None                      ; 3.809 ns                ;
; N/A                                     ; 248.51 MHz ( period = 4.024 ns )                    ; compteur[16] ; compteur[11] ; clk_50M    ; clk_50M  ; None                        ; None                      ; 3.805 ns                ;
; N/A                                     ; 248.76 MHz ( period = 4.020 ns )                    ; compteur[16] ; compteur[13] ; clk_50M    ; clk_50M  ; None                        ; None                      ; 3.801 ns                ;
; N/A                                     ; 248.82 MHz ( period = 4.019 ns )                    ; compteur[8]  ; compteur[28] ; clk_50M    ; clk_50M  ; None                        ; None                      ; 3.804 ns                ;
; N/A                                     ; 249.13 MHz ( period = 4.014 ns )                    ; compteur[6]  ; compteur[25] ; clk_50M    ; clk_50M  ; None                        ; None                      ; 3.800 ns                ;
; N/A                                     ; 249.44 MHz ( period = 4.009 ns )                    ; compteur[5]  ; compteur[28] ; clk_50M    ; clk_50M  ; None                        ; None                      ; 3.800 ns                ;
; N/A                                     ; 249.50 MHz ( period = 4.008 ns )                    ; compteur[10] ; compteur[30] ; clk_50M    ; clk_50M  ; None                        ; None                      ; 3.794 ns                ;
; N/A                                     ; 250.00 MHz ( period = 4.000 ns )                    ; compteur[4]  ; compteur[27] ; clk_50M    ; clk_50M  ; None                        ; None                      ; 3.791 ns                ;
; N/A                                     ; 250.00 MHz ( period = 4.000 ns )                    ; compteur[13] ; compteur[3]  ; clk_50M    ; clk_50M  ; None                        ; None                      ; 3.786 ns                ;
; N/A                                     ; 250.06 MHz ( period = 3.999 ns )                    ; compteur[13] ; compteur[2]  ; clk_50M    ; clk_50M  ; None                        ; None                      ; 3.785 ns                ;
; N/A                                     ; 250.13 MHz ( period = 3.998 ns )                    ; compteur[13] ; compteur[1]  ; clk_50M    ; clk_50M  ; None                        ; None                      ; 3.784 ns                ;
; N/A                                     ; 250.25 MHz ( period = 3.996 ns )                    ; compteur[13] ; compteur[14] ; clk_50M    ; clk_50M  ; None                        ; None                      ; 3.782 ns                ;
; N/A                                     ; 250.38 MHz ( period = 3.994 ns )                    ; compteur[13] ; compteur[18] ; clk_50M    ; clk_50M  ; None                        ; None                      ; 3.780 ns                ;
; N/A                                     ; 250.63 MHz ( period = 3.990 ns )                    ; compteur[13] ; compteur[11] ; clk_50M    ; clk_50M  ; None                        ; None                      ; 3.776 ns                ;
; N/A                                     ; 250.88 MHz ( period = 3.986 ns )                    ; compteur[13] ; compteur[13] ; clk_50M    ; clk_50M  ; None                        ; None                      ; 3.772 ns                ;
; N/A                                     ; 250.94 MHz ( period = 3.985 ns )                    ; compteur[7]  ; compteur[25] ; clk_50M    ; clk_50M  ; None                        ; None                      ; 3.771 ns                ;
; N/A                                     ; 250.94 MHz ( period = 3.985 ns )                    ; compteur[8]  ; compteur[26] ; clk_50M    ; clk_50M  ; None                        ; None                      ; 3.771 ns                ;
; N/A                                     ; 251.13 MHz ( period = 3.982 ns )                    ; compteur[3]  ; compteur[25] ; clk_50M    ; clk_50M  ; None                        ; None                      ; 3.773 ns                ;
; N/A                                     ; 251.57 MHz ( period = 3.975 ns )                    ; compteur[5]  ; compteur[26] ; clk_50M    ; clk_50M  ; None                        ; None                      ; 3.767 ns                ;
; N/A                                     ; 251.83 MHz ( period = 3.971 ns )                    ; compteur[1]  ; compteur[24] ; clk_50M    ; clk_50M  ; None                        ; None                      ; 3.762 ns                ;
; N/A                                     ; 251.83 MHz ( period = 3.971 ns )                    ; compteur[21] ; compteur[3]  ; clk_50M    ; clk_50M  ; None                        ; None                      ; 3.752 ns                ;
; N/A                                     ; 251.89 MHz ( period = 3.970 ns )                    ; compteur[21] ; compteur[2]  ; clk_50M    ; clk_50M  ; None                        ; None                      ; 3.751 ns                ;
; N/A                                     ; 251.95 MHz ( period = 3.969 ns )                    ; compteur[21] ; compteur[1]  ; clk_50M    ; clk_50M  ; None                        ; None                      ; 3.750 ns                ;
; N/A                                     ; 252.08 MHz ( period = 3.967 ns )                    ; compteur[21] ; compteur[14] ; clk_50M    ; clk_50M  ; None                        ; None                      ; 3.748 ns                ;
; N/A                                     ; 252.21 MHz ( period = 3.965 ns )                    ; compteur[21] ; compteur[18] ; clk_50M    ; clk_50M  ; None                        ; None                      ; 3.746 ns                ;
; N/A                                     ; 252.46 MHz ( period = 3.961 ns )                    ; compteur[21] ; compteur[11] ; clk_50M    ; clk_50M  ; None                        ; None                      ; 3.742 ns                ;
; N/A                                     ; 252.72 MHz ( period = 3.957 ns )                    ; compteur[21] ; compteur[13] ; clk_50M    ; clk_50M  ; None                        ; None                      ; 3.738 ns                ;
; N/A                                     ; 253.10 MHz ( period = 3.951 ns )                    ; compteur[8]  ; compteur[27] ; clk_50M    ; clk_50M  ; None                        ; None                      ; 3.736 ns                ;
; N/A                                     ; 253.74 MHz ( period = 3.941 ns )                    ; compteur[5]  ; compteur[27] ; clk_50M    ; clk_50M  ; None                        ; None                      ; 3.732 ns                ;
; N/A                                     ; 253.94 MHz ( period = 3.938 ns )                    ; compteur[16] ; compteur[15] ; clk_50M    ; clk_50M  ; None                        ; None                      ; 3.719 ns                ;
; N/A                                     ; 254.00 MHz ( period = 3.937 ns )                    ; compteur[16] ; compteur[0]  ; clk_50M    ; clk_50M  ; None                        ; None                      ; 3.718 ns                ;
; N/A                                     ; 254.00 MHz ( period = 3.937 ns )                    ; compteur[9]  ; compteur[28] ; clk_50M    ; clk_50M  ; None                        ; None                      ; 3.723 ns                ;
; N/A                                     ; 254.39 MHz ( period = 3.931 ns )                    ; compteur[2]  ; compteur[24] ; clk_50M    ; clk_50M  ; None                        ; None                      ; 3.722 ns                ;
; N/A                                     ; 255.10 MHz ( period = 3.920 ns )                    ; compteur[12] ; compteur[29] ; clk_50M    ; clk_50M  ; None                        ; None                      ; 3.705 ns                ;
; N/A                                     ; 255.36 MHz ( period = 3.916 ns )                    ; compteur[0]  ; compteur[23] ; clk_50M    ; clk_50M  ; None                        ; None                      ; 3.707 ns                ;
; N/A                                     ; 255.69 MHz ( period = 3.911 ns )                    ; compteur[12] ; compteur[31] ; clk_50M    ; clk_50M  ; None                        ; None                      ; 3.696 ns                ;
; N/A                                     ; 256.15 MHz ( period = 3.904 ns )                    ; compteur[13] ; compteur[15] ; clk_50M    ; clk_50M  ; None                        ; None                      ; 3.690 ns                ;
; N/A                                     ; 256.15 MHz ( period = 3.904 ns )                    ; compteur[22] ; compteur[3]  ; clk_50M    ; clk_50M  ; None                        ; None                      ; 3.685 ns                ;
; N/A                                     ; 256.21 MHz ( period = 3.903 ns )                    ; compteur[13] ; compteur[0]  ; clk_50M    ; clk_50M  ; None                        ; None                      ; 3.689 ns                ;
; N/A                                     ; 256.21 MHz ( period = 3.903 ns )                    ; compteur[9]  ; compteur[26] ; clk_50M    ; clk_50M  ; None                        ; None                      ; 3.690 ns                ;
; N/A                                     ; 256.21 MHz ( period = 3.903 ns )                    ; compteur[22] ; compteur[2]  ; clk_50M    ; clk_50M  ; None                        ; None                      ; 3.684 ns                ;
; N/A                                     ; 256.28 MHz ( period = 3.902 ns )                    ; compteur[22] ; compteur[1]  ; clk_50M    ; clk_50M  ; None                        ; None                      ; 3.683 ns                ;
; N/A                                     ; 256.41 MHz ( period = 3.900 ns )                    ; compteur[22] ; compteur[14] ; clk_50M    ; clk_50M  ; None                        ; None                      ; 3.681 ns                ;
; N/A                                     ; 256.54 MHz ( period = 3.898 ns )                    ; compteur[0]  ; compteur[19] ; clk_50M    ; clk_50M  ; None                        ; None                      ; 3.689 ns                ;
; N/A                                     ; 256.54 MHz ( period = 3.898 ns )                    ; compteur[22] ; compteur[18] ; clk_50M    ; clk_50M  ; None                        ; None                      ; 3.679 ns                ;
; N/A                                     ; 256.61 MHz ( period = 3.897 ns )                    ; compteur[4]  ; compteur[25] ; clk_50M    ; clk_50M  ; None                        ; None                      ; 3.689 ns                ;
; N/A                                     ; 256.81 MHz ( period = 3.894 ns )                    ; compteur[6]  ; compteur[24] ; clk_50M    ; clk_50M  ; None                        ; None                      ; 3.680 ns                ;
; N/A                                     ; 256.81 MHz ( period = 3.894 ns )                    ; compteur[22] ; compteur[11] ; clk_50M    ; clk_50M  ; None                        ; None                      ; 3.675 ns                ;
; N/A                                     ; 257.07 MHz ( period = 3.890 ns )                    ; compteur[22] ; compteur[13] ; clk_50M    ; clk_50M  ; None                        ; None                      ; 3.671 ns                ;
; N/A                                     ; 257.14 MHz ( period = 3.889 ns )                    ; compteur[16] ; compteur[16] ; clk_50M    ; clk_50M  ; None                        ; None                      ; 3.675 ns                ;
; N/A                                     ; 257.20 MHz ( period = 3.888 ns )                    ; compteur[16] ; compteur[26] ; clk_50M    ; clk_50M  ; None                        ; None                      ; 3.674 ns                ;
; N/A                                     ; 258.06 MHz ( period = 3.875 ns )                    ; compteur[21] ; compteur[15] ; clk_50M    ; clk_50M  ; None                        ; None                      ; 3.656 ns                ;
; N/A                                     ; 258.13 MHz ( period = 3.874 ns )                    ; compteur[21] ; compteur[0]  ; clk_50M    ; clk_50M  ; None                        ; None                      ; 3.655 ns                ;
; N/A                                     ; 258.13 MHz ( period = 3.874 ns )                    ; compteur[12] ; compteur[30] ; clk_50M    ; clk_50M  ; None                        ; None                      ; 3.659 ns                ;
; N/A                                     ; 258.26 MHz ( period = 3.872 ns )                    ; compteur[10] ; compteur[28] ; clk_50M    ; clk_50M  ; None                        ; None                      ; 3.658 ns                ;
; N/A                                     ; 258.46 MHz ( period = 3.869 ns )                    ; compteur[9]  ; compteur[27] ; clk_50M    ; clk_50M  ; None                        ; None                      ; 3.655 ns                ;
; N/A                                     ; 258.60 MHz ( period = 3.867 ns )                    ; compteur[7]  ; compteur[3]  ; clk_50M    ; clk_50M  ; None                        ; None                      ; 3.648 ns                ;
; N/A                                     ; 258.67 MHz ( period = 3.866 ns )                    ; compteur[7]  ; compteur[2]  ; clk_50M    ; clk_50M  ; None                        ; None                      ; 3.647 ns                ;
; N/A                                     ; 258.73 MHz ( period = 3.865 ns )                    ; compteur[7]  ; compteur[24] ; clk_50M    ; clk_50M  ; None                        ; None                      ; 3.651 ns                ;
; N/A                                     ; 258.73 MHz ( period = 3.865 ns )                    ; compteur[7]  ; compteur[1]  ; clk_50M    ; clk_50M  ; None                        ; None                      ; 3.646 ns                ;
; N/A                                     ; 258.87 MHz ( period = 3.863 ns )                    ; compteur[7]  ; compteur[14] ; clk_50M    ; clk_50M  ; None                        ; None                      ; 3.644 ns                ;
; N/A                                     ; 258.93 MHz ( period = 3.862 ns )                    ; compteur[3]  ; compteur[24] ; clk_50M    ; clk_50M  ; None                        ; None                      ; 3.653 ns                ;
; N/A                                     ; 259.00 MHz ( period = 3.861 ns )                    ; compteur[7]  ; compteur[18] ; clk_50M    ; clk_50M  ; None                        ; None                      ; 3.642 ns                ;
; N/A                                     ; 259.27 MHz ( period = 3.857 ns )                    ; compteur[7]  ; compteur[11] ; clk_50M    ; clk_50M  ; None                        ; None                      ; 3.638 ns                ;
; N/A                                     ; 259.40 MHz ( period = 3.855 ns )                    ; compteur[13] ; compteur[16] ; clk_50M    ; clk_50M  ; None                        ; None                      ; 3.646 ns                ;
; N/A                                     ; 259.47 MHz ( period = 3.854 ns )                    ; compteur[13] ; compteur[26] ; clk_50M    ; clk_50M  ; None                        ; None                      ; 3.645 ns                ;
; N/A                                     ; 259.54 MHz ( period = 3.853 ns )                    ; compteur[7]  ; compteur[13] ; clk_50M    ; clk_50M  ; None                        ; None                      ; 3.634 ns                ;
; N/A                                     ; 259.61 MHz ( period = 3.852 ns )                    ; compteur[16] ; compteur[6]  ; clk_50M    ; clk_50M  ; None                        ; None                      ; 3.638 ns                ;
; N/A                                     ; 259.67 MHz ( period = 3.851 ns )                    ; compteur[16] ; compteur[7]  ; clk_50M    ; clk_50M  ; None                        ; None                      ; 3.637 ns                ;
; N/A                                     ; 259.67 MHz ( period = 3.851 ns )                    ; compteur[10] ; compteur[3]  ; clk_50M    ; clk_50M  ; None                        ; None                      ; 3.633 ns                ;
; N/A                                     ; 259.74 MHz ( period = 3.850 ns )                    ; compteur[10] ; compteur[2]  ; clk_50M    ; clk_50M  ; None                        ; None                      ; 3.632 ns                ;
; N/A                                     ; 259.81 MHz ( period = 3.849 ns )                    ; compteur[16] ; compteur[8]  ; clk_50M    ; clk_50M  ; None                        ; None                      ; 3.635 ns                ;
; N/A                                     ; 259.81 MHz ( period = 3.849 ns )                    ; compteur[10] ; compteur[1]  ; clk_50M    ; clk_50M  ; None                        ; None                      ; 3.631 ns                ;
; N/A                                     ; 259.88 MHz ( period = 3.848 ns )                    ; compteur[8]  ; compteur[25] ; clk_50M    ; clk_50M  ; None                        ; None                      ; 3.634 ns                ;
; N/A                                     ; 259.88 MHz ( period = 3.848 ns )                    ; compteur[16] ; compteur[20] ; clk_50M    ; clk_50M  ; None                        ; None                      ; 3.634 ns                ;
; N/A                                     ; 259.88 MHz ( period = 3.848 ns )                    ; compteur[16] ; compteur[12] ; clk_50M    ; clk_50M  ; None                        ; None                      ; 3.634 ns                ;
; N/A                                     ; 259.94 MHz ( period = 3.847 ns )                    ; compteur[10] ; compteur[14] ; clk_50M    ; clk_50M  ; None                        ; None                      ; 3.629 ns                ;
; N/A                                     ; 260.01 MHz ( period = 3.846 ns )                    ; compteur[16] ; compteur[19] ; clk_50M    ; clk_50M  ; None                        ; None                      ; 3.632 ns                ;
; N/A                                     ; 260.08 MHz ( period = 3.845 ns )                    ; compteur[16] ; compteur[23] ; clk_50M    ; clk_50M  ; None                        ; None                      ; 3.631 ns                ;
; N/A                                     ; 260.08 MHz ( period = 3.845 ns )                    ; compteur[10] ; compteur[18] ; clk_50M    ; clk_50M  ; None                        ; None                      ; 3.627 ns                ;
; N/A                                     ; 260.08 MHz ( period = 3.845 ns )                    ; compteur[16] ; compteur[17] ; clk_50M    ; clk_50M  ; None                        ; None                      ; 3.631 ns                ;
; N/A                                     ; 260.08 MHz ( period = 3.845 ns )                    ; compteur[16] ; compteur[21] ; clk_50M    ; clk_50M  ; None                        ; None                      ; 3.631 ns                ;
; N/A                                     ; 260.15 MHz ( period = 3.844 ns )                    ; compteur[16] ; compteur[24] ; clk_50M    ; clk_50M  ; None                        ; None                      ; 3.630 ns                ;
; N/A                                     ; 260.21 MHz ( period = 3.843 ns )                    ; compteur[16] ; compteur[25] ; clk_50M    ; clk_50M  ; None                        ; None                      ; 3.629 ns                ;
; N/A                                     ; 260.21 MHz ( period = 3.843 ns )                    ; compteur[16] ; compteur[22] ; clk_50M    ; clk_50M  ; None                        ; None                      ; 3.629 ns                ;
; N/A                                     ; 260.35 MHz ( period = 3.841 ns )                    ; compteur[10] ; compteur[11] ; clk_50M    ; clk_50M  ; None                        ; None                      ; 3.623 ns                ;
; N/A                                     ; 260.55 MHz ( period = 3.838 ns )                    ; compteur[5]  ; compteur[25] ; clk_50M    ; clk_50M  ; None                        ; None                      ; 3.630 ns                ;
; N/A                                     ; 260.55 MHz ( period = 3.838 ns )                    ; compteur[10] ; compteur[26] ; clk_50M    ; clk_50M  ; None                        ; None                      ; 3.625 ns                ;
; N/A                                     ; 260.62 MHz ( period = 3.837 ns )                    ; compteur[10] ; compteur[13] ; clk_50M    ; clk_50M  ; None                        ; None                      ; 3.619 ns                ;
; N/A                                     ; 260.69 MHz ( period = 3.836 ns )                    ; compteur[0]  ; compteur[22] ; clk_50M    ; clk_50M  ; None                        ; None                      ; 3.627 ns                ;
; N/A                                     ; 261.37 MHz ( period = 3.826 ns )                    ; compteur[21] ; compteur[16] ; clk_50M    ; clk_50M  ; None                        ; None                      ; 3.612 ns                ;
; N/A                                     ; 261.44 MHz ( period = 3.825 ns )                    ; compteur[21] ; compteur[26] ; clk_50M    ; clk_50M  ; None                        ; None                      ; 3.611 ns                ;
; N/A                                     ; 261.85 MHz ( period = 3.819 ns )                    ; compteur[6]  ; compteur[3]  ; clk_50M    ; clk_50M  ; None                        ; None                      ; 3.600 ns                ;
; N/A                                     ; 261.92 MHz ( period = 3.818 ns )                    ; compteur[13] ; compteur[6]  ; clk_50M    ; clk_50M  ; None                        ; None                      ; 3.609 ns                ;
; N/A                                     ; 261.92 MHz ( period = 3.818 ns )                    ; compteur[6]  ; compteur[2]  ; clk_50M    ; clk_50M  ; None                        ; None                      ; 3.599 ns                ;
; N/A                                     ; 261.99 MHz ( period = 3.817 ns )                    ; compteur[13] ; compteur[7]  ; clk_50M    ; clk_50M  ; None                        ; None                      ; 3.608 ns                ;
; N/A                                     ; 261.99 MHz ( period = 3.817 ns )                    ; compteur[6]  ; compteur[1]  ; clk_50M    ; clk_50M  ; None                        ; None                      ; 3.598 ns                ;
; N/A                                     ; 262.12 MHz ( period = 3.815 ns )                    ; compteur[13] ; compteur[8]  ; clk_50M    ; clk_50M  ; None                        ; None                      ; 3.606 ns                ;
; N/A                                     ; 262.12 MHz ( period = 3.815 ns )                    ; compteur[6]  ; compteur[14] ; clk_50M    ; clk_50M  ; None                        ; None                      ; 3.596 ns                ;
; N/A                                     ; 262.19 MHz ( period = 3.814 ns )                    ; compteur[1]  ; compteur[23] ; clk_50M    ; clk_50M  ; None                        ; None                      ; 3.605 ns                ;
; N/A                                     ; 262.19 MHz ( period = 3.814 ns )                    ; compteur[13] ; compteur[20] ; clk_50M    ; clk_50M  ; None                        ; None                      ; 3.605 ns                ;
; N/A                                     ; 262.19 MHz ( period = 3.814 ns )                    ; compteur[13] ; compteur[12] ; clk_50M    ; clk_50M  ; None                        ; None                      ; 3.605 ns                ;
; N/A                                     ; 262.26 MHz ( period = 3.813 ns )                    ; compteur[6]  ; compteur[18] ; clk_50M    ; clk_50M  ; None                        ; None                      ; 3.594 ns                ;
; N/A                                     ; 262.33 MHz ( period = 3.812 ns )                    ; compteur[13] ; compteur[19] ; clk_50M    ; clk_50M  ; None                        ; None                      ; 3.603 ns                ;
; N/A                                     ; 262.33 MHz ( period = 3.812 ns )                    ; compteur[0]  ; compteur[18] ; clk_50M    ; clk_50M  ; None                        ; None                      ; 3.598 ns                ;
; N/A                                     ; 262.40 MHz ( period = 3.811 ns )                    ; compteur[13] ; compteur[23] ; clk_50M    ; clk_50M  ; None                        ; None                      ; 3.602 ns                ;
; N/A                                     ; 262.40 MHz ( period = 3.811 ns )                    ; compteur[13] ; compteur[17] ; clk_50M    ; clk_50M  ; None                        ; None                      ; 3.602 ns                ;
; N/A                                     ; 262.40 MHz ( period = 3.811 ns )                    ; compteur[13] ; compteur[21] ; clk_50M    ; clk_50M  ; None                        ; None                      ; 3.602 ns                ;
; N/A                                     ; 262.47 MHz ( period = 3.810 ns )                    ; compteur[13] ; compteur[24] ; clk_50M    ; clk_50M  ; None                        ; None                      ; 3.601 ns                ;
; N/A                                     ; 262.54 MHz ( period = 3.809 ns )                    ; compteur[13] ; compteur[25] ; clk_50M    ; clk_50M  ; None                        ; None                      ; 3.600 ns                ;
; N/A                                     ; 262.54 MHz ( period = 3.809 ns )                    ; compteur[13] ; compteur[22] ; clk_50M    ; clk_50M  ; None                        ; None                      ; 3.600 ns                ;
; N/A                                     ; 262.54 MHz ( period = 3.809 ns )                    ; compteur[6]  ; compteur[11] ; clk_50M    ; clk_50M  ; None                        ; None                      ; 3.590 ns                ;
; N/A                                     ; 262.61 MHz ( period = 3.808 ns )                    ; compteur[22] ; compteur[15] ; clk_50M    ; clk_50M  ; None                        ; None                      ; 3.589 ns                ;
; N/A                                     ; 262.67 MHz ( period = 3.807 ns )                    ; compteur[22] ; compteur[0]  ; clk_50M    ; clk_50M  ; None                        ; None                      ; 3.588 ns                ;
; N/A                                     ; 262.81 MHz ( period = 3.805 ns )                    ; compteur[6]  ; compteur[13] ; clk_50M    ; clk_50M  ; None                        ; None                      ; 3.586 ns                ;
; N/A                                     ; 262.88 MHz ( period = 3.804 ns )                    ; compteur[10] ; compteur[27] ; clk_50M    ; clk_50M  ; None                        ; None                      ; 3.590 ns                ;
; N/A                                     ; 263.44 MHz ( period = 3.796 ns )                    ; compteur[1]  ; compteur[19] ; clk_50M    ; clk_50M  ; None                        ; None                      ; 3.587 ns                ;
; N/A                                     ; 263.92 MHz ( period = 3.789 ns )                    ; compteur[21] ; compteur[6]  ; clk_50M    ; clk_50M  ; None                        ; None                      ; 3.575 ns                ;
; N/A                                     ; 263.99 MHz ( period = 3.788 ns )                    ; compteur[21] ; compteur[7]  ; clk_50M    ; clk_50M  ; None                        ; None                      ; 3.574 ns                ;
; N/A                                     ; 264.13 MHz ( period = 3.786 ns )                    ; compteur[21] ; compteur[8]  ; clk_50M    ; clk_50M  ; None                        ; None                      ; 3.572 ns                ;
; N/A                                     ; 264.20 MHz ( period = 3.785 ns )                    ; compteur[21] ; compteur[20] ; clk_50M    ; clk_50M  ; None                        ; None                      ; 3.571 ns                ;
; N/A                                     ; 264.20 MHz ( period = 3.785 ns )                    ; compteur[21] ; compteur[12] ; clk_50M    ; clk_50M  ; None                        ; None                      ; 3.571 ns                ;
; N/A                                     ; 264.34 MHz ( period = 3.783 ns )                    ; compteur[21] ; compteur[19] ; clk_50M    ; clk_50M  ; None                        ; None                      ; 3.569 ns                ;
; N/A                                     ; 264.41 MHz ( period = 3.782 ns )                    ; compteur[21] ; compteur[23] ; clk_50M    ; clk_50M  ; None                        ; None                      ; 3.568 ns                ;
; N/A                                     ; 264.41 MHz ( period = 3.782 ns )                    ; compteur[21] ; compteur[17] ; clk_50M    ; clk_50M  ; None                        ; None                      ; 3.568 ns                ;
; N/A                                     ; 264.41 MHz ( period = 3.782 ns )                    ; compteur[21] ; compteur[21] ; clk_50M    ; clk_50M  ; None                        ; None                      ; 3.568 ns                ;
; N/A                                     ; 264.48 MHz ( period = 3.781 ns )                    ; compteur[21] ; compteur[24] ; clk_50M    ; clk_50M  ; None                        ; None                      ; 3.567 ns                ;
; N/A                                     ; 264.55 MHz ( period = 3.780 ns )                    ; compteur[21] ; compteur[25] ; clk_50M    ; clk_50M  ; None                        ; None                      ; 3.566 ns                ;
; N/A                                     ; 264.55 MHz ( period = 3.780 ns )                    ; compteur[21] ; compteur[22] ; clk_50M    ; clk_50M  ; None                        ; None                      ; 3.566 ns                ;
; N/A                                     ; 264.76 MHz ( period = 3.777 ns )                    ; compteur[4]  ; compteur[24] ; clk_50M    ; clk_50M  ; None                        ; None                      ; 3.569 ns                ;
; N/A                                     ; 264.97 MHz ( period = 3.774 ns )                    ; compteur[2]  ; compteur[23] ; clk_50M    ; clk_50M  ; None                        ; None                      ; 3.565 ns                ;
; N/A                                     ; 265.18 MHz ( period = 3.771 ns )                    ; compteur[7]  ; compteur[15] ; clk_50M    ; clk_50M  ; None                        ; None                      ; 3.552 ns                ;
; N/A                                     ; 265.18 MHz ( period = 3.771 ns )                    ; compteur[0]  ; compteur[21] ; clk_50M    ; clk_50M  ; None                        ; None                      ; 3.562 ns                ;
; N/A                                     ; 265.25 MHz ( period = 3.770 ns )                    ; compteur[7]  ; compteur[0]  ; clk_50M    ; clk_50M  ; None                        ; None                      ; 3.551 ns                ;
; N/A                                     ; 265.53 MHz ( period = 3.766 ns )                    ; compteur[9]  ; compteur[25] ; clk_50M    ; clk_50M  ; None                        ; None                      ; 3.553 ns                ;
; N/A                                     ; 266.03 MHz ( period = 3.759 ns )                    ; compteur[22] ; compteur[16] ; clk_50M    ; clk_50M  ; None                        ; None                      ; 3.545 ns                ;
; N/A                                     ; 266.10 MHz ( period = 3.758 ns )                    ; compteur[22] ; compteur[26] ; clk_50M    ; clk_50M  ; None                        ; None                      ; 3.544 ns                ;
; N/A                                     ; 266.24 MHz ( period = 3.756 ns )                    ; compteur[2]  ; compteur[19] ; clk_50M    ; clk_50M  ; None                        ; None                      ; 3.547 ns                ;
; N/A                                     ; 266.31 MHz ( period = 3.755 ns )                    ; compteur[10] ; compteur[15] ; clk_50M    ; clk_50M  ; None                        ; None                      ; 3.537 ns                ;
; N/A                                     ; 266.38 MHz ( period = 3.754 ns )                    ; compteur[10] ; compteur[0]  ; clk_50M    ; clk_50M  ; None                        ; None                      ; 3.536 ns                ;
; Timing analysis restricted to 200 rows. ; To change the limit use Settings (Assignments menu) ;              ;              ;            ;          ;                             ;                           ;                         ;
+-----------------------------------------+-----------------------------------------------------+--------------+--------------+------------+----------+-----------------------------+---------------------------+-------------------------+


+---------------------------------------------------------------------+
; tco                                                                 ;
+-------+--------------+------------+------------+-------+------------+
; Slack ; Required tco ; Actual tco ; From       ; To    ; From Clock ;
+-------+--------------+------------+------------+-------+------------+
; N/A   ; None         ; 7.748 ns   ; clk_1prime ; clk_1 ; clk_50M    ;
+-------+--------------+------------+------------+-------+------------+


+--------------------------+
; Timing Analyzer Messages ;
+--------------------------+
Info: *******************************************************************
Info: Running Quartus II Classic Timing Analyzer
    Info: Version 9.0 Build 235 06/17/2009 Service Pack 2 SJ Web Edition
    Info: Processing started: Thu Sep 07 08:28:44 2023
Info: Command: quartus_tan --read_settings_files=off --write_settings_files=off divfreq -c divfreq --timing_analysis_only
Warning: Found pins functioning as undefined clocks and/or memory enables
    Info: Assuming node "clk_50M" is an undefined clock
Info: Clock "clk_50M" has Internal fmax of 219.97 MHz between source register "compteur[0]" and destination register "compteur[29]" (period= 4.546 ns)
    Info: + Longest register to register delay is 4.336 ns
        Info: 1: + IC(0.000 ns) + CELL(0.000 ns) = 0.000 ns; Loc. = LCFF_X48_Y24_N25; Fanout = 3; REG Node = 'compteur[0]'
        Info: 2: + IC(0.507 ns) + CELL(0.393 ns) = 0.900 ns; Loc. = LCCOMB_X47_Y24_N0; Fanout = 2; COMB Node = 'Add0~1'
        Info: 3: + IC(0.000 ns) + CELL(0.071 ns) = 0.971 ns; Loc. = LCCOMB_X47_Y24_N2; Fanout = 2; COMB Node = 'Add0~3'
        Info: 4: + IC(0.000 ns) + CELL(0.071 ns) = 1.042 ns; Loc. = LCCOMB_X47_Y24_N4; Fanout = 2; COMB Node = 'Add0~5'
        Info: 5: + IC(0.000 ns) + CELL(0.071 ns) = 1.113 ns; Loc. = LCCOMB_X47_Y24_N6; Fanout = 2; COMB Node = 'Add0~7'
        Info: 6: + IC(0.000 ns) + CELL(0.071 ns) = 1.184 ns; Loc. = LCCOMB_X47_Y24_N8; Fanout = 2; COMB Node = 'Add0~9'
        Info: 7: + IC(0.000 ns) + CELL(0.071 ns) = 1.255 ns; Loc. = LCCOMB_X47_Y24_N10; Fanout = 2; COMB Node = 'Add0~11'
        Info: 8: + IC(0.000 ns) + CELL(0.071 ns) = 1.326 ns; Loc. = LCCOMB_X47_Y24_N12; Fanout = 2; COMB Node = 'Add0~13'
        Info: 9: + IC(0.000 ns) + CELL(0.159 ns) = 1.485 ns; Loc. = LCCOMB_X47_Y24_N14; Fanout = 2; COMB Node = 'Add0~15'
        Info: 10: + IC(0.000 ns) + CELL(0.071 ns) = 1.556 ns; Loc. = LCCOMB_X47_Y24_N16; Fanout = 2; COMB Node = 'Add0~17'
        Info: 11: + IC(0.000 ns) + CELL(0.071 ns) = 1.627 ns; Loc. = LCCOMB_X47_Y24_N18; Fanout = 2; COMB Node = 'Add0~19'
        Info: 12: + IC(0.000 ns) + CELL(0.071 ns) = 1.698 ns; Loc. = LCCOMB_X47_Y24_N20; Fanout = 2; COMB Node = 'Add0~21'
        Info: 13: + IC(0.000 ns) + CELL(0.071 ns) = 1.769 ns; Loc. = LCCOMB_X47_Y24_N22; Fanout = 2; COMB Node = 'Add0~23'
        Info: 14: + IC(0.000 ns) + CELL(0.071 ns) = 1.840 ns; Loc. = LCCOMB_X47_Y24_N24; Fanout = 2; COMB Node = 'Add0~25'
        Info: 15: + IC(0.000 ns) + CELL(0.071 ns) = 1.911 ns; Loc. = LCCOMB_X47_Y24_N26; Fanout = 2; COMB Node = 'Add0~27'
        Info: 16: + IC(0.000 ns) + CELL(0.071 ns) = 1.982 ns; Loc. = LCCOMB_X47_Y24_N28; Fanout = 2; COMB Node = 'Add0~29'
        Info: 17: + IC(0.000 ns) + CELL(0.146 ns) = 2.128 ns; Loc. = LCCOMB_X47_Y24_N30; Fanout = 2; COMB Node = 'Add0~31'
        Info: 18: + IC(0.000 ns) + CELL(0.071 ns) = 2.199 ns; Loc. = LCCOMB_X47_Y23_N0; Fanout = 2; COMB Node = 'Add0~33'
        Info: 19: + IC(0.000 ns) + CELL(0.071 ns) = 2.270 ns; Loc. = LCCOMB_X47_Y23_N2; Fanout = 2; COMB Node = 'Add0~35'
        Info: 20: + IC(0.000 ns) + CELL(0.071 ns) = 2.341 ns; Loc. = LCCOMB_X47_Y23_N4; Fanout = 2; COMB Node = 'Add0~37'
        Info: 21: + IC(0.000 ns) + CELL(0.071 ns) = 2.412 ns; Loc. = LCCOMB_X47_Y23_N6; Fanout = 2; COMB Node = 'Add0~39'
        Info: 22: + IC(0.000 ns) + CELL(0.071 ns) = 2.483 ns; Loc. = LCCOMB_X47_Y23_N8; Fanout = 2; COMB Node = 'Add0~41'
        Info: 23: + IC(0.000 ns) + CELL(0.071 ns) = 2.554 ns; Loc. = LCCOMB_X47_Y23_N10; Fanout = 2; COMB Node = 'Add0~43'
        Info: 24: + IC(0.000 ns) + CELL(0.071 ns) = 2.625 ns; Loc. = LCCOMB_X47_Y23_N12; Fanout = 2; COMB Node = 'Add0~45'
        Info: 25: + IC(0.000 ns) + CELL(0.159 ns) = 2.784 ns; Loc. = LCCOMB_X47_Y23_N14; Fanout = 2; COMB Node = 'Add0~47'
        Info: 26: + IC(0.000 ns) + CELL(0.071 ns) = 2.855 ns; Loc. = LCCOMB_X47_Y23_N16; Fanout = 2; COMB Node = 'Add0~49'
        Info: 27: + IC(0.000 ns) + CELL(0.071 ns) = 2.926 ns; Loc. = LCCOMB_X47_Y23_N18; Fanout = 2; COMB Node = 'Add0~51'
        Info: 28: + IC(0.000 ns) + CELL(0.071 ns) = 2.997 ns; Loc. = LCCOMB_X47_Y23_N20; Fanout = 2; COMB Node = 'Add0~53'
        Info: 29: + IC(0.000 ns) + CELL(0.071 ns) = 3.068 ns; Loc. = LCCOMB_X47_Y23_N22; Fanout = 2; COMB Node = 'Add0~55'
        Info: 30: + IC(0.000 ns) + CELL(0.071 ns) = 3.139 ns; Loc. = LCCOMB_X47_Y23_N24; Fanout = 2; COMB Node = 'Add0~57'
        Info: 31: + IC(0.000 ns) + CELL(0.410 ns) = 3.549 ns; Loc. = LCCOMB_X47_Y23_N26; Fanout = 1; COMB Node = 'Add0~58'
        Info: 32: + IC(0.432 ns) + CELL(0.271 ns) = 4.252 ns; Loc. = LCCOMB_X46_Y23_N18; Fanout = 1; COMB Node = 'Add0~63'
        Info: 33: + IC(0.000 ns) + CELL(0.084 ns) = 4.336 ns; Loc. = LCFF_X46_Y23_N19; Fanout = 3; REG Node = 'compteur[29]'
        Info: Total cell delay = 3.397 ns ( 78.34 % )
        Info: Total interconnect delay = 0.939 ns ( 21.66 % )
    Info: - Smallest clock skew is 0.004 ns
        Info: + Shortest clock path from clock "clk_50M" to destination register is 2.673 ns
            Info: 1: + IC(0.000 ns) + CELL(0.999 ns) = 0.999 ns; Loc. = PIN_N2; Fanout = 1; CLK Node = 'clk_50M'
            Info: 2: + IC(0.118 ns) + CELL(0.000 ns) = 1.117 ns; Loc. = CLKCTRL_G2; Fanout = 33; COMB Node = 'clk_50M~clkctrl'
            Info: 3: + IC(1.019 ns) + CELL(0.537 ns) = 2.673 ns; Loc. = LCFF_X46_Y23_N19; Fanout = 3; REG Node = 'compteur[29]'
            Info: Total cell delay = 1.536 ns ( 57.46 % )
            Info: Total interconnect delay = 1.137 ns ( 42.54 % )
        Info: - Longest clock path from clock "clk_50M" to source register is 2.669 ns
            Info: 1: + IC(0.000 ns) + CELL(0.999 ns) = 0.999 ns; Loc. = PIN_N2; Fanout = 1; CLK Node = 'clk_50M'
            Info: 2: + IC(0.118 ns) + CELL(0.000 ns) = 1.117 ns; Loc. = CLKCTRL_G2; Fanout = 33; COMB Node = 'clk_50M~clkctrl'
            Info: 3: + IC(1.015 ns) + CELL(0.537 ns) = 2.669 ns; Loc. = LCFF_X48_Y24_N25; Fanout = 3; REG Node = 'compteur[0]'
            Info: Total cell delay = 1.536 ns ( 57.55 % )
            Info: Total interconnect delay = 1.133 ns ( 42.45 % )
    Info: + Micro clock to output delay of source is 0.250 ns
    Info: + Micro setup delay of destination is -0.036 ns
Info: tco from clock "clk_50M" to destination pin "clk_1" through register "clk_1prime" is 7.748 ns
    Info: + Longest clock path from clock "clk_50M" to source register is 2.669 ns
        Info: 1: + IC(0.000 ns) + CELL(0.999 ns) = 0.999 ns; Loc. = PIN_N2; Fanout = 1; CLK Node = 'clk_50M'
        Info: 2: + IC(0.118 ns) + CELL(0.000 ns) = 1.117 ns; Loc. = CLKCTRL_G2; Fanout = 33; COMB Node = 'clk_50M~clkctrl'
        Info: 3: + IC(1.015 ns) + CELL(0.537 ns) = 2.669 ns; Loc. = LCFF_X48_Y24_N9; Fanout = 2; REG Node = 'clk_1prime'
        Info: Total cell delay = 1.536 ns ( 57.55 % )
        Info: Total interconnect delay = 1.133 ns ( 42.45 % )
    Info: + Micro clock to output delay of source is 0.250 ns
    Info: + Longest register to pin delay is 4.829 ns
        Info: 1: + IC(0.000 ns) + CELL(0.000 ns) = 0.000 ns; Loc. = LCFF_X48_Y24_N9; Fanout = 2; REG Node = 'clk_1prime'
        Info: 2: + IC(2.011 ns) + CELL(2.818 ns) = 4.829 ns; Loc. = PIN_AE23; Fanout = 0; PIN Node = 'clk_1'
        Info: Total cell delay = 2.818 ns ( 58.36 % )
        Info: Total interconnect delay = 2.011 ns ( 41.64 % )
Info: Quartus II Classic Timing Analyzer was successful. 0 errors, 1 warning
    Info: Peak virtual memory: 173 megabytes
    Info: Processing ended: Thu Sep 07 08:28:44 2023
    Info: Elapsed time: 00:00:00
    Info: Total CPU time (on all processors): 00:00:00


