Info: Starting: Create block symbol file (.bsf)
Info: qsys-generate C:\Users\myhaj\OneDrive\Bureau\hafsa\hafsa_sopc.qsys --block-symbol-file --output-directory=C:\Users\myhaj\OneDrive\Bureau\hafsa\hafsa_sopc --family="Cyclone IV E" --part=EP4CE22F17C6
Progress: Loading hafsa/hafsa_sopc.qsys
Progress: Reading input file
Progress: Adding boutons [altera_avalon_pio 18.1]
Progress: Parameterizing module boutons
Progress: Adding clk_0 [clock_source 18.1]
Progress: Parameterizing module clk_0
Progress: Adding cpu [altera_nios2_gen2 18.1]
Progress: Parameterizing module cpu
Progress: Adding jtag_uart_0 [altera_avalon_jtag_uart 18.1]
Progress: Parameterizing module jtag_uart_0
Progress: Adding leds [altera_avalon_pio 18.1]
Progress: Parameterizing module leds
Progress: Adding memoire [altera_avalon_onchip_memory2 18.1]
Progress: Parameterizing module memoire
Progress: Adding sysid_qsys_0 [altera_avalon_sysid_qsys 18.1]
Progress: Parameterizing module sysid_qsys_0
Progress: Building connections
Progress: Parameterizing connections
Progress: Validating
Progress: Done reading input file
Info: hafsa_sopc.boutons: PIO inputs are not hardwired in test bench. Undefined values will be read from PIO inputs during simulation.
Info: hafsa_sopc.jtag_uart_0: JTAG UART IP input clock need to be at least double (2x) the operating frequency of JTAG TCK on board
Info: hafsa_sopc.sysid_qsys_0: System ID is not assigned automatically. Edit the System ID parameter to provide a unique ID
Info: hafsa_sopc.sysid_qsys_0: Time stamp will be automatically updated when this component is generated.
Info: qsys-generate succeeded.
Info: Finished: Create block symbol file (.bsf)
Info: 
Info: Starting: Create HDL design files for synthesis
Info: qsys-generate C:\Users\myhaj\OneDrive\Bureau\hafsa\hafsa_sopc.qsys --synthesis=VHDL --output-directory=C:\Users\myhaj\OneDrive\Bureau\hafsa\hafsa_sopc\synthesis --family="Cyclone IV E" --part=EP4CE22F17C6
Progress: Loading hafsa/hafsa_sopc.qsys
Progress: Reading input file
Progress: Adding boutons [altera_avalon_pio 18.1]
Progress: Parameterizing module boutons
Progress: Adding clk_0 [clock_source 18.1]
Progress: Parameterizing module clk_0
Progress: Adding cpu [altera_nios2_gen2 18.1]
Progress: Parameterizing module cpu
Progress: Adding jtag_uart_0 [altera_avalon_jtag_uart 18.1]
Progress: Parameterizing module jtag_uart_0
Progress: Adding leds [altera_avalon_pio 18.1]
Progress: Parameterizing module leds
Progress: Adding memoire [altera_avalon_onchip_memory2 18.1]
Progress: Parameterizing module memoire
Progress: Adding sysid_qsys_0 [altera_avalon_sysid_qsys 18.1]
Progress: Parameterizing module sysid_qsys_0
Progress: Building connections
Progress: Parameterizing connections
Progress: Validating
Progress: Done reading input file
Info: hafsa_sopc.boutons: PIO inputs are not hardwired in test bench. Undefined values will be read from PIO inputs during simulation.
Info: hafsa_sopc.jtag_uart_0: JTAG UART IP input clock need to be at least double (2x) the operating frequency of JTAG TCK on board
Info: hafsa_sopc.sysid_qsys_0: System ID is not assigned automatically. Edit the System ID parameter to provide a unique ID
Info: hafsa_sopc.sysid_qsys_0: Time stamp will be automatically updated when this component is generated.
Info: hafsa_sopc: Generating hafsa_sopc "hafsa_sopc" for QUARTUS_SYNTH
Info: boutons: Starting RTL generation for module 'hafsa_sopc_boutons'
Info: boutons:   Generation command is [exec D:/intelfpga_lite/18.1/quartus/bin64/perl/bin/perl.exe -I D:/intelfpga_lite/18.1/quartus/bin64/perl/lib -I D:/intelfpga_lite/18.1/quartus/sopc_builder/bin/europa -I D:/intelfpga_lite/18.1/quartus/sopc_builder/bin/perl_lib -I D:/intelfpga_lite/18.1/quartus/sopc_builder/bin -I D:/intelfpga_lite/18.1/quartus/../ip/altera/sopc_builder_ip/common -I D:/intelfpga_lite/18.1/quartus/../ip/altera/sopc_builder_ip/altera_avalon_pio -- D:/intelfpga_lite/18.1/quartus/../ip/altera/sopc_builder_ip/altera_avalon_pio/generate_rtl.pl --name=hafsa_sopc_boutons --dir=C:/Users/myhaj/AppData/Local/Temp/alt9667_5830050817991259357.dir/0002_boutons_gen/ --quartus_dir=D:/intelfpga_lite/18.1/quartus --verilog --config=C:/Users/myhaj/AppData/Local/Temp/alt9667_5830050817991259357.dir/0002_boutons_gen//hafsa_sopc_boutons_component_configuration.pl  --do_build_sim=0  ]
Info: boutons: Done RTL generation for module 'hafsa_sopc_boutons'
Info: boutons: "hafsa_sopc" instantiated altera_avalon_pio "boutons"
Info: cpu: "hafsa_sopc" instantiated altera_nios2_gen2 "cpu"
Info: jtag_uart_0: Starting RTL generation for module 'hafsa_sopc_jtag_uart_0'
Info: jtag_uart_0:   Generation command is [exec D:/intelfpga_lite/18.1/quartus/bin64/perl/bin/perl.exe -I D:/intelfpga_lite/18.1/quartus/bin64/perl/lib -I D:/intelfpga_lite/18.1/quartus/sopc_builder/bin/europa -I D:/intelfpga_lite/18.1/quartus/sopc_builder/bin/perl_lib -I D:/intelfpga_lite/18.1/quartus/sopc_builder/bin -I D:/intelfpga_lite/18.1/quartus/../ip/altera/sopc_builder_ip/common -I D:/intelfpga_lite/18.1/quartus/../ip/altera/sopc_builder_ip/altera_avalon_jtag_uart -- D:/intelfpga_lite/18.1/quartus/../ip/altera/sopc_builder_ip/altera_avalon_jtag_uart/generate_rtl.pl --name=hafsa_sopc_jtag_uart_0 --dir=C:/Users/myhaj/AppData/Local/Temp/alt9667_5830050817991259357.dir/0003_jtag_uart_0_gen/ --quartus_dir=D:/intelfpga_lite/18.1/quartus --verilog --config=C:/Users/myhaj/AppData/Local/Temp/alt9667_5830050817991259357.dir/0003_jtag_uart_0_gen//hafsa_sopc_jtag_uart_0_component_configuration.pl  --do_build_sim=0  ]
Info: jtag_uart_0: Done RTL generation for module 'hafsa_sopc_jtag_uart_0'
Info: jtag_uart_0: "hafsa_sopc" instantiated altera_avalon_jtag_uart "jtag_uart_0"
Info: leds: Starting RTL generation for module 'hafsa_sopc_leds'
Info: leds:   Generation command is [exec D:/intelfpga_lite/18.1/quartus/bin64/perl/bin/perl.exe -I D:/intelfpga_lite/18.1/quartus/bin64/perl/lib -I D:/intelfpga_lite/18.1/quartus/sopc_builder/bin/europa -I D:/intelfpga_lite/18.1/quartus/sopc_builder/bin/perl_lib -I D:/intelfpga_lite/18.1/quartus/sopc_builder/bin -I D:/intelfpga_lite/18.1/quartus/../ip/altera/sopc_builder_ip/common -I D:/intelfpga_lite/18.1/quartus/../ip/altera/sopc_builder_ip/altera_avalon_pio -- D:/intelfpga_lite/18.1/quartus/../ip/altera/sopc_builder_ip/altera_avalon_pio/generate_rtl.pl --name=hafsa_sopc_leds --dir=C:/Users/myhaj/AppData/Local/Temp/alt9667_5830050817991259357.dir/0004_leds_gen/ --quartus_dir=D:/intelfpga_lite/18.1/quartus --verilog --config=C:/Users/myhaj/AppData/Local/Temp/alt9667_5830050817991259357.dir/0004_leds_gen//hafsa_sopc_leds_component_configuration.pl  --do_build_sim=0  ]
Info: leds: Done RTL generation for module 'hafsa_sopc_leds'
Info: leds: "hafsa_sopc" instantiated altera_avalon_pio "leds"
Info: memoire: Starting RTL generation for module 'hafsa_sopc_memoire'
Info: memoire:   Generation command is [exec D:/intelfpga_lite/18.1/quartus/bin64/perl/bin/perl.exe -I D:/intelfpga_lite/18.1/quartus/bin64/perl/lib -I D:/intelfpga_lite/18.1/quartus/sopc_builder/bin/europa -I D:/intelfpga_lite/18.1/quartus/sopc_builder/bin/perl_lib -I D:/intelfpga_lite/18.1/quartus/sopc_builder/bin -I D:/intelfpga_lite/18.1/quartus/../ip/altera/sopc_builder_ip/common -I D:/intelfpga_lite/18.1/quartus/../ip/altera/sopc_builder_ip/altera_avalon_onchip_memory2 -- D:/intelfpga_lite/18.1/quartus/../ip/altera/sopc_builder_ip/altera_avalon_onchip_memory2/generate_rtl.pl --name=hafsa_sopc_memoire --dir=C:/Users/myhaj/AppData/Local/Temp/alt9667_5830050817991259357.dir/0005_memoire_gen/ --quartus_dir=D:/intelfpga_lite/18.1/quartus --verilog --config=C:/Users/myhaj/AppData/Local/Temp/alt9667_5830050817991259357.dir/0005_memoire_gen//hafsa_sopc_memoire_component_configuration.pl  --do_build_sim=0  ]
Info: memoire: Done RTL generation for module 'hafsa_sopc_memoire'
Info: memoire: "hafsa_sopc" instantiated altera_avalon_onchip_memory2 "memoire"
Info: sysid_qsys_0: "hafsa_sopc" instantiated altera_avalon_sysid_qsys "sysid_qsys_0"
Info: avalon_st_adapter: Inserting error_adapter: error_adapter_0
Info: avalon_st_adapter_001: Inserting error_adapter: error_adapter_0
Info: avalon_st_adapter_002: Inserting error_adapter: error_adapter_0
Info: avalon_st_adapter_003: Inserting error_adapter: error_adapter_0
Info: avalon_st_adapter_004: Inserting error_adapter: error_adapter_0
Info: avalon_st_adapter_005: Inserting error_adapter: error_adapter_0
Info: mm_interconnect_0: "hafsa_sopc" instantiated altera_mm_interconnect "mm_interconnect_0"
Info: irq_mapper: "hafsa_sopc" instantiated altera_irq_mapper "irq_mapper"
Info: rst_controller: "hafsa_sopc" instantiated altera_reset_controller "rst_controller"
Info: cpu: Starting RTL generation for module 'hafsa_sopc_cpu_cpu'
Info: cpu:   Generation command is [exec D:/intelFPGA_lite/18.1/quartus/bin64//eperlcmd.exe -I D:/intelFPGA_lite/18.1/quartus/bin64//perl/lib -I D:/intelfpga_lite/18.1/quartus/sopc_builder/bin/europa -I D:/intelfpga_lite/18.1/quartus/sopc_builder/bin/perl_lib -I D:/intelfpga_lite/18.1/quartus/sopc_builder/bin -I D:/intelfpga_lite/18.1/quartus/../ip/altera/nios2_ip/altera_nios2_gen2/cpu_lib -I D:/intelfpga_lite/18.1/quartus/../ip/altera/nios2_ip/altera_nios2_gen2/nios_lib -I D:/intelfpga_lite/18.1/quartus/../ip/altera/nios2_ip/altera_nios2_gen2 -I D:/intelfpga_lite/18.1/quartus/../ip/altera/nios2_ip/altera_nios2_gen2 -- D:/intelfpga_lite/18.1/quartus/../ip/altera/nios2_ip/altera_nios2_gen2/generate_rtl.epl --name=hafsa_sopc_cpu_cpu --dir=C:/Users/myhaj/AppData/Local/Temp/alt9667_5830050817991259357.dir/0009_cpu_gen/ --quartus_bindir=D:/intelFPGA_lite/18.1/quartus/bin64/ --verilog --config=C:/Users/myhaj/AppData/Local/Temp/alt9667_5830050817991259357.dir/0009_cpu_gen//hafsa_sopc_cpu_cpu_processor_configuration.pl  --do_build_sim=0  ]
Info: cpu: # 2023.11.06 16:35:18 (*) Starting Nios II generation
Info: cpu: # 2023.11.06 16:35:18 (*)   Checking for plaintext license.
Info: cpu: # 2023.11.06 16:35:25 (*)   Couldn't query license setup in Quartus directory D:/intelFPGA_lite/18.1/quartus/bin64/
Info: cpu: # 2023.11.06 16:35:25 (*)   Defaulting to contents of LM_LICENSE_FILE environment variable
Info: cpu: # 2023.11.06 16:35:25 (*)   LM_LICENSE_FILE environment variable is empty
Info: cpu: # 2023.11.06 16:35:25 (*)   Plaintext license not found.
Info: cpu: # 2023.11.06 16:35:25 (*)   No license required to generate encrypted Nios II/e.
Info: cpu: # 2023.11.06 16:35:25 (*)   Elaborating CPU configuration settings
Info: cpu: # 2023.11.06 16:35:25 (*)   Creating all objects for CPU
Info: cpu: # 2023.11.06 16:35:27 (*)   Generating RTL from CPU objects
Info: cpu: # 2023.11.06 16:35:27 (*)   Creating plain-text RTL
Info: cpu: # 2023.11.06 16:35:28 (*) Done Nios II generation
Info: cpu: Done RTL generation for module 'hafsa_sopc_cpu_cpu'
Info: cpu: "cpu" instantiated altera_nios2_gen2_unit "cpu"
Info: cpu_data_master_translator: "mm_interconnect_0" instantiated altera_merlin_master_translator "cpu_data_master_translator"
Info: jtag_uart_0_avalon_jtag_slave_translator: "mm_interconnect_0" instantiated altera_merlin_slave_translator "jtag_uart_0_avalon_jtag_slave_translator"
Info: cpu_data_master_agent: "mm_interconnect_0" instantiated altera_merlin_master_agent "cpu_data_master_agent"
Info: jtag_uart_0_avalon_jtag_slave_agent: "mm_interconnect_0" instantiated altera_merlin_slave_agent "jtag_uart_0_avalon_jtag_slave_agent"
Info: jtag_uart_0_avalon_jtag_slave_agent_rsp_fifo: "mm_interconnect_0" instantiated altera_avalon_sc_fifo "jtag_uart_0_avalon_jtag_slave_agent_rsp_fifo"
Info: router: "mm_interconnect_0" instantiated altera_merlin_router "router"
Info: router_002: "mm_interconnect_0" instantiated altera_merlin_router "router_002"
Info: cmd_demux: "mm_interconnect_0" instantiated altera_merlin_demultiplexer "cmd_demux"
Info: cmd_mux: "mm_interconnect_0" instantiated altera_merlin_multiplexer "cmd_mux"
Info: rsp_demux: "mm_interconnect_0" instantiated altera_merlin_demultiplexer "rsp_demux"
Info: rsp_mux: "mm_interconnect_0" instantiated altera_merlin_multiplexer "rsp_mux"
Info: Reusing file C:/Users/myhaj/OneDrive/Bureau/hafsa/hafsa_sopc/synthesis/submodules/altera_merlin_arbitrator.sv
Info: avalon_st_adapter: "mm_interconnect_0" instantiated altera_avalon_st_adapter "avalon_st_adapter"
Info: error_adapter_0: "avalon_st_adapter" instantiated error_adapter "error_adapter_0"
Info: hafsa_sopc: Done "hafsa_sopc" with 24 modules, 37 files
Info: qsys-generate succeeded.
Info: Finished: Create HDL design files for synthesis
