Classic Timing Analyzer report for pwm
Mon Sep 11 20:59:19 2023
Quartus II Version 9.0 Build 235 06/17/2009 Service Pack 2 SJ Web Edition


---------------------
; Table of Contents ;
---------------------
  1. Legal Notice
  2. Timing Analyzer Summary
  3. Timing Analyzer Settings
  4. Clock Settings Summary
  5. Parallel Compilation
  6. Clock Setup: 'clk'
  7. tsu
  8. tco
  9. th
 10. Timing Analyzer Messages



----------------
; Legal Notice ;
----------------
Copyright (C) 1991-2009 Altera Corporation
Your use of Altera Corporation's design tools, logic functions 
and other software and tools, and its AMPP partner logic 
functions, and any output files from any of the foregoing 
(including device programming or simulation files), and any 
associated documentation or information are expressly subject 
to the terms and conditions of the Altera Program License 
Subscription Agreement, Altera MegaCore Function License 
Agreement, or other applicable license agreement, including, 
without limitation, that your use is for the sole purpose of 
programming logic devices manufactured by Altera and sold by 
Altera or its authorized distributors.  Please refer to the 
applicable agreement for further details.



+------------------------------------------------------------------------------------------------------------------------------------------------------------------------------------------------------+
; Timing Analyzer Summary                                                                                                                                                                              ;
+------------------------------+-------+---------------+----------------------------------+----------------------------------+----------------------------------+------------+----------+--------------+
; Type                         ; Slack ; Required Time ; Actual Time                      ; From                             ; To                               ; From Clock ; To Clock ; Failed Paths ;
+------------------------------+-------+---------------+----------------------------------+----------------------------------+----------------------------------+------------+----------+--------------+
; Worst-case tsu               ; N/A   ; None          ; 6.867 ns                         ; duty[1]                          ; comparateur:comparateur0|pwm_out ; --         ; clk      ; 0            ;
; Worst-case tco               ; N/A   ; None          ; 7.214 ns                         ; comparateur:comparateur0|pwm_out ; pwm_out                          ; clk        ; --       ; 0            ;
; Worst-case th                ; N/A   ; None          ; -0.747 ns                        ; duty[7]                          ; comparateur:comparateur0|pwm_out ; --         ; clk      ; 0            ;
; Clock Setup: 'clk'           ; N/A   ; None          ; 332.78 MHz ( period = 3.005 ns ) ; compteur:compteur0|cmt[1]        ; comparateur:comparateur0|pwm_out ; clk        ; clk      ; 0            ;
; Total number of failed paths ;       ;               ;                                  ;                                  ;                                  ;            ;          ; 0            ;
+------------------------------+-------+---------------+----------------------------------+----------------------------------+----------------------------------+------------+----------+--------------+


+--------------------------------------------------------------------------------------------------------------------+
; Timing Analyzer Settings                                                                                           ;
+---------------------------------------------------------------------+--------------------+------+----+-------------+
; Option                                                              ; Setting            ; From ; To ; Entity Name ;
+---------------------------------------------------------------------+--------------------+------+----+-------------+
; Device Name                                                         ; EP2C35F672C6       ;      ;    ;             ;
; Timing Models                                                       ; Final              ;      ;    ;             ;
; Default hold multicycle                                             ; Same as Multicycle ;      ;    ;             ;
; Cut paths between unrelated clock domains                           ; On                 ;      ;    ;             ;
; Cut off read during write signal paths                              ; On                 ;      ;    ;             ;
; Cut off feedback from I/O pins                                      ; On                 ;      ;    ;             ;
; Report Combined Fast/Slow Timing                                    ; Off                ;      ;    ;             ;
; Ignore Clock Settings                                               ; Off                ;      ;    ;             ;
; Analyze latches as synchronous elements                             ; On                 ;      ;    ;             ;
; Enable Recovery/Removal analysis                                    ; Off                ;      ;    ;             ;
; Enable Clock Latency                                                ; Off                ;      ;    ;             ;
; Use TimeQuest Timing Analyzer                                       ; Off                ;      ;    ;             ;
; Minimum Core Junction Temperature                                   ; 0                  ;      ;    ;             ;
; Maximum Core Junction Temperature                                   ; 85                 ;      ;    ;             ;
; Number of source nodes to report per destination node               ; 10                 ;      ;    ;             ;
; Number of destination nodes to report                               ; 10                 ;      ;    ;             ;
; Number of paths to report                                           ; 200                ;      ;    ;             ;
; Report Minimum Timing Checks                                        ; Off                ;      ;    ;             ;
; Use Fast Timing Models                                              ; Off                ;      ;    ;             ;
; Report IO Paths Separately                                          ; Off                ;      ;    ;             ;
; Perform Multicorner Analysis                                        ; On                 ;      ;    ;             ;
; Reports the worst-case path for each clock domain and analysis      ; Off                ;      ;    ;             ;
; Removes common clock path pessimism (CCPP) during slack computation ; Off                ;      ;    ;             ;
; Output I/O Timing Endpoint                                          ; Near End           ;      ;    ;             ;
+---------------------------------------------------------------------+--------------------+------+----+-------------+


+------------------------------------------------------------------------------------------------------------------------------------------------------------------------------------+
; Clock Settings Summary                                                                                                                                                             ;
+-----------------+--------------------+----------+------------------+---------------+--------------+----------+-----------------------+---------------------+--------+--------------+
; Clock Node Name ; Clock Setting Name ; Type     ; Fmax Requirement ; Early Latency ; Late Latency ; Based on ; Multiply Base Fmax by ; Divide Base Fmax by ; Offset ; Phase offset ;
+-----------------+--------------------+----------+------------------+---------------+--------------+----------+-----------------------+---------------------+--------+--------------+
; clk             ;                    ; User Pin ; None             ; 0.000 ns      ; 0.000 ns     ; --       ; N/A                   ; N/A                 ; N/A    ;              ;
+-----------------+--------------------+----------+------------------+---------------+--------------+----------+-----------------------+---------------------+--------+--------------+


Parallel compilation was disabled, but you have multiple processors available. Enable parallel compilation to reduce compilation time.
+-------------------------------------+
; Parallel Compilation                ;
+----------------------------+--------+
; Processors                 ; Number ;
+----------------------------+--------+
; Number detected on machine ; 2      ;
; Maximum allowed            ; 1      ;
+----------------------------+--------+


+------------------------------------------------------------------------------------------------------------------------------------------------------------------------------------------------------------------------------------------+
; Clock Setup: 'clk'                                                                                                                                                                                                                       ;
+-------+------------------------------------------------+----------------------------------+----------------------------------+------------+----------+-----------------------------+---------------------------+-------------------------+
; Slack ; Actual fmax (period)                           ; From                             ; To                               ; From Clock ; To Clock ; Required Setup Relationship ; Required Longest P2P Time ; Actual Longest P2P Time ;
+-------+------------------------------------------------+----------------------------------+----------------------------------+------------+----------+-----------------------------+---------------------------+-------------------------+
; N/A   ; 332.78 MHz ( period = 3.005 ns )               ; compteur:compteur0|cmt[1]        ; comparateur:comparateur0|pwm_out ; clk        ; clk      ; None                        ; None                      ; 2.784 ns                ;
; N/A   ; 349.41 MHz ( period = 2.862 ns )               ; compteur:compteur0|cmt[0]        ; comparateur:comparateur0|pwm_out ; clk        ; clk      ; None                        ; None                      ; 2.641 ns                ;
; N/A   ; 357.14 MHz ( period = 2.800 ns )               ; compteur:compteur0|cmt[4]        ; comparateur:comparateur0|pwm_out ; clk        ; clk      ; None                        ; None                      ; 2.579 ns                ;
; N/A   ; 367.92 MHz ( period = 2.718 ns )               ; compteur:compteur0|cmt[2]        ; comparateur:comparateur0|pwm_out ; clk        ; clk      ; None                        ; None                      ; 2.497 ns                ;
; N/A   ; 371.06 MHz ( period = 2.695 ns )               ; compteur:compteur0|cmt[3]        ; comparateur:comparateur0|pwm_out ; clk        ; clk      ; None                        ; None                      ; 2.474 ns                ;
; N/A   ; 398.41 MHz ( period = 2.510 ns )               ; compteur:compteur0|cmt[5]        ; comparateur:comparateur0|pwm_out ; clk        ; clk      ; None                        ; None                      ; 2.289 ns                ;
; N/A   ; 400.64 MHz ( period = 2.496 ns )               ; compteur:compteur0|cmt[0]        ; compteur:compteur0|cmt[7]        ; clk        ; clk      ; None                        ; None                      ; 2.282 ns                ;
; N/A   ; 400.64 MHz ( period = 2.496 ns )               ; compteur:compteur0|cmt[0]        ; compteur:compteur0|cmt[6]        ; clk        ; clk      ; None                        ; None                      ; 2.282 ns                ;
; N/A   ; 400.64 MHz ( period = 2.496 ns )               ; compteur:compteur0|cmt[0]        ; compteur:compteur0|cmt[5]        ; clk        ; clk      ; None                        ; None                      ; 2.282 ns                ;
; N/A   ; 400.64 MHz ( period = 2.496 ns )               ; compteur:compteur0|cmt[0]        ; compteur:compteur0|cmt[4]        ; clk        ; clk      ; None                        ; None                      ; 2.282 ns                ;
; N/A   ; 400.64 MHz ( period = 2.496 ns )               ; compteur:compteur0|cmt[0]        ; compteur:compteur0|cmt[3]        ; clk        ; clk      ; None                        ; None                      ; 2.282 ns                ;
; N/A   ; 400.64 MHz ( period = 2.496 ns )               ; compteur:compteur0|cmt[0]        ; compteur:compteur0|cmt[2]        ; clk        ; clk      ; None                        ; None                      ; 2.282 ns                ;
; N/A   ; 400.64 MHz ( period = 2.496 ns )               ; compteur:compteur0|cmt[0]        ; compteur:compteur0|cmt[1]        ; clk        ; clk      ; None                        ; None                      ; 2.282 ns                ;
; N/A   ; 400.64 MHz ( period = 2.496 ns )               ; compteur:compteur0|cmt[0]        ; compteur:compteur0|cmt[0]        ; clk        ; clk      ; None                        ; None                      ; 2.282 ns                ;
; N/A   ; 409.17 MHz ( period = 2.444 ns )               ; compteur:compteur0|cmt[6]        ; comparateur:comparateur0|pwm_out ; clk        ; clk      ; None                        ; None                      ; 2.223 ns                ;
; N/A   ; 412.37 MHz ( period = 2.425 ns )               ; compteur:compteur0|cmt[1]        ; compteur:compteur0|cmt[7]        ; clk        ; clk      ; None                        ; None                      ; 2.211 ns                ;
; N/A   ; 412.37 MHz ( period = 2.425 ns )               ; compteur:compteur0|cmt[1]        ; compteur:compteur0|cmt[6]        ; clk        ; clk      ; None                        ; None                      ; 2.211 ns                ;
; N/A   ; 412.37 MHz ( period = 2.425 ns )               ; compteur:compteur0|cmt[1]        ; compteur:compteur0|cmt[5]        ; clk        ; clk      ; None                        ; None                      ; 2.211 ns                ;
; N/A   ; 412.37 MHz ( period = 2.425 ns )               ; compteur:compteur0|cmt[1]        ; compteur:compteur0|cmt[4]        ; clk        ; clk      ; None                        ; None                      ; 2.211 ns                ;
; N/A   ; 412.37 MHz ( period = 2.425 ns )               ; compteur:compteur0|cmt[1]        ; compteur:compteur0|cmt[3]        ; clk        ; clk      ; None                        ; None                      ; 2.211 ns                ;
; N/A   ; 412.37 MHz ( period = 2.425 ns )               ; compteur:compteur0|cmt[1]        ; compteur:compteur0|cmt[2]        ; clk        ; clk      ; None                        ; None                      ; 2.211 ns                ;
; N/A   ; 412.37 MHz ( period = 2.425 ns )               ; compteur:compteur0|cmt[1]        ; compteur:compteur0|cmt[1]        ; clk        ; clk      ; None                        ; None                      ; 2.211 ns                ;
; N/A   ; 412.37 MHz ( period = 2.425 ns )               ; compteur:compteur0|cmt[1]        ; compteur:compteur0|cmt[0]        ; clk        ; clk      ; None                        ; None                      ; 2.211 ns                ;
; N/A   ; Restricted to 420.17 MHz ( period = 2.380 ns ) ; compteur:compteur0|cmt[2]        ; compteur:compteur0|cmt[7]        ; clk        ; clk      ; None                        ; None                      ; 2.157 ns                ;
; N/A   ; Restricted to 420.17 MHz ( period = 2.380 ns ) ; compteur:compteur0|cmt[2]        ; compteur:compteur0|cmt[6]        ; clk        ; clk      ; None                        ; None                      ; 2.157 ns                ;
; N/A   ; Restricted to 420.17 MHz ( period = 2.380 ns ) ; compteur:compteur0|cmt[2]        ; compteur:compteur0|cmt[5]        ; clk        ; clk      ; None                        ; None                      ; 2.157 ns                ;
; N/A   ; Restricted to 420.17 MHz ( period = 2.380 ns ) ; compteur:compteur0|cmt[2]        ; compteur:compteur0|cmt[4]        ; clk        ; clk      ; None                        ; None                      ; 2.157 ns                ;
; N/A   ; Restricted to 420.17 MHz ( period = 2.380 ns ) ; compteur:compteur0|cmt[2]        ; compteur:compteur0|cmt[3]        ; clk        ; clk      ; None                        ; None                      ; 2.157 ns                ;
; N/A   ; Restricted to 420.17 MHz ( period = 2.380 ns ) ; compteur:compteur0|cmt[2]        ; compteur:compteur0|cmt[2]        ; clk        ; clk      ; None                        ; None                      ; 2.157 ns                ;
; N/A   ; Restricted to 420.17 MHz ( period = 2.380 ns ) ; compteur:compteur0|cmt[2]        ; compteur:compteur0|cmt[1]        ; clk        ; clk      ; None                        ; None                      ; 2.157 ns                ;
; N/A   ; Restricted to 420.17 MHz ( period = 2.380 ns ) ; compteur:compteur0|cmt[2]        ; compteur:compteur0|cmt[0]        ; clk        ; clk      ; None                        ; None                      ; 2.157 ns                ;
; N/A   ; Restricted to 420.17 MHz ( period = 2.380 ns ) ; compteur:compteur0|cmt[3]        ; compteur:compteur0|cmt[7]        ; clk        ; clk      ; None                        ; None                      ; 2.121 ns                ;
; N/A   ; Restricted to 420.17 MHz ( period = 2.380 ns ) ; compteur:compteur0|cmt[3]        ; compteur:compteur0|cmt[6]        ; clk        ; clk      ; None                        ; None                      ; 2.121 ns                ;
; N/A   ; Restricted to 420.17 MHz ( period = 2.380 ns ) ; compteur:compteur0|cmt[3]        ; compteur:compteur0|cmt[5]        ; clk        ; clk      ; None                        ; None                      ; 2.121 ns                ;
; N/A   ; Restricted to 420.17 MHz ( period = 2.380 ns ) ; compteur:compteur0|cmt[3]        ; compteur:compteur0|cmt[4]        ; clk        ; clk      ; None                        ; None                      ; 2.121 ns                ;
; N/A   ; Restricted to 420.17 MHz ( period = 2.380 ns ) ; compteur:compteur0|cmt[3]        ; compteur:compteur0|cmt[3]        ; clk        ; clk      ; None                        ; None                      ; 2.121 ns                ;
; N/A   ; Restricted to 420.17 MHz ( period = 2.380 ns ) ; compteur:compteur0|cmt[3]        ; compteur:compteur0|cmt[2]        ; clk        ; clk      ; None                        ; None                      ; 2.121 ns                ;
; N/A   ; Restricted to 420.17 MHz ( period = 2.380 ns ) ; compteur:compteur0|cmt[3]        ; compteur:compteur0|cmt[1]        ; clk        ; clk      ; None                        ; None                      ; 2.121 ns                ;
; N/A   ; Restricted to 420.17 MHz ( period = 2.380 ns ) ; compteur:compteur0|cmt[3]        ; compteur:compteur0|cmt[0]        ; clk        ; clk      ; None                        ; None                      ; 2.121 ns                ;
; N/A   ; Restricted to 420.17 MHz ( period = 2.380 ns ) ; compteur:compteur0|cmt[4]        ; compteur:compteur0|cmt[7]        ; clk        ; clk      ; None                        ; None                      ; 2.014 ns                ;
; N/A   ; Restricted to 420.17 MHz ( period = 2.380 ns ) ; compteur:compteur0|cmt[4]        ; compteur:compteur0|cmt[6]        ; clk        ; clk      ; None                        ; None                      ; 2.014 ns                ;
; N/A   ; Restricted to 420.17 MHz ( period = 2.380 ns ) ; compteur:compteur0|cmt[4]        ; compteur:compteur0|cmt[5]        ; clk        ; clk      ; None                        ; None                      ; 2.014 ns                ;
; N/A   ; Restricted to 420.17 MHz ( period = 2.380 ns ) ; compteur:compteur0|cmt[4]        ; compteur:compteur0|cmt[4]        ; clk        ; clk      ; None                        ; None                      ; 2.014 ns                ;
; N/A   ; Restricted to 420.17 MHz ( period = 2.380 ns ) ; compteur:compteur0|cmt[4]        ; compteur:compteur0|cmt[3]        ; clk        ; clk      ; None                        ; None                      ; 2.014 ns                ;
; N/A   ; Restricted to 420.17 MHz ( period = 2.380 ns ) ; compteur:compteur0|cmt[4]        ; compteur:compteur0|cmt[2]        ; clk        ; clk      ; None                        ; None                      ; 2.014 ns                ;
; N/A   ; Restricted to 420.17 MHz ( period = 2.380 ns ) ; compteur:compteur0|cmt[4]        ; compteur:compteur0|cmt[1]        ; clk        ; clk      ; None                        ; None                      ; 2.014 ns                ;
; N/A   ; Restricted to 420.17 MHz ( period = 2.380 ns ) ; compteur:compteur0|cmt[4]        ; compteur:compteur0|cmt[0]        ; clk        ; clk      ; None                        ; None                      ; 2.014 ns                ;
; N/A   ; Restricted to 420.17 MHz ( period = 2.380 ns ) ; compteur:compteur0|cmt[5]        ; compteur:compteur0|cmt[7]        ; clk        ; clk      ; None                        ; None                      ; 1.978 ns                ;
; N/A   ; Restricted to 420.17 MHz ( period = 2.380 ns ) ; compteur:compteur0|cmt[5]        ; compteur:compteur0|cmt[6]        ; clk        ; clk      ; None                        ; None                      ; 1.978 ns                ;
; N/A   ; Restricted to 420.17 MHz ( period = 2.380 ns ) ; compteur:compteur0|cmt[5]        ; compteur:compteur0|cmt[5]        ; clk        ; clk      ; None                        ; None                      ; 1.978 ns                ;
; N/A   ; Restricted to 420.17 MHz ( period = 2.380 ns ) ; compteur:compteur0|cmt[5]        ; compteur:compteur0|cmt[4]        ; clk        ; clk      ; None                        ; None                      ; 1.978 ns                ;
; N/A   ; Restricted to 420.17 MHz ( period = 2.380 ns ) ; compteur:compteur0|cmt[5]        ; compteur:compteur0|cmt[3]        ; clk        ; clk      ; None                        ; None                      ; 1.978 ns                ;
; N/A   ; Restricted to 420.17 MHz ( period = 2.380 ns ) ; compteur:compteur0|cmt[5]        ; compteur:compteur0|cmt[2]        ; clk        ; clk      ; None                        ; None                      ; 1.978 ns                ;
; N/A   ; Restricted to 420.17 MHz ( period = 2.380 ns ) ; compteur:compteur0|cmt[5]        ; compteur:compteur0|cmt[1]        ; clk        ; clk      ; None                        ; None                      ; 1.978 ns                ;
; N/A   ; Restricted to 420.17 MHz ( period = 2.380 ns ) ; compteur:compteur0|cmt[5]        ; compteur:compteur0|cmt[0]        ; clk        ; clk      ; None                        ; None                      ; 1.978 ns                ;
; N/A   ; Restricted to 420.17 MHz ( period = 2.380 ns ) ; compteur:compteur0|cmt[6]        ; compteur:compteur0|cmt[7]        ; clk        ; clk      ; None                        ; None                      ; 1.906 ns                ;
; N/A   ; Restricted to 420.17 MHz ( period = 2.380 ns ) ; compteur:compteur0|cmt[6]        ; compteur:compteur0|cmt[6]        ; clk        ; clk      ; None                        ; None                      ; 1.906 ns                ;
; N/A   ; Restricted to 420.17 MHz ( period = 2.380 ns ) ; compteur:compteur0|cmt[6]        ; compteur:compteur0|cmt[5]        ; clk        ; clk      ; None                        ; None                      ; 1.906 ns                ;
; N/A   ; Restricted to 420.17 MHz ( period = 2.380 ns ) ; compteur:compteur0|cmt[6]        ; compteur:compteur0|cmt[4]        ; clk        ; clk      ; None                        ; None                      ; 1.906 ns                ;
; N/A   ; Restricted to 420.17 MHz ( period = 2.380 ns ) ; compteur:compteur0|cmt[6]        ; compteur:compteur0|cmt[3]        ; clk        ; clk      ; None                        ; None                      ; 1.906 ns                ;
; N/A   ; Restricted to 420.17 MHz ( period = 2.380 ns ) ; compteur:compteur0|cmt[6]        ; compteur:compteur0|cmt[2]        ; clk        ; clk      ; None                        ; None                      ; 1.906 ns                ;
; N/A   ; Restricted to 420.17 MHz ( period = 2.380 ns ) ; compteur:compteur0|cmt[6]        ; compteur:compteur0|cmt[1]        ; clk        ; clk      ; None                        ; None                      ; 1.906 ns                ;
; N/A   ; Restricted to 420.17 MHz ( period = 2.380 ns ) ; compteur:compteur0|cmt[6]        ; compteur:compteur0|cmt[0]        ; clk        ; clk      ; None                        ; None                      ; 1.906 ns                ;
; N/A   ; Restricted to 420.17 MHz ( period = 2.380 ns ) ; compteur:compteur0|cmt[7]        ; comparateur:comparateur0|pwm_out ; clk        ; clk      ; None                        ; None                      ; 1.597 ns                ;
; N/A   ; Restricted to 420.17 MHz ( period = 2.380 ns ) ; compteur:compteur0|cmt[7]        ; compteur:compteur0|cmt[7]        ; clk        ; clk      ; None                        ; None                      ; 1.487 ns                ;
; N/A   ; Restricted to 420.17 MHz ( period = 2.380 ns ) ; compteur:compteur0|cmt[7]        ; compteur:compteur0|cmt[6]        ; clk        ; clk      ; None                        ; None                      ; 1.487 ns                ;
; N/A   ; Restricted to 420.17 MHz ( period = 2.380 ns ) ; compteur:compteur0|cmt[7]        ; compteur:compteur0|cmt[5]        ; clk        ; clk      ; None                        ; None                      ; 1.487 ns                ;
; N/A   ; Restricted to 420.17 MHz ( period = 2.380 ns ) ; compteur:compteur0|cmt[7]        ; compteur:compteur0|cmt[4]        ; clk        ; clk      ; None                        ; None                      ; 1.487 ns                ;
; N/A   ; Restricted to 420.17 MHz ( period = 2.380 ns ) ; compteur:compteur0|cmt[7]        ; compteur:compteur0|cmt[3]        ; clk        ; clk      ; None                        ; None                      ; 1.487 ns                ;
; N/A   ; Restricted to 420.17 MHz ( period = 2.380 ns ) ; compteur:compteur0|cmt[7]        ; compteur:compteur0|cmt[2]        ; clk        ; clk      ; None                        ; None                      ; 1.487 ns                ;
; N/A   ; Restricted to 420.17 MHz ( period = 2.380 ns ) ; compteur:compteur0|cmt[7]        ; compteur:compteur0|cmt[1]        ; clk        ; clk      ; None                        ; None                      ; 1.487 ns                ;
; N/A   ; Restricted to 420.17 MHz ( period = 2.380 ns ) ; compteur:compteur0|cmt[7]        ; compteur:compteur0|cmt[0]        ; clk        ; clk      ; None                        ; None                      ; 1.487 ns                ;
; N/A   ; Restricted to 420.17 MHz ( period = 2.380 ns ) ; comparateur:comparateur0|pwm_out ; comparateur:comparateur0|pwm_out ; clk        ; clk      ; None                        ; None                      ; 0.407 ns                ;
+-------+------------------------------------------------+----------------------------------+----------------------------------+------------+----------+-----------------------------+---------------------------+-------------------------+


+-------------------------------------------------------------------------------------------+
; tsu                                                                                       ;
+-------+--------------+------------+---------+----------------------------------+----------+
; Slack ; Required tsu ; Actual tsu ; From    ; To                               ; To Clock ;
+-------+--------------+------------+---------+----------------------------------+----------+
; N/A   ; None         ; 6.867 ns   ; duty[1] ; comparateur:comparateur0|pwm_out ; clk      ;
; N/A   ; None         ; 6.826 ns   ; duty[0] ; comparateur:comparateur0|pwm_out ; clk      ;
; N/A   ; None         ; 6.752 ns   ; freq[1] ; comparateur:comparateur0|pwm_out ; clk      ;
; N/A   ; None         ; 6.748 ns   ; freq[0] ; comparateur:comparateur0|pwm_out ; clk      ;
; N/A   ; None         ; 6.704 ns   ; duty[3] ; comparateur:comparateur0|pwm_out ; clk      ;
; N/A   ; None         ; 6.658 ns   ; duty[5] ; comparateur:comparateur0|pwm_out ; clk      ;
; N/A   ; None         ; 6.622 ns   ; duty[2] ; comparateur:comparateur0|pwm_out ; clk      ;
; N/A   ; None         ; 6.610 ns   ; freq[4] ; comparateur:comparateur0|pwm_out ; clk      ;
; N/A   ; None         ; 6.578 ns   ; duty[4] ; comparateur:comparateur0|pwm_out ; clk      ;
; N/A   ; None         ; 6.422 ns   ; freq[2] ; comparateur:comparateur0|pwm_out ; clk      ;
; N/A   ; None         ; 6.410 ns   ; freq[6] ; comparateur:comparateur0|pwm_out ; clk      ;
; N/A   ; None         ; 6.384 ns   ; freq[3] ; comparateur:comparateur0|pwm_out ; clk      ;
; N/A   ; None         ; 6.328 ns   ; freq[4] ; compteur:compteur0|cmt[7]        ; clk      ;
; N/A   ; None         ; 6.328 ns   ; freq[4] ; compteur:compteur0|cmt[6]        ; clk      ;
; N/A   ; None         ; 6.328 ns   ; freq[4] ; compteur:compteur0|cmt[5]        ; clk      ;
; N/A   ; None         ; 6.328 ns   ; freq[4] ; compteur:compteur0|cmt[4]        ; clk      ;
; N/A   ; None         ; 6.328 ns   ; freq[4] ; compteur:compteur0|cmt[3]        ; clk      ;
; N/A   ; None         ; 6.328 ns   ; freq[4] ; compteur:compteur0|cmt[2]        ; clk      ;
; N/A   ; None         ; 6.328 ns   ; freq[4] ; compteur:compteur0|cmt[1]        ; clk      ;
; N/A   ; None         ; 6.328 ns   ; freq[4] ; compteur:compteur0|cmt[0]        ; clk      ;
; N/A   ; None         ; 6.071 ns   ; freq[5] ; comparateur:comparateur0|pwm_out ; clk      ;
; N/A   ; None         ; 5.854 ns   ; freq[7] ; comparateur:comparateur0|pwm_out ; clk      ;
; N/A   ; None         ; 5.514 ns   ; freq[6] ; compteur:compteur0|cmt[7]        ; clk      ;
; N/A   ; None         ; 5.514 ns   ; freq[6] ; compteur:compteur0|cmt[6]        ; clk      ;
; N/A   ; None         ; 5.514 ns   ; freq[6] ; compteur:compteur0|cmt[5]        ; clk      ;
; N/A   ; None         ; 5.514 ns   ; freq[6] ; compteur:compteur0|cmt[4]        ; clk      ;
; N/A   ; None         ; 5.514 ns   ; freq[6] ; compteur:compteur0|cmt[3]        ; clk      ;
; N/A   ; None         ; 5.514 ns   ; freq[6] ; compteur:compteur0|cmt[2]        ; clk      ;
; N/A   ; None         ; 5.514 ns   ; freq[6] ; compteur:compteur0|cmt[1]        ; clk      ;
; N/A   ; None         ; 5.514 ns   ; freq[6] ; compteur:compteur0|cmt[0]        ; clk      ;
; N/A   ; None         ; 5.327 ns   ; freq[0] ; compteur:compteur0|cmt[7]        ; clk      ;
; N/A   ; None         ; 5.327 ns   ; freq[0] ; compteur:compteur0|cmt[6]        ; clk      ;
; N/A   ; None         ; 5.327 ns   ; freq[0] ; compteur:compteur0|cmt[5]        ; clk      ;
; N/A   ; None         ; 5.327 ns   ; freq[0] ; compteur:compteur0|cmt[4]        ; clk      ;
; N/A   ; None         ; 5.327 ns   ; freq[0] ; compteur:compteur0|cmt[3]        ; clk      ;
; N/A   ; None         ; 5.327 ns   ; freq[0] ; compteur:compteur0|cmt[2]        ; clk      ;
; N/A   ; None         ; 5.327 ns   ; freq[0] ; compteur:compteur0|cmt[1]        ; clk      ;
; N/A   ; None         ; 5.327 ns   ; freq[0] ; compteur:compteur0|cmt[0]        ; clk      ;
; N/A   ; None         ; 5.295 ns   ; freq[1] ; compteur:compteur0|cmt[7]        ; clk      ;
; N/A   ; None         ; 5.295 ns   ; freq[1] ; compteur:compteur0|cmt[6]        ; clk      ;
; N/A   ; None         ; 5.295 ns   ; freq[1] ; compteur:compteur0|cmt[5]        ; clk      ;
; N/A   ; None         ; 5.295 ns   ; freq[1] ; compteur:compteur0|cmt[4]        ; clk      ;
; N/A   ; None         ; 5.295 ns   ; freq[1] ; compteur:compteur0|cmt[3]        ; clk      ;
; N/A   ; None         ; 5.295 ns   ; freq[1] ; compteur:compteur0|cmt[2]        ; clk      ;
; N/A   ; None         ; 5.295 ns   ; freq[1] ; compteur:compteur0|cmt[1]        ; clk      ;
; N/A   ; None         ; 5.295 ns   ; freq[1] ; compteur:compteur0|cmt[0]        ; clk      ;
; N/A   ; None         ; 5.146 ns   ; freq[2] ; compteur:compteur0|cmt[7]        ; clk      ;
; N/A   ; None         ; 5.146 ns   ; freq[2] ; compteur:compteur0|cmt[6]        ; clk      ;
; N/A   ; None         ; 5.146 ns   ; freq[2] ; compteur:compteur0|cmt[5]        ; clk      ;
; N/A   ; None         ; 5.146 ns   ; freq[2] ; compteur:compteur0|cmt[4]        ; clk      ;
; N/A   ; None         ; 5.146 ns   ; freq[2] ; compteur:compteur0|cmt[3]        ; clk      ;
; N/A   ; None         ; 5.146 ns   ; freq[2] ; compteur:compteur0|cmt[2]        ; clk      ;
; N/A   ; None         ; 5.146 ns   ; freq[2] ; compteur:compteur0|cmt[1]        ; clk      ;
; N/A   ; None         ; 5.146 ns   ; freq[2] ; compteur:compteur0|cmt[0]        ; clk      ;
; N/A   ; None         ; 5.123 ns   ; freq[3] ; compteur:compteur0|cmt[7]        ; clk      ;
; N/A   ; None         ; 5.123 ns   ; freq[3] ; compteur:compteur0|cmt[6]        ; clk      ;
; N/A   ; None         ; 5.123 ns   ; freq[3] ; compteur:compteur0|cmt[5]        ; clk      ;
; N/A   ; None         ; 5.123 ns   ; freq[3] ; compteur:compteur0|cmt[4]        ; clk      ;
; N/A   ; None         ; 5.123 ns   ; freq[3] ; compteur:compteur0|cmt[3]        ; clk      ;
; N/A   ; None         ; 5.123 ns   ; freq[3] ; compteur:compteur0|cmt[2]        ; clk      ;
; N/A   ; None         ; 5.123 ns   ; freq[3] ; compteur:compteur0|cmt[1]        ; clk      ;
; N/A   ; None         ; 5.123 ns   ; freq[3] ; compteur:compteur0|cmt[0]        ; clk      ;
; N/A   ; None         ; 4.932 ns   ; freq[5] ; compteur:compteur0|cmt[7]        ; clk      ;
; N/A   ; None         ; 4.932 ns   ; freq[5] ; compteur:compteur0|cmt[6]        ; clk      ;
; N/A   ; None         ; 4.932 ns   ; freq[5] ; compteur:compteur0|cmt[5]        ; clk      ;
; N/A   ; None         ; 4.932 ns   ; freq[5] ; compteur:compteur0|cmt[4]        ; clk      ;
; N/A   ; None         ; 4.932 ns   ; freq[5] ; compteur:compteur0|cmt[3]        ; clk      ;
; N/A   ; None         ; 4.932 ns   ; freq[5] ; compteur:compteur0|cmt[2]        ; clk      ;
; N/A   ; None         ; 4.932 ns   ; freq[5] ; compteur:compteur0|cmt[1]        ; clk      ;
; N/A   ; None         ; 4.932 ns   ; freq[5] ; compteur:compteur0|cmt[0]        ; clk      ;
; N/A   ; None         ; 4.292 ns   ; freq[7] ; compteur:compteur0|cmt[7]        ; clk      ;
; N/A   ; None         ; 4.292 ns   ; freq[7] ; compteur:compteur0|cmt[6]        ; clk      ;
; N/A   ; None         ; 4.292 ns   ; freq[7] ; compteur:compteur0|cmt[5]        ; clk      ;
; N/A   ; None         ; 4.292 ns   ; freq[7] ; compteur:compteur0|cmt[4]        ; clk      ;
; N/A   ; None         ; 4.292 ns   ; freq[7] ; compteur:compteur0|cmt[3]        ; clk      ;
; N/A   ; None         ; 4.292 ns   ; freq[7] ; compteur:compteur0|cmt[2]        ; clk      ;
; N/A   ; None         ; 4.292 ns   ; freq[7] ; compteur:compteur0|cmt[1]        ; clk      ;
; N/A   ; None         ; 4.292 ns   ; freq[7] ; compteur:compteur0|cmt[0]        ; clk      ;
; N/A   ; None         ; 2.608 ns   ; duty[6] ; comparateur:comparateur0|pwm_out ; clk      ;
; N/A   ; None         ; 2.169 ns   ; duty[7] ; comparateur:comparateur0|pwm_out ; clk      ;
+-------+--------------+------------+---------+----------------------------------+----------+


+---------------------------------------------------------------------------------------------+
; tco                                                                                         ;
+-------+--------------+------------+----------------------------------+---------+------------+
; Slack ; Required tco ; Actual tco ; From                             ; To      ; From Clock ;
+-------+--------------+------------+----------------------------------+---------+------------+
; N/A   ; None         ; 7.214 ns   ; comparateur:comparateur0|pwm_out ; pwm_out ; clk        ;
+-------+--------------+------------+----------------------------------+---------+------------+


+-------------------------------------------------------------------------------------------------+
; th                                                                                              ;
+---------------+-------------+-----------+---------+----------------------------------+----------+
; Minimum Slack ; Required th ; Actual th ; From    ; To                               ; To Clock ;
+---------------+-------------+-----------+---------+----------------------------------+----------+
; N/A           ; None        ; -0.747 ns ; duty[7] ; comparateur:comparateur0|pwm_out ; clk      ;
; N/A           ; None        ; -1.572 ns ; duty[6] ; comparateur:comparateur0|pwm_out ; clk      ;
; N/A           ; None        ; -4.062 ns ; freq[7] ; compteur:compteur0|cmt[7]        ; clk      ;
; N/A           ; None        ; -4.062 ns ; freq[7] ; compteur:compteur0|cmt[6]        ; clk      ;
; N/A           ; None        ; -4.062 ns ; freq[7] ; compteur:compteur0|cmt[5]        ; clk      ;
; N/A           ; None        ; -4.062 ns ; freq[7] ; compteur:compteur0|cmt[4]        ; clk      ;
; N/A           ; None        ; -4.062 ns ; freq[7] ; compteur:compteur0|cmt[3]        ; clk      ;
; N/A           ; None        ; -4.062 ns ; freq[7] ; compteur:compteur0|cmt[2]        ; clk      ;
; N/A           ; None        ; -4.062 ns ; freq[7] ; compteur:compteur0|cmt[1]        ; clk      ;
; N/A           ; None        ; -4.062 ns ; freq[7] ; compteur:compteur0|cmt[0]        ; clk      ;
; N/A           ; None        ; -4.702 ns ; freq[5] ; compteur:compteur0|cmt[7]        ; clk      ;
; N/A           ; None        ; -4.702 ns ; freq[5] ; compteur:compteur0|cmt[6]        ; clk      ;
; N/A           ; None        ; -4.702 ns ; freq[5] ; compteur:compteur0|cmt[5]        ; clk      ;
; N/A           ; None        ; -4.702 ns ; freq[5] ; compteur:compteur0|cmt[4]        ; clk      ;
; N/A           ; None        ; -4.702 ns ; freq[5] ; compteur:compteur0|cmt[3]        ; clk      ;
; N/A           ; None        ; -4.702 ns ; freq[5] ; compteur:compteur0|cmt[2]        ; clk      ;
; N/A           ; None        ; -4.702 ns ; freq[5] ; compteur:compteur0|cmt[1]        ; clk      ;
; N/A           ; None        ; -4.702 ns ; freq[5] ; compteur:compteur0|cmt[0]        ; clk      ;
; N/A           ; None        ; -4.767 ns ; duty[3] ; comparateur:comparateur0|pwm_out ; clk      ;
; N/A           ; None        ; -4.794 ns ; duty[2] ; comparateur:comparateur0|pwm_out ; clk      ;
; N/A           ; None        ; -4.820 ns ; duty[4] ; comparateur:comparateur0|pwm_out ; clk      ;
; N/A           ; None        ; -4.893 ns ; freq[3] ; compteur:compteur0|cmt[7]        ; clk      ;
; N/A           ; None        ; -4.893 ns ; freq[3] ; compteur:compteur0|cmt[6]        ; clk      ;
; N/A           ; None        ; -4.893 ns ; freq[3] ; compteur:compteur0|cmt[5]        ; clk      ;
; N/A           ; None        ; -4.893 ns ; freq[3] ; compteur:compteur0|cmt[4]        ; clk      ;
; N/A           ; None        ; -4.893 ns ; freq[3] ; compteur:compteur0|cmt[3]        ; clk      ;
; N/A           ; None        ; -4.893 ns ; freq[3] ; compteur:compteur0|cmt[2]        ; clk      ;
; N/A           ; None        ; -4.893 ns ; freq[3] ; compteur:compteur0|cmt[1]        ; clk      ;
; N/A           ; None        ; -4.893 ns ; freq[3] ; compteur:compteur0|cmt[0]        ; clk      ;
; N/A           ; None        ; -4.916 ns ; freq[2] ; compteur:compteur0|cmt[7]        ; clk      ;
; N/A           ; None        ; -4.916 ns ; freq[2] ; compteur:compteur0|cmt[6]        ; clk      ;
; N/A           ; None        ; -4.916 ns ; freq[2] ; compteur:compteur0|cmt[5]        ; clk      ;
; N/A           ; None        ; -4.916 ns ; freq[2] ; compteur:compteur0|cmt[4]        ; clk      ;
; N/A           ; None        ; -4.916 ns ; freq[2] ; compteur:compteur0|cmt[3]        ; clk      ;
; N/A           ; None        ; -4.916 ns ; freq[2] ; compteur:compteur0|cmt[2]        ; clk      ;
; N/A           ; None        ; -4.916 ns ; freq[2] ; compteur:compteur0|cmt[1]        ; clk      ;
; N/A           ; None        ; -4.916 ns ; freq[2] ; compteur:compteur0|cmt[0]        ; clk      ;
; N/A           ; None        ; -5.065 ns ; freq[1] ; compteur:compteur0|cmt[7]        ; clk      ;
; N/A           ; None        ; -5.065 ns ; freq[1] ; compteur:compteur0|cmt[6]        ; clk      ;
; N/A           ; None        ; -5.065 ns ; freq[1] ; compteur:compteur0|cmt[5]        ; clk      ;
; N/A           ; None        ; -5.065 ns ; freq[1] ; compteur:compteur0|cmt[4]        ; clk      ;
; N/A           ; None        ; -5.065 ns ; freq[1] ; compteur:compteur0|cmt[3]        ; clk      ;
; N/A           ; None        ; -5.065 ns ; freq[1] ; compteur:compteur0|cmt[2]        ; clk      ;
; N/A           ; None        ; -5.065 ns ; freq[1] ; compteur:compteur0|cmt[1]        ; clk      ;
; N/A           ; None        ; -5.065 ns ; freq[1] ; compteur:compteur0|cmt[0]        ; clk      ;
; N/A           ; None        ; -5.097 ns ; freq[0] ; compteur:compteur0|cmt[7]        ; clk      ;
; N/A           ; None        ; -5.097 ns ; freq[0] ; compteur:compteur0|cmt[6]        ; clk      ;
; N/A           ; None        ; -5.097 ns ; freq[0] ; compteur:compteur0|cmt[5]        ; clk      ;
; N/A           ; None        ; -5.097 ns ; freq[0] ; compteur:compteur0|cmt[4]        ; clk      ;
; N/A           ; None        ; -5.097 ns ; freq[0] ; compteur:compteur0|cmt[3]        ; clk      ;
; N/A           ; None        ; -5.097 ns ; freq[0] ; compteur:compteur0|cmt[2]        ; clk      ;
; N/A           ; None        ; -5.097 ns ; freq[0] ; compteur:compteur0|cmt[1]        ; clk      ;
; N/A           ; None        ; -5.097 ns ; freq[0] ; compteur:compteur0|cmt[0]        ; clk      ;
; N/A           ; None        ; -5.284 ns ; freq[6] ; compteur:compteur0|cmt[7]        ; clk      ;
; N/A           ; None        ; -5.284 ns ; freq[6] ; compteur:compteur0|cmt[6]        ; clk      ;
; N/A           ; None        ; -5.284 ns ; freq[6] ; compteur:compteur0|cmt[5]        ; clk      ;
; N/A           ; None        ; -5.284 ns ; freq[6] ; compteur:compteur0|cmt[4]        ; clk      ;
; N/A           ; None        ; -5.284 ns ; freq[6] ; compteur:compteur0|cmt[3]        ; clk      ;
; N/A           ; None        ; -5.284 ns ; freq[6] ; compteur:compteur0|cmt[2]        ; clk      ;
; N/A           ; None        ; -5.284 ns ; freq[6] ; compteur:compteur0|cmt[1]        ; clk      ;
; N/A           ; None        ; -5.284 ns ; freq[6] ; compteur:compteur0|cmt[0]        ; clk      ;
; N/A           ; None        ; -5.435 ns ; duty[5] ; comparateur:comparateur0|pwm_out ; clk      ;
; N/A           ; None        ; -5.624 ns ; freq[7] ; comparateur:comparateur0|pwm_out ; clk      ;
; N/A           ; None        ; -5.841 ns ; freq[5] ; comparateur:comparateur0|pwm_out ; clk      ;
; N/A           ; None        ; -5.966 ns ; duty[0] ; comparateur:comparateur0|pwm_out ; clk      ;
; N/A           ; None        ; -5.990 ns ; duty[1] ; comparateur:comparateur0|pwm_out ; clk      ;
; N/A           ; None        ; -6.098 ns ; freq[4] ; compteur:compteur0|cmt[7]        ; clk      ;
; N/A           ; None        ; -6.098 ns ; freq[4] ; compteur:compteur0|cmt[6]        ; clk      ;
; N/A           ; None        ; -6.098 ns ; freq[4] ; compteur:compteur0|cmt[5]        ; clk      ;
; N/A           ; None        ; -6.098 ns ; freq[4] ; compteur:compteur0|cmt[4]        ; clk      ;
; N/A           ; None        ; -6.098 ns ; freq[4] ; compteur:compteur0|cmt[3]        ; clk      ;
; N/A           ; None        ; -6.098 ns ; freq[4] ; compteur:compteur0|cmt[2]        ; clk      ;
; N/A           ; None        ; -6.098 ns ; freq[4] ; compteur:compteur0|cmt[1]        ; clk      ;
; N/A           ; None        ; -6.098 ns ; freq[4] ; compteur:compteur0|cmt[0]        ; clk      ;
; N/A           ; None        ; -6.154 ns ; freq[3] ; comparateur:comparateur0|pwm_out ; clk      ;
; N/A           ; None        ; -6.180 ns ; freq[6] ; comparateur:comparateur0|pwm_out ; clk      ;
; N/A           ; None        ; -6.192 ns ; freq[2] ; comparateur:comparateur0|pwm_out ; clk      ;
; N/A           ; None        ; -6.380 ns ; freq[4] ; comparateur:comparateur0|pwm_out ; clk      ;
; N/A           ; None        ; -6.518 ns ; freq[0] ; comparateur:comparateur0|pwm_out ; clk      ;
; N/A           ; None        ; -6.522 ns ; freq[1] ; comparateur:comparateur0|pwm_out ; clk      ;
+---------------+-------------+-----------+---------+----------------------------------+----------+


+--------------------------+
; Timing Analyzer Messages ;
+--------------------------+
Info: *******************************************************************
Info: Running Quartus II Classic Timing Analyzer
    Info: Version 9.0 Build 235 06/17/2009 Service Pack 2 SJ Web Edition
    Info: Processing started: Mon Sep 11 20:59:19 2023
Info: Command: quartus_tan --read_settings_files=off --write_settings_files=off pwm -c pwm --timing_analysis_only
Warning: Found pins functioning as undefined clocks and/or memory enables
    Info: Assuming node "clk" is an undefined clock
Info: Clock "clk" has Internal fmax of 332.78 MHz between source register "compteur:compteur0|cmt[1]" and destination register "comparateur:comparateur0|pwm_out" (period= 3.005 ns)
    Info: + Longest register to register delay is 2.784 ns
        Info: 1: + IC(0.000 ns) + CELL(0.000 ns) = 0.000 ns; Loc. = LCFF_X22_Y29_N3; Fanout = 4; REG Node = 'compteur:compteur0|cmt[1]'
        Info: 2: + IC(0.995 ns) + CELL(0.393 ns) = 1.388 ns; Loc. = LCCOMB_X23_Y28_N2; Fanout = 1; COMB Node = 'comparateur:comparateur0|LessThan1~3'
        Info: 3: + IC(0.000 ns) + CELL(0.071 ns) = 1.459 ns; Loc. = LCCOMB_X23_Y28_N4; Fanout = 1; COMB Node = 'comparateur:comparateur0|LessThan1~5'
        Info: 4: + IC(0.000 ns) + CELL(0.071 ns) = 1.530 ns; Loc. = LCCOMB_X23_Y28_N6; Fanout = 1; COMB Node = 'comparateur:comparateur0|LessThan1~7'
        Info: 5: + IC(0.000 ns) + CELL(0.071 ns) = 1.601 ns; Loc. = LCCOMB_X23_Y28_N8; Fanout = 1; COMB Node = 'comparateur:comparateur0|LessThan1~9'
        Info: 6: + IC(0.000 ns) + CELL(0.071 ns) = 1.672 ns; Loc. = LCCOMB_X23_Y28_N10; Fanout = 1; COMB Node = 'comparateur:comparateur0|LessThan1~11'
        Info: 7: + IC(0.000 ns) + CELL(0.071 ns) = 1.743 ns; Loc. = LCCOMB_X23_Y28_N12; Fanout = 1; COMB Node = 'comparateur:comparateur0|LessThan1~13'
        Info: 8: + IC(0.000 ns) + CELL(0.410 ns) = 2.153 ns; Loc. = LCCOMB_X23_Y28_N14; Fanout = 1; COMB Node = 'comparateur:comparateur0|LessThan1~14'
        Info: 9: + IC(0.397 ns) + CELL(0.150 ns) = 2.700 ns; Loc. = LCCOMB_X23_Y28_N24; Fanout = 1; COMB Node = 'comparateur:comparateur0|pwm_out~0'
        Info: 10: + IC(0.000 ns) + CELL(0.084 ns) = 2.784 ns; Loc. = LCFF_X23_Y28_N25; Fanout = 2; REG Node = 'comparateur:comparateur0|pwm_out'
        Info: Total cell delay = 1.392 ns ( 50.00 % )
        Info: Total interconnect delay = 1.392 ns ( 50.00 % )
    Info: - Smallest clock skew is -0.007 ns
        Info: + Shortest clock path from clock "clk" to destination register is 2.660 ns
            Info: 1: + IC(0.000 ns) + CELL(0.999 ns) = 0.999 ns; Loc. = PIN_P2; Fanout = 1; CLK Node = 'clk'
            Info: 2: + IC(0.118 ns) + CELL(0.000 ns) = 1.117 ns; Loc. = CLKCTRL_G3; Fanout = 9; COMB Node = 'clk~clkctrl'
            Info: 3: + IC(1.006 ns) + CELL(0.537 ns) = 2.660 ns; Loc. = LCFF_X23_Y28_N25; Fanout = 2; REG Node = 'comparateur:comparateur0|pwm_out'
            Info: Total cell delay = 1.536 ns ( 57.74 % )
            Info: Total interconnect delay = 1.124 ns ( 42.26 % )
        Info: - Longest clock path from clock "clk" to source register is 2.667 ns
            Info: 1: + IC(0.000 ns) + CELL(0.999 ns) = 0.999 ns; Loc. = PIN_P2; Fanout = 1; CLK Node = 'clk'
            Info: 2: + IC(0.118 ns) + CELL(0.000 ns) = 1.117 ns; Loc. = CLKCTRL_G3; Fanout = 9; COMB Node = 'clk~clkctrl'
            Info: 3: + IC(1.013 ns) + CELL(0.537 ns) = 2.667 ns; Loc. = LCFF_X22_Y29_N3; Fanout = 4; REG Node = 'compteur:compteur0|cmt[1]'
            Info: Total cell delay = 1.536 ns ( 57.59 % )
            Info: Total interconnect delay = 1.131 ns ( 42.41 % )
    Info: + Micro clock to output delay of source is 0.250 ns
    Info: + Micro setup delay of destination is -0.036 ns
Info: tsu for register "comparateur:comparateur0|pwm_out" (data pin = "duty[1]", clock pin = "clk") is 6.867 ns
    Info: + Longest pin to register delay is 9.563 ns
        Info: 1: + IC(0.000 ns) + CELL(0.840 ns) = 0.840 ns; Loc. = PIN_AC11; Fanout = 2; PIN Node = 'duty[1]'
        Info: 2: + IC(5.679 ns) + CELL(0.414 ns) = 6.933 ns; Loc. = LCCOMB_X20_Y20_N10; Fanout = 1; COMB Node = 'comparateur:comparateur0|LessThan0~3'
        Info: 3: + IC(0.000 ns) + CELL(0.071 ns) = 7.004 ns; Loc. = LCCOMB_X20_Y20_N12; Fanout = 1; COMB Node = 'comparateur:comparateur0|LessThan0~5'
        Info: 4: + IC(0.000 ns) + CELL(0.159 ns) = 7.163 ns; Loc. = LCCOMB_X20_Y20_N14; Fanout = 1; COMB Node = 'comparateur:comparateur0|LessThan0~7'
        Info: 5: + IC(0.000 ns) + CELL(0.071 ns) = 7.234 ns; Loc. = LCCOMB_X20_Y20_N16; Fanout = 1; COMB Node = 'comparateur:comparateur0|LessThan0~9'
        Info: 6: + IC(0.000 ns) + CELL(0.071 ns) = 7.305 ns; Loc. = LCCOMB_X20_Y20_N18; Fanout = 1; COMB Node = 'comparateur:comparateur0|LessThan0~11'
        Info: 7: + IC(0.000 ns) + CELL(0.071 ns) = 7.376 ns; Loc. = LCCOMB_X20_Y20_N20; Fanout = 1; COMB Node = 'comparateur:comparateur0|LessThan0~13'
        Info: 8: + IC(0.000 ns) + CELL(0.410 ns) = 7.786 ns; Loc. = LCCOMB_X20_Y20_N22; Fanout = 1; COMB Node = 'comparateur:comparateur0|LessThan0~14'
        Info: 9: + IC(1.280 ns) + CELL(0.413 ns) = 9.479 ns; Loc. = LCCOMB_X23_Y28_N24; Fanout = 1; COMB Node = 'comparateur:comparateur0|pwm_out~0'
        Info: 10: + IC(0.000 ns) + CELL(0.084 ns) = 9.563 ns; Loc. = LCFF_X23_Y28_N25; Fanout = 2; REG Node = 'comparateur:comparateur0|pwm_out'
        Info: Total cell delay = 2.604 ns ( 27.23 % )
        Info: Total interconnect delay = 6.959 ns ( 72.77 % )
    Info: + Micro setup delay of destination is -0.036 ns
    Info: - Shortest clock path from clock "clk" to destination register is 2.660 ns
        Info: 1: + IC(0.000 ns) + CELL(0.999 ns) = 0.999 ns; Loc. = PIN_P2; Fanout = 1; CLK Node = 'clk'
        Info: 2: + IC(0.118 ns) + CELL(0.000 ns) = 1.117 ns; Loc. = CLKCTRL_G3; Fanout = 9; COMB Node = 'clk~clkctrl'
        Info: 3: + IC(1.006 ns) + CELL(0.537 ns) = 2.660 ns; Loc. = LCFF_X23_Y28_N25; Fanout = 2; REG Node = 'comparateur:comparateur0|pwm_out'
        Info: Total cell delay = 1.536 ns ( 57.74 % )
        Info: Total interconnect delay = 1.124 ns ( 42.26 % )
Info: tco from clock "clk" to destination pin "pwm_out" through register "comparateur:comparateur0|pwm_out" is 7.214 ns
    Info: + Longest clock path from clock "clk" to source register is 2.660 ns
        Info: 1: + IC(0.000 ns) + CELL(0.999 ns) = 0.999 ns; Loc. = PIN_P2; Fanout = 1; CLK Node = 'clk'
        Info: 2: + IC(0.118 ns) + CELL(0.000 ns) = 1.117 ns; Loc. = CLKCTRL_G3; Fanout = 9; COMB Node = 'clk~clkctrl'
        Info: 3: + IC(1.006 ns) + CELL(0.537 ns) = 2.660 ns; Loc. = LCFF_X23_Y28_N25; Fanout = 2; REG Node = 'comparateur:comparateur0|pwm_out'
        Info: Total cell delay = 1.536 ns ( 57.74 % )
        Info: Total interconnect delay = 1.124 ns ( 42.26 % )
    Info: + Micro clock to output delay of source is 0.250 ns
    Info: + Longest register to pin delay is 4.304 ns
        Info: 1: + IC(0.000 ns) + CELL(0.000 ns) = 0.000 ns; Loc. = LCFF_X23_Y28_N25; Fanout = 2; REG Node = 'comparateur:comparateur0|pwm_out'
        Info: 2: + IC(1.486 ns) + CELL(2.818 ns) = 4.304 ns; Loc. = PIN_J11; Fanout = 0; PIN Node = 'pwm_out'
        Info: Total cell delay = 2.818 ns ( 65.47 % )
        Info: Total interconnect delay = 1.486 ns ( 34.53 % )
Info: th for register "comparateur:comparateur0|pwm_out" (data pin = "duty[7]", clock pin = "clk") is -0.747 ns
    Info: + Longest clock path from clock "clk" to destination register is 2.660 ns
        Info: 1: + IC(0.000 ns) + CELL(0.999 ns) = 0.999 ns; Loc. = PIN_P2; Fanout = 1; CLK Node = 'clk'
        Info: 2: + IC(0.118 ns) + CELL(0.000 ns) = 1.117 ns; Loc. = CLKCTRL_G3; Fanout = 9; COMB Node = 'clk~clkctrl'
        Info: 3: + IC(1.006 ns) + CELL(0.537 ns) = 2.660 ns; Loc. = LCFF_X23_Y28_N25; Fanout = 2; REG Node = 'comparateur:comparateur0|pwm_out'
        Info: Total cell delay = 1.536 ns ( 57.74 % )
        Info: Total interconnect delay = 1.124 ns ( 42.26 % )
    Info: + Micro hold delay of destination is 0.266 ns
    Info: - Shortest pin to register delay is 3.673 ns
        Info: 1: + IC(0.000 ns) + CELL(0.979 ns) = 0.979 ns; Loc. = PIN_C13; Fanout = 2; PIN Node = 'duty[7]'
        Info: 2: + IC(1.643 ns) + CELL(0.420 ns) = 3.042 ns; Loc. = LCCOMB_X23_Y28_N14; Fanout = 1; COMB Node = 'comparateur:comparateur0|LessThan1~14'
        Info: 3: + IC(0.397 ns) + CELL(0.150 ns) = 3.589 ns; Loc. = LCCOMB_X23_Y28_N24; Fanout = 1; COMB Node = 'comparateur:comparateur0|pwm_out~0'
        Info: 4: + IC(0.000 ns) + CELL(0.084 ns) = 3.673 ns; Loc. = LCFF_X23_Y28_N25; Fanout = 2; REG Node = 'comparateur:comparateur0|pwm_out'
        Info: Total cell delay = 1.633 ns ( 44.46 % )
        Info: Total interconnect delay = 2.040 ns ( 55.54 % )
Info: Quartus II Classic Timing Analyzer was successful. 0 errors, 1 warning
    Info: Peak virtual memory: 193 megabytes
    Info: Processing ended: Mon Sep 11 20:59:19 2023
    Info: Elapsed time: 00:00:00
    Info: Total CPU time (on all processors): 00:00:00


