Classic Timing Analyzer report for pwm
Fri Sep 08 20:15:17 2023
Quartus II Version 9.0 Build 235 06/17/2009 Service Pack 2 SJ Web Edition


---------------------
; Table of Contents ;
---------------------
  1. Legal Notice
  2. Timing Analyzer Summary
  3. Timing Analyzer Settings
  4. Clock Settings Summary
  5. Parallel Compilation
  6. Clock Setup: 'clk'
  7. tsu
  8. tco
  9. th
 10. Timing Analyzer Messages



----------------
; Legal Notice ;
----------------
Copyright (C) 1991-2009 Altera Corporation
Your use of Altera Corporation's design tools, logic functions 
and other software and tools, and its AMPP partner logic 
functions, and any output files from any of the foregoing 
(including device programming or simulation files), and any 
associated documentation or information are expressly subject 
to the terms and conditions of the Altera Program License 
Subscription Agreement, Altera MegaCore Function License 
Agreement, or other applicable license agreement, including, 
without limitation, that your use is for the sole purpose of 
programming logic devices manufactured by Altera and sold by 
Altera or its authorized distributors.  Please refer to the 
applicable agreement for further details.



+--------------------------------------------------------------------------------------------------------------------------------------------------------------+
; Timing Analyzer Summary                                                                                                                                      ;
+------------------------------+-------+---------------+----------------------------------+--------------+--------------+------------+----------+--------------+
; Type                         ; Slack ; Required Time ; Actual Time                      ; From         ; To           ; From Clock ; To Clock ; Failed Paths ;
+------------------------------+-------+---------------+----------------------------------+--------------+--------------+------------+----------+--------------+
; Worst-case tsu               ; N/A   ; None          ; 6.534 ns                         ; freq[3]      ; pwm_out~reg0 ; --         ; clk      ; 0            ;
; Worst-case tco               ; N/A   ; None          ; 6.409 ns                         ; pwm_out~reg0 ; pwm_out      ; clk        ; --       ; 0            ;
; Worst-case th                ; N/A   ; None          ; -0.571 ns                        ; duty[7]      ; pwm_out~reg0 ; --         ; clk      ; 0            ;
; Clock Setup: 'clk'           ; N/A   ; None          ; 228.36 MHz ( period = 4.379 ns ) ; cpt[0]       ; cpt[5]       ; clk        ; clk      ; 0            ;
; Total number of failed paths ;       ;               ;                                  ;              ;              ;            ;          ; 0            ;
+------------------------------+-------+---------------+----------------------------------+--------------+--------------+------------+----------+--------------+


+--------------------------------------------------------------------------------------------------------------------+
; Timing Analyzer Settings                                                                                           ;
+---------------------------------------------------------------------+--------------------+------+----+-------------+
; Option                                                              ; Setting            ; From ; To ; Entity Name ;
+---------------------------------------------------------------------+--------------------+------+----+-------------+
; Device Name                                                         ; EP2C35F672C6       ;      ;    ;             ;
; Timing Models                                                       ; Final              ;      ;    ;             ;
; Default hold multicycle                                             ; Same as Multicycle ;      ;    ;             ;
; Cut paths between unrelated clock domains                           ; On                 ;      ;    ;             ;
; Cut off read during write signal paths                              ; On                 ;      ;    ;             ;
; Cut off feedback from I/O pins                                      ; On                 ;      ;    ;             ;
; Report Combined Fast/Slow Timing                                    ; Off                ;      ;    ;             ;
; Ignore Clock Settings                                               ; Off                ;      ;    ;             ;
; Analyze latches as synchronous elements                             ; On                 ;      ;    ;             ;
; Enable Recovery/Removal analysis                                    ; Off                ;      ;    ;             ;
; Enable Clock Latency                                                ; Off                ;      ;    ;             ;
; Use TimeQuest Timing Analyzer                                       ; Off                ;      ;    ;             ;
; Minimum Core Junction Temperature                                   ; 0                  ;      ;    ;             ;
; Maximum Core Junction Temperature                                   ; 85                 ;      ;    ;             ;
; Number of source nodes to report per destination node               ; 10                 ;      ;    ;             ;
; Number of destination nodes to report                               ; 10                 ;      ;    ;             ;
; Number of paths to report                                           ; 200                ;      ;    ;             ;
; Report Minimum Timing Checks                                        ; Off                ;      ;    ;             ;
; Use Fast Timing Models                                              ; Off                ;      ;    ;             ;
; Report IO Paths Separately                                          ; Off                ;      ;    ;             ;
; Perform Multicorner Analysis                                        ; On                 ;      ;    ;             ;
; Reports the worst-case path for each clock domain and analysis      ; Off                ;      ;    ;             ;
; Removes common clock path pessimism (CCPP) during slack computation ; Off                ;      ;    ;             ;
; Output I/O Timing Endpoint                                          ; Near End           ;      ;    ;             ;
+---------------------------------------------------------------------+--------------------+------+----+-------------+


+------------------------------------------------------------------------------------------------------------------------------------------------------------------------------------+
; Clock Settings Summary                                                                                                                                                             ;
+-----------------+--------------------+----------+------------------+---------------+--------------+----------+-----------------------+---------------------+--------+--------------+
; Clock Node Name ; Clock Setting Name ; Type     ; Fmax Requirement ; Early Latency ; Late Latency ; Based on ; Multiply Base Fmax by ; Divide Base Fmax by ; Offset ; Phase offset ;
+-----------------+--------------------+----------+------------------+---------------+--------------+----------+-----------------------+---------------------+--------+--------------+
; clk             ;                    ; User Pin ; None             ; 0.000 ns      ; 0.000 ns     ; --       ; N/A                   ; N/A                 ; N/A    ;              ;
+-----------------+--------------------+----------+------------------+---------------+--------------+----------+-----------------------+---------------------+--------+--------------+


Parallel compilation was disabled, but you have multiple processors available. Enable parallel compilation to reduce compilation time.
+-------------------------------------+
; Parallel Compilation                ;
+----------------------------+--------+
; Processors                 ; Number ;
+----------------------------+--------+
; Number detected on machine ; 2      ;
; Maximum allowed            ; 1      ;
+----------------------------+--------+


+--------------------------------------------------------------------------------------------------------------------------------------------------------------------------------------------------+
; Clock Setup: 'clk'                                                                                                                                                                               ;
+-------+------------------------------------------------+--------------+--------------+------------+----------+-----------------------------+---------------------------+-------------------------+
; Slack ; Actual fmax (period)                           ; From         ; To           ; From Clock ; To Clock ; Required Setup Relationship ; Required Longest P2P Time ; Actual Longest P2P Time ;
+-------+------------------------------------------------+--------------+--------------+------------+----------+-----------------------------+---------------------------+-------------------------+
; N/A   ; 228.36 MHz ( period = 4.379 ns )               ; cpt[0]       ; cpt[5]       ; clk        ; clk      ; None                        ; None                      ; 4.169 ns                ;
; N/A   ; 228.52 MHz ( period = 4.376 ns )               ; cpt[0]       ; cpt[3]       ; clk        ; clk      ; None                        ; None                      ; 4.166 ns                ;
; N/A   ; 228.52 MHz ( period = 4.376 ns )               ; cpt[0]       ; cpt[4]       ; clk        ; clk      ; None                        ; None                      ; 4.166 ns                ;
; N/A   ; 232.77 MHz ( period = 4.296 ns )               ; cpt[1]       ; cpt[5]       ; clk        ; clk      ; None                        ; None                      ; 4.086 ns                ;
; N/A   ; 232.94 MHz ( period = 4.293 ns )               ; cpt[1]       ; cpt[3]       ; clk        ; clk      ; None                        ; None                      ; 4.083 ns                ;
; N/A   ; 232.94 MHz ( period = 4.293 ns )               ; cpt[1]       ; cpt[4]       ; clk        ; clk      ; None                        ; None                      ; 4.083 ns                ;
; N/A   ; 234.69 MHz ( period = 4.261 ns )               ; cpt[0]       ; pwm_out~reg0 ; clk        ; clk      ; None                        ; None                      ; 4.051 ns                ;
; N/A   ; 235.07 MHz ( period = 4.254 ns )               ; cpt[3]       ; cpt[5]       ; clk        ; clk      ; None                        ; None                      ; 4.040 ns                ;
; N/A   ; 235.24 MHz ( period = 4.251 ns )               ; cpt[3]       ; cpt[3]       ; clk        ; clk      ; None                        ; None                      ; 4.037 ns                ;
; N/A   ; 235.24 MHz ( period = 4.251 ns )               ; cpt[3]       ; cpt[4]       ; clk        ; clk      ; None                        ; None                      ; 4.037 ns                ;
; N/A   ; 236.07 MHz ( period = 4.236 ns )               ; cpt[2]       ; cpt[5]       ; clk        ; clk      ; None                        ; None                      ; 4.026 ns                ;
; N/A   ; 236.24 MHz ( period = 4.233 ns )               ; cpt[2]       ; cpt[3]       ; clk        ; clk      ; None                        ; None                      ; 4.023 ns                ;
; N/A   ; 236.24 MHz ( period = 4.233 ns )               ; cpt[2]       ; cpt[4]       ; clk        ; clk      ; None                        ; None                      ; 4.023 ns                ;
; N/A   ; 237.19 MHz ( period = 4.216 ns )               ; cpt[4]       ; cpt[5]       ; clk        ; clk      ; None                        ; None                      ; 4.002 ns                ;
; N/A   ; 237.30 MHz ( period = 4.214 ns )               ; cpt[0]       ; cpt[1]       ; clk        ; clk      ; None                        ; None                      ; 4.000 ns                ;
; N/A   ; 237.30 MHz ( period = 4.214 ns )               ; cpt[0]       ; cpt[6]       ; clk        ; clk      ; None                        ; None                      ; 4.000 ns                ;
; N/A   ; 237.36 MHz ( period = 4.213 ns )               ; cpt[4]       ; cpt[3]       ; clk        ; clk      ; None                        ; None                      ; 3.999 ns                ;
; N/A   ; 237.36 MHz ( period = 4.213 ns )               ; cpt[4]       ; cpt[4]       ; clk        ; clk      ; None                        ; None                      ; 3.999 ns                ;
; N/A   ; 237.53 MHz ( period = 4.210 ns )               ; cpt[0]       ; cpt[2]       ; clk        ; clk      ; None                        ; None                      ; 3.996 ns                ;
; N/A   ; 237.59 MHz ( period = 4.209 ns )               ; cpt[0]       ; cpt[0]       ; clk        ; clk      ; None                        ; None                      ; 3.995 ns                ;
; N/A   ; 237.70 MHz ( period = 4.207 ns )               ; cpt[0]       ; cpt[7]       ; clk        ; clk      ; None                        ; None                      ; 3.993 ns                ;
; N/A   ; 239.01 MHz ( period = 4.184 ns )               ; cpt[5]       ; cpt[5]       ; clk        ; clk      ; None                        ; None                      ; 3.970 ns                ;
; N/A   ; 239.18 MHz ( period = 4.181 ns )               ; cpt[5]       ; cpt[3]       ; clk        ; clk      ; None                        ; None                      ; 3.967 ns                ;
; N/A   ; 239.18 MHz ( period = 4.181 ns )               ; cpt[5]       ; cpt[4]       ; clk        ; clk      ; None                        ; None                      ; 3.967 ns                ;
; N/A   ; 239.35 MHz ( period = 4.178 ns )               ; cpt[3]       ; pwm_out~reg0 ; clk        ; clk      ; None                        ; None                      ; 3.964 ns                ;
; N/A   ; 239.35 MHz ( period = 4.178 ns )               ; cpt[1]       ; pwm_out~reg0 ; clk        ; clk      ; None                        ; None                      ; 3.968 ns                ;
; N/A   ; 241.55 MHz ( period = 4.140 ns )               ; cpt[4]       ; pwm_out~reg0 ; clk        ; clk      ; None                        ; None                      ; 3.926 ns                ;
; N/A   ; 242.07 MHz ( period = 4.131 ns )               ; cpt[1]       ; cpt[1]       ; clk        ; clk      ; None                        ; None                      ; 3.917 ns                ;
; N/A   ; 242.07 MHz ( period = 4.131 ns )               ; cpt[1]       ; cpt[6]       ; clk        ; clk      ; None                        ; None                      ; 3.917 ns                ;
; N/A   ; 242.31 MHz ( period = 4.127 ns )               ; cpt[1]       ; cpt[2]       ; clk        ; clk      ; None                        ; None                      ; 3.913 ns                ;
; N/A   ; 242.37 MHz ( period = 4.126 ns )               ; cpt[1]       ; cpt[0]       ; clk        ; clk      ; None                        ; None                      ; 3.912 ns                ;
; N/A   ; 242.48 MHz ( period = 4.124 ns )               ; cpt[1]       ; cpt[7]       ; clk        ; clk      ; None                        ; None                      ; 3.910 ns                ;
; N/A   ; 242.84 MHz ( period = 4.118 ns )               ; cpt[2]       ; pwm_out~reg0 ; clk        ; clk      ; None                        ; None                      ; 3.908 ns                ;
; N/A   ; 243.43 MHz ( period = 4.108 ns )               ; cpt[5]       ; pwm_out~reg0 ; clk        ; clk      ; None                        ; None                      ; 3.894 ns                ;
; N/A   ; 244.56 MHz ( period = 4.089 ns )               ; cpt[3]       ; cpt[1]       ; clk        ; clk      ; None                        ; None                      ; 3.871 ns                ;
; N/A   ; 244.56 MHz ( period = 4.089 ns )               ; cpt[3]       ; cpt[6]       ; clk        ; clk      ; None                        ; None                      ; 3.871 ns                ;
; N/A   ; 244.80 MHz ( period = 4.085 ns )               ; cpt[3]       ; cpt[2]       ; clk        ; clk      ; None                        ; None                      ; 3.867 ns                ;
; N/A   ; 244.86 MHz ( period = 4.084 ns )               ; cpt[3]       ; cpt[0]       ; clk        ; clk      ; None                        ; None                      ; 3.866 ns                ;
; N/A   ; 244.98 MHz ( period = 4.082 ns )               ; cpt[3]       ; cpt[7]       ; clk        ; clk      ; None                        ; None                      ; 3.864 ns                ;
; N/A   ; 245.64 MHz ( period = 4.071 ns )               ; cpt[2]       ; cpt[1]       ; clk        ; clk      ; None                        ; None                      ; 3.857 ns                ;
; N/A   ; 245.64 MHz ( period = 4.071 ns )               ; cpt[2]       ; cpt[6]       ; clk        ; clk      ; None                        ; None                      ; 3.857 ns                ;
; N/A   ; 245.88 MHz ( period = 4.067 ns )               ; cpt[2]       ; cpt[2]       ; clk        ; clk      ; None                        ; None                      ; 3.853 ns                ;
; N/A   ; 245.94 MHz ( period = 4.066 ns )               ; cpt[2]       ; cpt[0]       ; clk        ; clk      ; None                        ; None                      ; 3.852 ns                ;
; N/A   ; 246.06 MHz ( period = 4.064 ns )               ; cpt[2]       ; cpt[7]       ; clk        ; clk      ; None                        ; None                      ; 3.850 ns                ;
; N/A   ; 246.85 MHz ( period = 4.051 ns )               ; cpt[4]       ; cpt[1]       ; clk        ; clk      ; None                        ; None                      ; 3.833 ns                ;
; N/A   ; 246.85 MHz ( period = 4.051 ns )               ; cpt[4]       ; cpt[6]       ; clk        ; clk      ; None                        ; None                      ; 3.833 ns                ;
; N/A   ; 247.10 MHz ( period = 4.047 ns )               ; cpt[4]       ; cpt[2]       ; clk        ; clk      ; None                        ; None                      ; 3.829 ns                ;
; N/A   ; 247.16 MHz ( period = 4.046 ns )               ; cpt[4]       ; cpt[0]       ; clk        ; clk      ; None                        ; None                      ; 3.828 ns                ;
; N/A   ; 247.28 MHz ( period = 4.044 ns )               ; cpt[4]       ; cpt[7]       ; clk        ; clk      ; None                        ; None                      ; 3.826 ns                ;
; N/A   ; 248.82 MHz ( period = 4.019 ns )               ; cpt[5]       ; cpt[1]       ; clk        ; clk      ; None                        ; None                      ; 3.801 ns                ;
; N/A   ; 248.82 MHz ( period = 4.019 ns )               ; cpt[5]       ; cpt[6]       ; clk        ; clk      ; None                        ; None                      ; 3.801 ns                ;
; N/A   ; 249.07 MHz ( period = 4.015 ns )               ; cpt[5]       ; cpt[2]       ; clk        ; clk      ; None                        ; None                      ; 3.797 ns                ;
; N/A   ; 249.13 MHz ( period = 4.014 ns )               ; cpt[5]       ; cpt[0]       ; clk        ; clk      ; None                        ; None                      ; 3.796 ns                ;
; N/A   ; 249.25 MHz ( period = 4.012 ns )               ; cpt[5]       ; cpt[7]       ; clk        ; clk      ; None                        ; None                      ; 3.794 ns                ;
; N/A   ; 284.98 MHz ( period = 3.509 ns )               ; cpt[6]       ; cpt[5]       ; clk        ; clk      ; None                        ; None                      ; 3.299 ns                ;
; N/A   ; 285.23 MHz ( period = 3.506 ns )               ; cpt[6]       ; cpt[3]       ; clk        ; clk      ; None                        ; None                      ; 3.296 ns                ;
; N/A   ; 285.23 MHz ( period = 3.506 ns )               ; cpt[6]       ; cpt[4]       ; clk        ; clk      ; None                        ; None                      ; 3.296 ns                ;
; N/A   ; 291.29 MHz ( period = 3.433 ns )               ; cpt[6]       ; pwm_out~reg0 ; clk        ; clk      ; None                        ; None                      ; 3.223 ns                ;
; N/A   ; 299.04 MHz ( period = 3.344 ns )               ; cpt[6]       ; cpt[1]       ; clk        ; clk      ; None                        ; None                      ; 3.130 ns                ;
; N/A   ; 299.04 MHz ( period = 3.344 ns )               ; cpt[6]       ; cpt[6]       ; clk        ; clk      ; None                        ; None                      ; 3.130 ns                ;
; N/A   ; 299.40 MHz ( period = 3.340 ns )               ; cpt[6]       ; cpt[2]       ; clk        ; clk      ; None                        ; None                      ; 3.126 ns                ;
; N/A   ; 299.49 MHz ( period = 3.339 ns )               ; cpt[6]       ; cpt[0]       ; clk        ; clk      ; None                        ; None                      ; 3.125 ns                ;
; N/A   ; 299.67 MHz ( period = 3.337 ns )               ; cpt[6]       ; cpt[7]       ; clk        ; clk      ; None                        ; None                      ; 3.123 ns                ;
; N/A   ; 310.27 MHz ( period = 3.223 ns )               ; cpt[7]       ; cpt[5]       ; clk        ; clk      ; None                        ; None                      ; 3.013 ns                ;
; N/A   ; 310.56 MHz ( period = 3.220 ns )               ; cpt[7]       ; cpt[3]       ; clk        ; clk      ; None                        ; None                      ; 3.010 ns                ;
; N/A   ; 310.56 MHz ( period = 3.220 ns )               ; cpt[7]       ; cpt[4]       ; clk        ; clk      ; None                        ; None                      ; 3.010 ns                ;
; N/A   ; 327.01 MHz ( period = 3.058 ns )               ; cpt[7]       ; cpt[1]       ; clk        ; clk      ; None                        ; None                      ; 2.844 ns                ;
; N/A   ; 327.01 MHz ( period = 3.058 ns )               ; cpt[7]       ; cpt[6]       ; clk        ; clk      ; None                        ; None                      ; 2.844 ns                ;
; N/A   ; 327.44 MHz ( period = 3.054 ns )               ; cpt[7]       ; cpt[2]       ; clk        ; clk      ; None                        ; None                      ; 2.840 ns                ;
; N/A   ; 327.55 MHz ( period = 3.053 ns )               ; cpt[7]       ; cpt[0]       ; clk        ; clk      ; None                        ; None                      ; 2.839 ns                ;
; N/A   ; 327.76 MHz ( period = 3.051 ns )               ; cpt[7]       ; cpt[7]       ; clk        ; clk      ; None                        ; None                      ; 2.837 ns                ;
; N/A   ; 340.83 MHz ( period = 2.934 ns )               ; cpt[8]       ; cpt[5]       ; clk        ; clk      ; None                        ; None                      ; 2.724 ns                ;
; N/A   ; 341.18 MHz ( period = 2.931 ns )               ; cpt[8]       ; cpt[3]       ; clk        ; clk      ; None                        ; None                      ; 2.721 ns                ;
; N/A   ; 341.18 MHz ( period = 2.931 ns )               ; cpt[8]       ; cpt[4]       ; clk        ; clk      ; None                        ; None                      ; 2.721 ns                ;
; N/A   ; 351.12 MHz ( period = 2.848 ns )               ; cpt[7]       ; pwm_out~reg0 ; clk        ; clk      ; None                        ; None                      ; 2.638 ns                ;
; N/A   ; 361.14 MHz ( period = 2.769 ns )               ; cpt[8]       ; cpt[1]       ; clk        ; clk      ; None                        ; None                      ; 2.555 ns                ;
; N/A   ; 361.14 MHz ( period = 2.769 ns )               ; cpt[8]       ; cpt[6]       ; clk        ; clk      ; None                        ; None                      ; 2.555 ns                ;
; N/A   ; 361.66 MHz ( period = 2.765 ns )               ; cpt[8]       ; cpt[2]       ; clk        ; clk      ; None                        ; None                      ; 2.551 ns                ;
; N/A   ; 361.79 MHz ( period = 2.764 ns )               ; cpt[8]       ; cpt[0]       ; clk        ; clk      ; None                        ; None                      ; 2.550 ns                ;
; N/A   ; 362.06 MHz ( period = 2.762 ns )               ; cpt[8]       ; cpt[7]       ; clk        ; clk      ; None                        ; None                      ; 2.548 ns                ;
; N/A   ; 390.78 MHz ( period = 2.559 ns )               ; cpt[8]       ; pwm_out~reg0 ; clk        ; clk      ; None                        ; None                      ; 2.349 ns                ;
; N/A   ; Restricted to 420.17 MHz ( period = 2.380 ns ) ; cpt[0]       ; cpt[8]       ; clk        ; clk      ; None                        ; None                      ; 1.786 ns                ;
; N/A   ; Restricted to 420.17 MHz ( period = 2.380 ns ) ; cpt[3]       ; cpt[8]       ; clk        ; clk      ; None                        ; None                      ; 1.723 ns                ;
; N/A   ; Restricted to 420.17 MHz ( period = 2.380 ns ) ; cpt[1]       ; cpt[8]       ; clk        ; clk      ; None                        ; None                      ; 1.703 ns                ;
; N/A   ; Restricted to 420.17 MHz ( period = 2.380 ns ) ; cpt[4]       ; cpt[8]       ; clk        ; clk      ; None                        ; None                      ; 1.685 ns                ;
; N/A   ; Restricted to 420.17 MHz ( period = 2.380 ns ) ; cpt[5]       ; cpt[8]       ; clk        ; clk      ; None                        ; None                      ; 1.653 ns                ;
; N/A   ; Restricted to 420.17 MHz ( period = 2.380 ns ) ; cpt[2]       ; cpt[8]       ; clk        ; clk      ; None                        ; None                      ; 1.643 ns                ;
; N/A   ; Restricted to 420.17 MHz ( period = 2.380 ns ) ; cpt[6]       ; cpt[8]       ; clk        ; clk      ; None                        ; None                      ; 1.294 ns                ;
; N/A   ; Restricted to 420.17 MHz ( period = 2.380 ns ) ; cpt[7]       ; cpt[8]       ; clk        ; clk      ; None                        ; None                      ; 1.229 ns                ;
; N/A   ; Restricted to 420.17 MHz ( period = 2.380 ns ) ; cpt[8]       ; cpt[8]       ; clk        ; clk      ; None                        ; None                      ; 0.940 ns                ;
; N/A   ; Restricted to 420.17 MHz ( period = 2.380 ns ) ; pwm_out~reg0 ; pwm_out~reg0 ; clk        ; clk      ; None                        ; None                      ; 0.407 ns                ;
+-------+------------------------------------------------+--------------+--------------+------------+----------+-----------------------------+---------------------------+-------------------------+


+-----------------------------------------------------------------------+
; tsu                                                                   ;
+-------+--------------+------------+---------+--------------+----------+
; Slack ; Required tsu ; Actual tsu ; From    ; To           ; To Clock ;
+-------+--------------+------------+---------+--------------+----------+
; N/A   ; None         ; 6.534 ns   ; freq[3] ; pwm_out~reg0 ; clk      ;
; N/A   ; None         ; 6.128 ns   ; freq[2] ; pwm_out~reg0 ; clk      ;
; N/A   ; None         ; 6.079 ns   ; freq[0] ; pwm_out~reg0 ; clk      ;
; N/A   ; None         ; 6.021 ns   ; freq[1] ; pwm_out~reg0 ; clk      ;
; N/A   ; None         ; 5.752 ns   ; freq[5] ; pwm_out~reg0 ; clk      ;
; N/A   ; None         ; 5.747 ns   ; duty[1] ; cpt[5]       ; clk      ;
; N/A   ; None         ; 5.744 ns   ; duty[1] ; cpt[3]       ; clk      ;
; N/A   ; None         ; 5.744 ns   ; duty[1] ; cpt[4]       ; clk      ;
; N/A   ; None         ; 5.645 ns   ; duty[2] ; cpt[5]       ; clk      ;
; N/A   ; None         ; 5.642 ns   ; duty[2] ; cpt[3]       ; clk      ;
; N/A   ; None         ; 5.642 ns   ; duty[2] ; cpt[4]       ; clk      ;
; N/A   ; None         ; 5.629 ns   ; duty[1] ; pwm_out~reg0 ; clk      ;
; N/A   ; None         ; 5.618 ns   ; freq[4] ; pwm_out~reg0 ; clk      ;
; N/A   ; None         ; 5.598 ns   ; duty[0] ; cpt[5]       ; clk      ;
; N/A   ; None         ; 5.595 ns   ; duty[0] ; cpt[3]       ; clk      ;
; N/A   ; None         ; 5.595 ns   ; duty[0] ; cpt[4]       ; clk      ;
; N/A   ; None         ; 5.594 ns   ; duty[5] ; cpt[5]       ; clk      ;
; N/A   ; None         ; 5.591 ns   ; duty[5] ; cpt[3]       ; clk      ;
; N/A   ; None         ; 5.591 ns   ; duty[5] ; cpt[4]       ; clk      ;
; N/A   ; None         ; 5.582 ns   ; duty[1] ; cpt[1]       ; clk      ;
; N/A   ; None         ; 5.582 ns   ; duty[1] ; cpt[6]       ; clk      ;
; N/A   ; None         ; 5.578 ns   ; duty[1] ; cpt[2]       ; clk      ;
; N/A   ; None         ; 5.577 ns   ; duty[1] ; cpt[0]       ; clk      ;
; N/A   ; None         ; 5.575 ns   ; duty[1] ; cpt[7]       ; clk      ;
; N/A   ; None         ; 5.573 ns   ; duty[3] ; cpt[5]       ; clk      ;
; N/A   ; None         ; 5.570 ns   ; duty[3] ; cpt[3]       ; clk      ;
; N/A   ; None         ; 5.570 ns   ; duty[3] ; cpt[4]       ; clk      ;
; N/A   ; None         ; 5.527 ns   ; duty[2] ; pwm_out~reg0 ; clk      ;
; N/A   ; None         ; 5.514 ns   ; duty[5] ; pwm_out~reg0 ; clk      ;
; N/A   ; None         ; 5.480 ns   ; duty[0] ; pwm_out~reg0 ; clk      ;
; N/A   ; None         ; 5.480 ns   ; duty[2] ; cpt[1]       ; clk      ;
; N/A   ; None         ; 5.480 ns   ; duty[2] ; cpt[6]       ; clk      ;
; N/A   ; None         ; 5.476 ns   ; duty[2] ; cpt[2]       ; clk      ;
; N/A   ; None         ; 5.475 ns   ; duty[2] ; cpt[0]       ; clk      ;
; N/A   ; None         ; 5.473 ns   ; duty[2] ; cpt[7]       ; clk      ;
; N/A   ; None         ; 5.455 ns   ; duty[3] ; pwm_out~reg0 ; clk      ;
; N/A   ; None         ; 5.433 ns   ; duty[0] ; cpt[1]       ; clk      ;
; N/A   ; None         ; 5.433 ns   ; duty[0] ; cpt[6]       ; clk      ;
; N/A   ; None         ; 5.429 ns   ; duty[0] ; cpt[2]       ; clk      ;
; N/A   ; None         ; 5.429 ns   ; duty[4] ; cpt[5]       ; clk      ;
; N/A   ; None         ; 5.429 ns   ; duty[5] ; cpt[1]       ; clk      ;
; N/A   ; None         ; 5.429 ns   ; duty[5] ; cpt[6]       ; clk      ;
; N/A   ; None         ; 5.428 ns   ; duty[0] ; cpt[0]       ; clk      ;
; N/A   ; None         ; 5.426 ns   ; duty[0] ; cpt[7]       ; clk      ;
; N/A   ; None         ; 5.426 ns   ; duty[4] ; cpt[3]       ; clk      ;
; N/A   ; None         ; 5.426 ns   ; duty[4] ; cpt[4]       ; clk      ;
; N/A   ; None         ; 5.425 ns   ; duty[5] ; cpt[2]       ; clk      ;
; N/A   ; None         ; 5.424 ns   ; duty[5] ; cpt[0]       ; clk      ;
; N/A   ; None         ; 5.422 ns   ; duty[5] ; cpt[7]       ; clk      ;
; N/A   ; None         ; 5.408 ns   ; duty[3] ; cpt[1]       ; clk      ;
; N/A   ; None         ; 5.408 ns   ; duty[3] ; cpt[6]       ; clk      ;
; N/A   ; None         ; 5.404 ns   ; duty[3] ; cpt[2]       ; clk      ;
; N/A   ; None         ; 5.403 ns   ; duty[3] ; cpt[0]       ; clk      ;
; N/A   ; None         ; 5.401 ns   ; duty[3] ; cpt[7]       ; clk      ;
; N/A   ; None         ; 5.381 ns   ; freq[1] ; cpt[5]       ; clk      ;
; N/A   ; None         ; 5.378 ns   ; freq[1] ; cpt[3]       ; clk      ;
; N/A   ; None         ; 5.378 ns   ; freq[1] ; cpt[4]       ; clk      ;
; N/A   ; None         ; 5.311 ns   ; duty[4] ; pwm_out~reg0 ; clk      ;
; N/A   ; None         ; 5.264 ns   ; duty[4] ; cpt[1]       ; clk      ;
; N/A   ; None         ; 5.264 ns   ; duty[4] ; cpt[6]       ; clk      ;
; N/A   ; None         ; 5.260 ns   ; duty[4] ; cpt[2]       ; clk      ;
; N/A   ; None         ; 5.259 ns   ; duty[4] ; cpt[0]       ; clk      ;
; N/A   ; None         ; 5.257 ns   ; duty[4] ; cpt[7]       ; clk      ;
; N/A   ; None         ; 5.216 ns   ; freq[1] ; cpt[1]       ; clk      ;
; N/A   ; None         ; 5.216 ns   ; freq[1] ; cpt[6]       ; clk      ;
; N/A   ; None         ; 5.212 ns   ; freq[1] ; cpt[2]       ; clk      ;
; N/A   ; None         ; 5.211 ns   ; freq[1] ; cpt[0]       ; clk      ;
; N/A   ; None         ; 5.209 ns   ; freq[1] ; cpt[7]       ; clk      ;
; N/A   ; None         ; 5.141 ns   ; freq[6] ; pwm_out~reg0 ; clk      ;
; N/A   ; None         ; 5.062 ns   ; freq[5] ; cpt[5]       ; clk      ;
; N/A   ; None         ; 5.059 ns   ; freq[0] ; cpt[5]       ; clk      ;
; N/A   ; None         ; 5.059 ns   ; freq[5] ; cpt[3]       ; clk      ;
; N/A   ; None         ; 5.059 ns   ; freq[5] ; cpt[4]       ; clk      ;
; N/A   ; None         ; 5.056 ns   ; freq[0] ; cpt[3]       ; clk      ;
; N/A   ; None         ; 5.056 ns   ; freq[0] ; cpt[4]       ; clk      ;
; N/A   ; None         ; 5.030 ns   ; freq[6] ; cpt[5]       ; clk      ;
; N/A   ; None         ; 5.027 ns   ; freq[6] ; cpt[3]       ; clk      ;
; N/A   ; None         ; 5.027 ns   ; freq[6] ; cpt[4]       ; clk      ;
; N/A   ; None         ; 4.995 ns   ; freq[2] ; cpt[5]       ; clk      ;
; N/A   ; None         ; 4.994 ns   ; freq[7] ; cpt[5]       ; clk      ;
; N/A   ; None         ; 4.992 ns   ; freq[2] ; cpt[3]       ; clk      ;
; N/A   ; None         ; 4.992 ns   ; freq[2] ; cpt[4]       ; clk      ;
; N/A   ; None         ; 4.991 ns   ; freq[7] ; cpt[3]       ; clk      ;
; N/A   ; None         ; 4.991 ns   ; freq[7] ; cpt[4]       ; clk      ;
; N/A   ; None         ; 4.931 ns   ; freq[7] ; pwm_out~reg0 ; clk      ;
; N/A   ; None         ; 4.897 ns   ; freq[5] ; cpt[1]       ; clk      ;
; N/A   ; None         ; 4.897 ns   ; freq[5] ; cpt[6]       ; clk      ;
; N/A   ; None         ; 4.894 ns   ; freq[0] ; cpt[1]       ; clk      ;
; N/A   ; None         ; 4.894 ns   ; freq[0] ; cpt[6]       ; clk      ;
; N/A   ; None         ; 4.893 ns   ; freq[5] ; cpt[2]       ; clk      ;
; N/A   ; None         ; 4.892 ns   ; freq[5] ; cpt[0]       ; clk      ;
; N/A   ; None         ; 4.890 ns   ; freq[0] ; cpt[2]       ; clk      ;
; N/A   ; None         ; 4.890 ns   ; freq[5] ; cpt[7]       ; clk      ;
; N/A   ; None         ; 4.889 ns   ; freq[0] ; cpt[0]       ; clk      ;
; N/A   ; None         ; 4.887 ns   ; freq[0] ; cpt[7]       ; clk      ;
; N/A   ; None         ; 4.865 ns   ; freq[6] ; cpt[1]       ; clk      ;
; N/A   ; None         ; 4.865 ns   ; freq[6] ; cpt[6]       ; clk      ;
; N/A   ; None         ; 4.861 ns   ; freq[6] ; cpt[2]       ; clk      ;
; N/A   ; None         ; 4.860 ns   ; freq[6] ; cpt[0]       ; clk      ;
; N/A   ; None         ; 4.858 ns   ; freq[6] ; cpt[7]       ; clk      ;
; N/A   ; None         ; 4.830 ns   ; freq[2] ; cpt[1]       ; clk      ;
; N/A   ; None         ; 4.830 ns   ; freq[2] ; cpt[6]       ; clk      ;
; N/A   ; None         ; 4.829 ns   ; freq[7] ; cpt[1]       ; clk      ;
; N/A   ; None         ; 4.829 ns   ; freq[7] ; cpt[6]       ; clk      ;
; N/A   ; None         ; 4.826 ns   ; freq[2] ; cpt[2]       ; clk      ;
; N/A   ; None         ; 4.825 ns   ; freq[2] ; cpt[0]       ; clk      ;
; N/A   ; None         ; 4.825 ns   ; freq[7] ; cpt[2]       ; clk      ;
; N/A   ; None         ; 4.824 ns   ; freq[7] ; cpt[0]       ; clk      ;
; N/A   ; None         ; 4.823 ns   ; freq[2] ; cpt[7]       ; clk      ;
; N/A   ; None         ; 4.822 ns   ; freq[7] ; cpt[7]       ; clk      ;
; N/A   ; None         ; 4.627 ns   ; freq[4] ; cpt[5]       ; clk      ;
; N/A   ; None         ; 4.624 ns   ; freq[4] ; cpt[3]       ; clk      ;
; N/A   ; None         ; 4.624 ns   ; freq[4] ; cpt[4]       ; clk      ;
; N/A   ; None         ; 4.462 ns   ; freq[4] ; cpt[1]       ; clk      ;
; N/A   ; None         ; 4.462 ns   ; freq[4] ; cpt[6]       ; clk      ;
; N/A   ; None         ; 4.458 ns   ; freq[4] ; cpt[2]       ; clk      ;
; N/A   ; None         ; 4.457 ns   ; freq[4] ; cpt[0]       ; clk      ;
; N/A   ; None         ; 4.455 ns   ; freq[4] ; cpt[7]       ; clk      ;
; N/A   ; None         ; 4.192 ns   ; freq[3] ; cpt[5]       ; clk      ;
; N/A   ; None         ; 4.189 ns   ; freq[3] ; cpt[4]       ; clk      ;
; N/A   ; None         ; 4.167 ns   ; freq[3] ; cpt[3]       ; clk      ;
; N/A   ; None         ; 4.123 ns   ; reset   ; cpt[3]       ; clk      ;
; N/A   ; None         ; 4.123 ns   ; reset   ; cpt[5]       ; clk      ;
; N/A   ; None         ; 4.123 ns   ; reset   ; cpt[4]       ; clk      ;
; N/A   ; None         ; 4.072 ns   ; freq[3] ; cpt[1]       ; clk      ;
; N/A   ; None         ; 4.071 ns   ; freq[3] ; cpt[6]       ; clk      ;
; N/A   ; None         ; 4.067 ns   ; freq[3] ; cpt[2]       ; clk      ;
; N/A   ; None         ; 4.065 ns   ; freq[3] ; cpt[0]       ; clk      ;
; N/A   ; None         ; 4.063 ns   ; freq[3] ; cpt[7]       ; clk      ;
; N/A   ; None         ; 3.910 ns   ; reset   ; cpt[0]       ; clk      ;
; N/A   ; None         ; 3.910 ns   ; reset   ; cpt[2]       ; clk      ;
; N/A   ; None         ; 3.910 ns   ; reset   ; cpt[1]       ; clk      ;
; N/A   ; None         ; 3.910 ns   ; reset   ; cpt[6]       ; clk      ;
; N/A   ; None         ; 3.910 ns   ; reset   ; cpt[7]       ; clk      ;
; N/A   ; None         ; 3.910 ns   ; reset   ; cpt[8]       ; clk      ;
; N/A   ; None         ; 1.516 ns   ; duty[6] ; cpt[5]       ; clk      ;
; N/A   ; None         ; 1.513 ns   ; duty[6] ; cpt[3]       ; clk      ;
; N/A   ; None         ; 1.513 ns   ; duty[6] ; cpt[4]       ; clk      ;
; N/A   ; None         ; 1.398 ns   ; duty[6] ; pwm_out~reg0 ; clk      ;
; N/A   ; None         ; 1.351 ns   ; duty[6] ; cpt[1]       ; clk      ;
; N/A   ; None         ; 1.351 ns   ; duty[6] ; cpt[6]       ; clk      ;
; N/A   ; None         ; 1.347 ns   ; duty[6] ; cpt[2]       ; clk      ;
; N/A   ; None         ; 1.346 ns   ; duty[6] ; cpt[0]       ; clk      ;
; N/A   ; None         ; 1.344 ns   ; duty[6] ; cpt[7]       ; clk      ;
; N/A   ; None         ; 1.090 ns   ; duty[7] ; cpt[5]       ; clk      ;
; N/A   ; None         ; 1.087 ns   ; duty[7] ; cpt[3]       ; clk      ;
; N/A   ; None         ; 1.087 ns   ; duty[7] ; cpt[4]       ; clk      ;
; N/A   ; None         ; 0.972 ns   ; duty[7] ; pwm_out~reg0 ; clk      ;
; N/A   ; None         ; 0.925 ns   ; duty[7] ; cpt[1]       ; clk      ;
; N/A   ; None         ; 0.925 ns   ; duty[7] ; cpt[6]       ; clk      ;
; N/A   ; None         ; 0.921 ns   ; duty[7] ; cpt[2]       ; clk      ;
; N/A   ; None         ; 0.920 ns   ; duty[7] ; cpt[0]       ; clk      ;
; N/A   ; None         ; 0.918 ns   ; duty[7] ; cpt[7]       ; clk      ;
+-------+--------------+------------+---------+--------------+----------+


+-------------------------------------------------------------------------+
; tco                                                                     ;
+-------+--------------+------------+--------------+---------+------------+
; Slack ; Required tco ; Actual tco ; From         ; To      ; From Clock ;
+-------+--------------+------------+--------------+---------+------------+
; N/A   ; None         ; 6.409 ns   ; pwm_out~reg0 ; pwm_out ; clk        ;
+-------+--------------+------------+--------------+---------+------------+


+-----------------------------------------------------------------------------+
; th                                                                          ;
+---------------+-------------+-----------+---------+--------------+----------+
; Minimum Slack ; Required th ; Actual th ; From    ; To           ; To Clock ;
+---------------+-------------+-----------+---------+--------------+----------+
; N/A           ; None        ; -0.571 ns ; duty[7] ; pwm_out~reg0 ; clk      ;
; N/A           ; None        ; -0.688 ns ; duty[7] ; cpt[7]       ; clk      ;
; N/A           ; None        ; -0.690 ns ; duty[7] ; cpt[0]       ; clk      ;
; N/A           ; None        ; -0.691 ns ; duty[7] ; cpt[2]       ; clk      ;
; N/A           ; None        ; -0.695 ns ; duty[7] ; cpt[1]       ; clk      ;
; N/A           ; None        ; -0.695 ns ; duty[7] ; cpt[6]       ; clk      ;
; N/A           ; None        ; -0.857 ns ; duty[7] ; cpt[3]       ; clk      ;
; N/A           ; None        ; -0.857 ns ; duty[7] ; cpt[4]       ; clk      ;
; N/A           ; None        ; -0.860 ns ; duty[7] ; cpt[5]       ; clk      ;
; N/A           ; None        ; -1.114 ns ; duty[6] ; cpt[7]       ; clk      ;
; N/A           ; None        ; -1.116 ns ; duty[6] ; cpt[0]       ; clk      ;
; N/A           ; None        ; -1.117 ns ; duty[6] ; cpt[2]       ; clk      ;
; N/A           ; None        ; -1.121 ns ; duty[6] ; cpt[1]       ; clk      ;
; N/A           ; None        ; -1.121 ns ; duty[6] ; cpt[6]       ; clk      ;
; N/A           ; None        ; -1.155 ns ; duty[6] ; pwm_out~reg0 ; clk      ;
; N/A           ; None        ; -1.283 ns ; duty[6] ; cpt[3]       ; clk      ;
; N/A           ; None        ; -1.283 ns ; duty[6] ; cpt[4]       ; clk      ;
; N/A           ; None        ; -1.286 ns ; duty[6] ; cpt[5]       ; clk      ;
; N/A           ; None        ; -3.680 ns ; reset   ; cpt[0]       ; clk      ;
; N/A           ; None        ; -3.680 ns ; reset   ; cpt[2]       ; clk      ;
; N/A           ; None        ; -3.680 ns ; reset   ; cpt[1]       ; clk      ;
; N/A           ; None        ; -3.680 ns ; reset   ; cpt[6]       ; clk      ;
; N/A           ; None        ; -3.680 ns ; reset   ; cpt[7]       ; clk      ;
; N/A           ; None        ; -3.680 ns ; reset   ; cpt[8]       ; clk      ;
; N/A           ; None        ; -3.833 ns ; freq[3] ; cpt[7]       ; clk      ;
; N/A           ; None        ; -3.835 ns ; freq[3] ; cpt[0]       ; clk      ;
; N/A           ; None        ; -3.837 ns ; freq[3] ; cpt[2]       ; clk      ;
; N/A           ; None        ; -3.841 ns ; freq[3] ; cpt[6]       ; clk      ;
; N/A           ; None        ; -3.842 ns ; freq[3] ; cpt[1]       ; clk      ;
; N/A           ; None        ; -3.893 ns ; reset   ; cpt[3]       ; clk      ;
; N/A           ; None        ; -3.893 ns ; reset   ; cpt[5]       ; clk      ;
; N/A           ; None        ; -3.893 ns ; reset   ; cpt[4]       ; clk      ;
; N/A           ; None        ; -3.937 ns ; freq[3] ; cpt[3]       ; clk      ;
; N/A           ; None        ; -3.959 ns ; freq[3] ; cpt[4]       ; clk      ;
; N/A           ; None        ; -3.962 ns ; freq[3] ; cpt[5]       ; clk      ;
; N/A           ; None        ; -4.225 ns ; freq[4] ; cpt[7]       ; clk      ;
; N/A           ; None        ; -4.227 ns ; freq[4] ; cpt[0]       ; clk      ;
; N/A           ; None        ; -4.228 ns ; freq[4] ; cpt[2]       ; clk      ;
; N/A           ; None        ; -4.232 ns ; freq[4] ; cpt[1]       ; clk      ;
; N/A           ; None        ; -4.232 ns ; freq[4] ; cpt[6]       ; clk      ;
; N/A           ; None        ; -4.394 ns ; freq[4] ; cpt[3]       ; clk      ;
; N/A           ; None        ; -4.394 ns ; freq[4] ; cpt[4]       ; clk      ;
; N/A           ; None        ; -4.397 ns ; freq[4] ; cpt[5]       ; clk      ;
; N/A           ; None        ; -4.592 ns ; freq[7] ; cpt[7]       ; clk      ;
; N/A           ; None        ; -4.593 ns ; freq[2] ; cpt[7]       ; clk      ;
; N/A           ; None        ; -4.594 ns ; freq[7] ; cpt[0]       ; clk      ;
; N/A           ; None        ; -4.595 ns ; freq[2] ; cpt[0]       ; clk      ;
; N/A           ; None        ; -4.595 ns ; freq[7] ; cpt[2]       ; clk      ;
; N/A           ; None        ; -4.596 ns ; freq[2] ; cpt[2]       ; clk      ;
; N/A           ; None        ; -4.599 ns ; freq[7] ; cpt[1]       ; clk      ;
; N/A           ; None        ; -4.599 ns ; freq[7] ; cpt[6]       ; clk      ;
; N/A           ; None        ; -4.600 ns ; freq[2] ; cpt[1]       ; clk      ;
; N/A           ; None        ; -4.600 ns ; freq[2] ; cpt[6]       ; clk      ;
; N/A           ; None        ; -4.628 ns ; freq[6] ; cpt[7]       ; clk      ;
; N/A           ; None        ; -4.630 ns ; freq[6] ; cpt[0]       ; clk      ;
; N/A           ; None        ; -4.631 ns ; freq[6] ; cpt[2]       ; clk      ;
; N/A           ; None        ; -4.635 ns ; freq[6] ; cpt[1]       ; clk      ;
; N/A           ; None        ; -4.635 ns ; freq[6] ; cpt[6]       ; clk      ;
; N/A           ; None        ; -4.657 ns ; freq[0] ; cpt[7]       ; clk      ;
; N/A           ; None        ; -4.659 ns ; freq[0] ; cpt[0]       ; clk      ;
; N/A           ; None        ; -4.660 ns ; freq[0] ; cpt[2]       ; clk      ;
; N/A           ; None        ; -4.660 ns ; freq[5] ; cpt[7]       ; clk      ;
; N/A           ; None        ; -4.662 ns ; freq[5] ; cpt[0]       ; clk      ;
; N/A           ; None        ; -4.663 ns ; freq[5] ; cpt[2]       ; clk      ;
; N/A           ; None        ; -4.664 ns ; freq[0] ; cpt[1]       ; clk      ;
; N/A           ; None        ; -4.664 ns ; freq[0] ; cpt[6]       ; clk      ;
; N/A           ; None        ; -4.667 ns ; freq[5] ; cpt[1]       ; clk      ;
; N/A           ; None        ; -4.667 ns ; freq[5] ; cpt[6]       ; clk      ;
; N/A           ; None        ; -4.701 ns ; freq[7] ; pwm_out~reg0 ; clk      ;
; N/A           ; None        ; -4.761 ns ; freq[7] ; cpt[3]       ; clk      ;
; N/A           ; None        ; -4.761 ns ; freq[7] ; cpt[4]       ; clk      ;
; N/A           ; None        ; -4.762 ns ; freq[2] ; cpt[3]       ; clk      ;
; N/A           ; None        ; -4.762 ns ; freq[2] ; cpt[4]       ; clk      ;
; N/A           ; None        ; -4.764 ns ; freq[7] ; cpt[5]       ; clk      ;
; N/A           ; None        ; -4.765 ns ; freq[2] ; cpt[5]       ; clk      ;
; N/A           ; None        ; -4.797 ns ; freq[6] ; cpt[3]       ; clk      ;
; N/A           ; None        ; -4.797 ns ; freq[6] ; cpt[4]       ; clk      ;
; N/A           ; None        ; -4.800 ns ; freq[6] ; cpt[5]       ; clk      ;
; N/A           ; None        ; -4.826 ns ; freq[0] ; cpt[3]       ; clk      ;
; N/A           ; None        ; -4.826 ns ; freq[0] ; cpt[4]       ; clk      ;
; N/A           ; None        ; -4.829 ns ; freq[0] ; cpt[5]       ; clk      ;
; N/A           ; None        ; -4.829 ns ; freq[5] ; cpt[3]       ; clk      ;
; N/A           ; None        ; -4.829 ns ; freq[5] ; cpt[4]       ; clk      ;
; N/A           ; None        ; -4.832 ns ; freq[5] ; cpt[5]       ; clk      ;
; N/A           ; None        ; -4.866 ns ; freq[6] ; pwm_out~reg0 ; clk      ;
; N/A           ; None        ; -4.908 ns ; duty[4] ; pwm_out~reg0 ; clk      ;
; N/A           ; None        ; -4.949 ns ; duty[3] ; pwm_out~reg0 ; clk      ;
; N/A           ; None        ; -4.979 ns ; freq[1] ; cpt[7]       ; clk      ;
; N/A           ; None        ; -4.981 ns ; freq[1] ; cpt[0]       ; clk      ;
; N/A           ; None        ; -4.982 ns ; freq[1] ; cpt[2]       ; clk      ;
; N/A           ; None        ; -4.986 ns ; freq[1] ; cpt[1]       ; clk      ;
; N/A           ; None        ; -4.986 ns ; freq[1] ; cpt[6]       ; clk      ;
; N/A           ; None        ; -5.027 ns ; duty[4] ; cpt[7]       ; clk      ;
; N/A           ; None        ; -5.028 ns ; duty[2] ; pwm_out~reg0 ; clk      ;
; N/A           ; None        ; -5.029 ns ; duty[4] ; cpt[0]       ; clk      ;
; N/A           ; None        ; -5.030 ns ; duty[4] ; cpt[2]       ; clk      ;
; N/A           ; None        ; -5.030 ns ; freq[4] ; pwm_out~reg0 ; clk      ;
; N/A           ; None        ; -5.034 ns ; duty[4] ; cpt[1]       ; clk      ;
; N/A           ; None        ; -5.034 ns ; duty[4] ; cpt[6]       ; clk      ;
; N/A           ; None        ; -5.138 ns ; duty[0] ; pwm_out~reg0 ; clk      ;
; N/A           ; None        ; -5.148 ns ; freq[1] ; cpt[3]       ; clk      ;
; N/A           ; None        ; -5.148 ns ; freq[1] ; cpt[4]       ; clk      ;
; N/A           ; None        ; -5.151 ns ; freq[1] ; cpt[5]       ; clk      ;
; N/A           ; None        ; -5.165 ns ; freq[5] ; pwm_out~reg0 ; clk      ;
; N/A           ; None        ; -5.171 ns ; duty[3] ; cpt[7]       ; clk      ;
; N/A           ; None        ; -5.173 ns ; duty[3] ; cpt[0]       ; clk      ;
; N/A           ; None        ; -5.174 ns ; duty[3] ; cpt[2]       ; clk      ;
; N/A           ; None        ; -5.178 ns ; duty[3] ; cpt[1]       ; clk      ;
; N/A           ; None        ; -5.178 ns ; duty[3] ; cpt[6]       ; clk      ;
; N/A           ; None        ; -5.192 ns ; duty[5] ; cpt[7]       ; clk      ;
; N/A           ; None        ; -5.194 ns ; duty[5] ; cpt[0]       ; clk      ;
; N/A           ; None        ; -5.195 ns ; duty[5] ; cpt[2]       ; clk      ;
; N/A           ; None        ; -5.196 ns ; duty[0] ; cpt[7]       ; clk      ;
; N/A           ; None        ; -5.196 ns ; duty[4] ; cpt[3]       ; clk      ;
; N/A           ; None        ; -5.196 ns ; duty[4] ; cpt[4]       ; clk      ;
; N/A           ; None        ; -5.198 ns ; duty[0] ; cpt[0]       ; clk      ;
; N/A           ; None        ; -5.199 ns ; duty[0] ; cpt[2]       ; clk      ;
; N/A           ; None        ; -5.199 ns ; duty[4] ; cpt[5]       ; clk      ;
; N/A           ; None        ; -5.199 ns ; duty[5] ; cpt[1]       ; clk      ;
; N/A           ; None        ; -5.199 ns ; duty[5] ; cpt[6]       ; clk      ;
; N/A           ; None        ; -5.203 ns ; duty[0] ; cpt[1]       ; clk      ;
; N/A           ; None        ; -5.203 ns ; duty[0] ; cpt[6]       ; clk      ;
; N/A           ; None        ; -5.218 ns ; freq[1] ; pwm_out~reg0 ; clk      ;
; N/A           ; None        ; -5.243 ns ; duty[2] ; cpt[7]       ; clk      ;
; N/A           ; None        ; -5.245 ns ; duty[2] ; cpt[0]       ; clk      ;
; N/A           ; None        ; -5.246 ns ; duty[2] ; cpt[2]       ; clk      ;
; N/A           ; None        ; -5.246 ns ; duty[5] ; pwm_out~reg0 ; clk      ;
; N/A           ; None        ; -5.250 ns ; duty[2] ; cpt[1]       ; clk      ;
; N/A           ; None        ; -5.250 ns ; duty[2] ; cpt[6]       ; clk      ;
; N/A           ; None        ; -5.298 ns ; duty[1] ; pwm_out~reg0 ; clk      ;
; N/A           ; None        ; -5.301 ns ; freq[0] ; pwm_out~reg0 ; clk      ;
; N/A           ; None        ; -5.340 ns ; duty[3] ; cpt[3]       ; clk      ;
; N/A           ; None        ; -5.340 ns ; duty[3] ; cpt[4]       ; clk      ;
; N/A           ; None        ; -5.343 ns ; duty[3] ; cpt[5]       ; clk      ;
; N/A           ; None        ; -5.345 ns ; duty[1] ; cpt[7]       ; clk      ;
; N/A           ; None        ; -5.347 ns ; duty[1] ; cpt[0]       ; clk      ;
; N/A           ; None        ; -5.348 ns ; duty[1] ; cpt[2]       ; clk      ;
; N/A           ; None        ; -5.350 ns ; freq[2] ; pwm_out~reg0 ; clk      ;
; N/A           ; None        ; -5.352 ns ; duty[1] ; cpt[1]       ; clk      ;
; N/A           ; None        ; -5.352 ns ; duty[1] ; cpt[6]       ; clk      ;
; N/A           ; None        ; -5.361 ns ; duty[5] ; cpt[3]       ; clk      ;
; N/A           ; None        ; -5.361 ns ; duty[5] ; cpt[4]       ; clk      ;
; N/A           ; None        ; -5.364 ns ; duty[5] ; cpt[5]       ; clk      ;
; N/A           ; None        ; -5.365 ns ; duty[0] ; cpt[3]       ; clk      ;
; N/A           ; None        ; -5.365 ns ; duty[0] ; cpt[4]       ; clk      ;
; N/A           ; None        ; -5.368 ns ; duty[0] ; cpt[5]       ; clk      ;
; N/A           ; None        ; -5.412 ns ; duty[2] ; cpt[3]       ; clk      ;
; N/A           ; None        ; -5.412 ns ; duty[2] ; cpt[4]       ; clk      ;
; N/A           ; None        ; -5.415 ns ; duty[2] ; cpt[5]       ; clk      ;
; N/A           ; None        ; -5.514 ns ; duty[1] ; cpt[3]       ; clk      ;
; N/A           ; None        ; -5.514 ns ; duty[1] ; cpt[4]       ; clk      ;
; N/A           ; None        ; -5.517 ns ; duty[1] ; cpt[5]       ; clk      ;
; N/A           ; None        ; -5.756 ns ; freq[3] ; pwm_out~reg0 ; clk      ;
+---------------+-------------+-----------+---------+--------------+----------+


+--------------------------+
; Timing Analyzer Messages ;
+--------------------------+
Info: *******************************************************************
Info: Running Quartus II Classic Timing Analyzer
    Info: Version 9.0 Build 235 06/17/2009 Service Pack 2 SJ Web Edition
    Info: Processing started: Fri Sep 08 20:15:16 2023
Info: Command: quartus_tan --read_settings_files=off --write_settings_files=off pwm -c pwm --timing_analysis_only
Warning: Found pins functioning as undefined clocks and/or memory enables
    Info: Assuming node "clk" is an undefined clock
Info: Clock "clk" has Internal fmax of 228.36 MHz between source register "cpt[0]" and destination register "cpt[5]" (period= 4.379 ns)
    Info: + Longest register to register delay is 4.169 ns
        Info: 1: + IC(0.000 ns) + CELL(0.000 ns) = 0.000 ns; Loc. = LCFF_X36_Y33_N27; Fanout = 2; REG Node = 'cpt[0]'
        Info: 2: + IC(0.314 ns) + CELL(0.393 ns) = 0.707 ns; Loc. = LCCOMB_X36_Y33_N4; Fanout = 2; COMB Node = 'Add0~1'
        Info: 3: + IC(0.000 ns) + CELL(0.071 ns) = 0.778 ns; Loc. = LCCOMB_X36_Y33_N6; Fanout = 2; COMB Node = 'Add0~3'
        Info: 4: + IC(0.000 ns) + CELL(0.071 ns) = 0.849 ns; Loc. = LCCOMB_X36_Y33_N8; Fanout = 2; COMB Node = 'Add0~5'
        Info: 5: + IC(0.000 ns) + CELL(0.410 ns) = 1.259 ns; Loc. = LCCOMB_X36_Y33_N10; Fanout = 11; COMB Node = 'Add0~6'
        Info: 6: + IC(0.505 ns) + CELL(0.504 ns) = 2.268 ns; Loc. = LCCOMB_X37_Y33_N14; Fanout = 1; COMB Node = 'LessThan0~7'
        Info: 7: + IC(0.000 ns) + CELL(0.071 ns) = 2.339 ns; Loc. = LCCOMB_X37_Y33_N16; Fanout = 1; COMB Node = 'LessThan0~9'
        Info: 8: + IC(0.000 ns) + CELL(0.071 ns) = 2.410 ns; Loc. = LCCOMB_X37_Y33_N18; Fanout = 1; COMB Node = 'LessThan0~11'
        Info: 9: + IC(0.000 ns) + CELL(0.071 ns) = 2.481 ns; Loc. = LCCOMB_X37_Y33_N20; Fanout = 1; COMB Node = 'LessThan0~13'
        Info: 10: + IC(0.000 ns) + CELL(0.410 ns) = 2.891 ns; Loc. = LCCOMB_X37_Y33_N22; Fanout = 2; COMB Node = 'LessThan0~14'
        Info: 11: + IC(0.433 ns) + CELL(0.150 ns) = 3.474 ns; Loc. = LCCOMB_X36_Y33_N22; Fanout = 8; COMB Node = 'cpt[25]~57'
        Info: 12: + IC(0.461 ns) + CELL(0.150 ns) = 4.085 ns; Loc. = LCCOMB_X37_Y33_N2; Fanout = 1; COMB Node = 'cpt~60'
        Info: 13: + IC(0.000 ns) + CELL(0.084 ns) = 4.169 ns; Loc. = LCFF_X37_Y33_N3; Fanout = 2; REG Node = 'cpt[5]'
        Info: Total cell delay = 2.456 ns ( 58.91 % )
        Info: Total interconnect delay = 1.713 ns ( 41.09 % )
    Info: - Smallest clock skew is 0.004 ns
        Info: + Shortest clock path from clock "clk" to destination register is 2.673 ns
            Info: 1: + IC(0.000 ns) + CELL(0.999 ns) = 0.999 ns; Loc. = PIN_P2; Fanout = 1; CLK Node = 'clk'
            Info: 2: + IC(0.118 ns) + CELL(0.000 ns) = 1.117 ns; Loc. = CLKCTRL_G3; Fanout = 10; COMB Node = 'clk~clkctrl'
            Info: 3: + IC(1.019 ns) + CELL(0.537 ns) = 2.673 ns; Loc. = LCFF_X37_Y33_N3; Fanout = 2; REG Node = 'cpt[5]'
            Info: Total cell delay = 1.536 ns ( 57.46 % )
            Info: Total interconnect delay = 1.137 ns ( 42.54 % )
        Info: - Longest clock path from clock "clk" to source register is 2.669 ns
            Info: 1: + IC(0.000 ns) + CELL(0.999 ns) = 0.999 ns; Loc. = PIN_P2; Fanout = 1; CLK Node = 'clk'
            Info: 2: + IC(0.118 ns) + CELL(0.000 ns) = 1.117 ns; Loc. = CLKCTRL_G3; Fanout = 10; COMB Node = 'clk~clkctrl'
            Info: 3: + IC(1.015 ns) + CELL(0.537 ns) = 2.669 ns; Loc. = LCFF_X36_Y33_N27; Fanout = 2; REG Node = 'cpt[0]'
            Info: Total cell delay = 1.536 ns ( 57.55 % )
            Info: Total interconnect delay = 1.133 ns ( 42.45 % )
    Info: + Micro clock to output delay of source is 0.250 ns
    Info: + Micro setup delay of destination is -0.036 ns
Info: tsu for register "pwm_out~reg0" (data pin = "freq[3]", clock pin = "clk") is 6.534 ns
    Info: + Longest pin to register delay is 9.243 ns
        Info: 1: + IC(0.000 ns) + CELL(0.832 ns) = 0.832 ns; Loc. = PIN_G22; Fanout = 10; PIN Node = 'freq[3]'
        Info: 2: + IC(5.540 ns) + CELL(0.393 ns) = 6.765 ns; Loc. = LCCOMB_X38_Y33_N6; Fanout = 2; COMB Node = 'Add1~7'
        Info: 3: + IC(0.000 ns) + CELL(0.410 ns) = 7.175 ns; Loc. = LCCOMB_X38_Y33_N8; Fanout = 1; COMB Node = 'Add1~8'
        Info: 4: + IC(0.459 ns) + CELL(0.414 ns) = 8.048 ns; Loc. = LCCOMB_X38_Y33_N24; Fanout = 1; COMB Node = 'LessThan2~9'
        Info: 5: + IC(0.000 ns) + CELL(0.071 ns) = 8.119 ns; Loc. = LCCOMB_X38_Y33_N26; Fanout = 1; COMB Node = 'LessThan2~11'
        Info: 6: + IC(0.000 ns) + CELL(0.071 ns) = 8.190 ns; Loc. = LCCOMB_X38_Y33_N28; Fanout = 1; COMB Node = 'LessThan2~13'
        Info: 7: + IC(0.000 ns) + CELL(0.410 ns) = 8.600 ns; Loc. = LCCOMB_X38_Y33_N30; Fanout = 1; COMB Node = 'LessThan2~14'
        Info: 8: + IC(0.409 ns) + CELL(0.150 ns) = 9.159 ns; Loc. = LCCOMB_X37_Y33_N24; Fanout = 1; COMB Node = 'pwm_out~2'
        Info: 9: + IC(0.000 ns) + CELL(0.084 ns) = 9.243 ns; Loc. = LCFF_X37_Y33_N25; Fanout = 2; REG Node = 'pwm_out~reg0'
        Info: Total cell delay = 2.835 ns ( 30.67 % )
        Info: Total interconnect delay = 6.408 ns ( 69.33 % )
    Info: + Micro setup delay of destination is -0.036 ns
    Info: - Shortest clock path from clock "clk" to destination register is 2.673 ns
        Info: 1: + IC(0.000 ns) + CELL(0.999 ns) = 0.999 ns; Loc. = PIN_P2; Fanout = 1; CLK Node = 'clk'
        Info: 2: + IC(0.118 ns) + CELL(0.000 ns) = 1.117 ns; Loc. = CLKCTRL_G3; Fanout = 10; COMB Node = 'clk~clkctrl'
        Info: 3: + IC(1.019 ns) + CELL(0.537 ns) = 2.673 ns; Loc. = LCFF_X37_Y33_N25; Fanout = 2; REG Node = 'pwm_out~reg0'
        Info: Total cell delay = 1.536 ns ( 57.46 % )
        Info: Total interconnect delay = 1.137 ns ( 42.54 % )
Info: tco from clock "clk" to destination pin "pwm_out" through register "pwm_out~reg0" is 6.409 ns
    Info: + Longest clock path from clock "clk" to source register is 2.673 ns
        Info: 1: + IC(0.000 ns) + CELL(0.999 ns) = 0.999 ns; Loc. = PIN_P2; Fanout = 1; CLK Node = 'clk'
        Info: 2: + IC(0.118 ns) + CELL(0.000 ns) = 1.117 ns; Loc. = CLKCTRL_G3; Fanout = 10; COMB Node = 'clk~clkctrl'
        Info: 3: + IC(1.019 ns) + CELL(0.537 ns) = 2.673 ns; Loc. = LCFF_X37_Y33_N25; Fanout = 2; REG Node = 'pwm_out~reg0'
        Info: Total cell delay = 1.536 ns ( 57.46 % )
        Info: Total interconnect delay = 1.137 ns ( 42.54 % )
    Info: + Micro clock to output delay of source is 0.250 ns
    Info: + Longest register to pin delay is 3.486 ns
        Info: 1: + IC(0.000 ns) + CELL(0.000 ns) = 0.000 ns; Loc. = LCFF_X37_Y33_N25; Fanout = 2; REG Node = 'pwm_out~reg0'
        Info: 2: + IC(0.678 ns) + CELL(2.808 ns) = 3.486 ns; Loc. = PIN_F13; Fanout = 0; PIN Node = 'pwm_out'
        Info: Total cell delay = 2.808 ns ( 80.55 % )
        Info: Total interconnect delay = 0.678 ns ( 19.45 % )
Info: th for register "pwm_out~reg0" (data pin = "duty[7]", clock pin = "clk") is -0.571 ns
    Info: + Longest clock path from clock "clk" to destination register is 2.673 ns
        Info: 1: + IC(0.000 ns) + CELL(0.999 ns) = 0.999 ns; Loc. = PIN_P2; Fanout = 1; CLK Node = 'clk'
        Info: 2: + IC(0.118 ns) + CELL(0.000 ns) = 1.117 ns; Loc. = CLKCTRL_G3; Fanout = 10; COMB Node = 'clk~clkctrl'
        Info: 3: + IC(1.019 ns) + CELL(0.537 ns) = 2.673 ns; Loc. = LCFF_X37_Y33_N25; Fanout = 2; REG Node = 'pwm_out~reg0'
        Info: Total cell delay = 1.536 ns ( 57.46 % )
        Info: Total interconnect delay = 1.137 ns ( 42.54 % )
    Info: + Micro hold delay of destination is 0.266 ns
    Info: - Shortest pin to register delay is 3.510 ns
        Info: 1: + IC(0.000 ns) + CELL(0.979 ns) = 0.979 ns; Loc. = PIN_C13; Fanout = 2; PIN Node = 'duty[7]'
        Info: 2: + IC(0.910 ns) + CELL(0.438 ns) = 2.327 ns; Loc. = LCCOMB_X35_Y33_N14; Fanout = 1; COMB Node = 'LessThan1~14'
        Info: 3: + IC(0.661 ns) + CELL(0.438 ns) = 3.426 ns; Loc. = LCCOMB_X37_Y33_N24; Fanout = 1; COMB Node = 'pwm_out~2'
        Info: 4: + IC(0.000 ns) + CELL(0.084 ns) = 3.510 ns; Loc. = LCFF_X37_Y33_N25; Fanout = 2; REG Node = 'pwm_out~reg0'
        Info: Total cell delay = 1.939 ns ( 55.24 % )
        Info: Total interconnect delay = 1.571 ns ( 44.76 % )
Info: Quartus II Classic Timing Analyzer was successful. 0 errors, 1 warning
    Info: Peak virtual memory: 193 megabytes
    Info: Processing ended: Fri Sep 08 20:15:17 2023
    Info: Elapsed time: 00:00:01
    Info: Total CPU time (on all processors): 00:00:00


