Flow report for anemometre_component
Tue Nov 21 18:47:37 2023
Quartus Prime Version 18.1.0 Build 625 09/12/2018 SJ Lite Edition


---------------------
; Table of Contents ;
---------------------
  1. Legal Notice
  2. Flow Summary
  3. Flow Settings
  4. Flow Non-Default Global Settings
  5. Flow Elapsed Time
  6. Flow OS Summary
  7. Flow Log
  8. Flow Messages
  9. Flow Suppressed Messages



----------------
; Legal Notice ;
----------------
Copyright (C) 2018  Intel Corporation. All rights reserved.
Your use of Intel Corporation's design tools, logic functions 
and other software and tools, and its AMPP partner logic 
functions, and any output files from any of the foregoing 
(including device programming or simulation files), and any 
associated documentation or information are expressly subject 
to the terms and conditions of the Intel Program License 
Subscription Agreement, the Intel Quartus Prime License Agreement,
the Intel FPGA IP License Agreement, or other applicable license
agreement, including, without limitation, that your use is for
the sole purpose of programming logic devices manufactured by
Intel and sold by Intel or its authorized distributors.  Please
refer to the applicable agreement for further details.



+----------------------------------------------------------------------------------+
; Flow Summary                                                                     ;
+------------------------------------+---------------------------------------------+
; Flow Status                        ; Successful - Tue Nov 21 18:47:36 2023       ;
; Quartus Prime Version              ; 18.1.0 Build 625 09/12/2018 SJ Lite Edition ;
; Revision Name                      ; anemometre_component                        ;
; Top-level Entity Name              ; counting                                    ;
; Family                             ; Cyclone IV E                                ;
; Device                             ; EP4CE22F17C6                                ;
; Timing Models                      ; Final                                       ;
; Total logic elements               ; 1,159 / 22,320 ( 5 % )                      ;
;     Total combinational functions  ; 667 / 22,320 ( 3 % )                        ;
;     Dedicated logic registers      ; 926 / 22,320 ( 4 % )                        ;
; Total registers                    ; 926                                         ;
; Total pins                         ; 13 / 154 ( 8 % )                            ;
; Total virtual pins                 ; 0                                           ;
; Total memory bits                  ; 196,608 / 608,256 ( 32 % )                  ;
; Embedded Multiplier 9-bit elements ; 0 / 132 ( 0 % )                             ;
; Total PLLs                         ; 0 / 4 ( 0 % )                               ;
+------------------------------------+---------------------------------------------+


+------------------------------------------+
; Flow Settings                            ;
+-------------------+----------------------+
; Option            ; Setting              ;
+-------------------+----------------------+
; Start date & time ; 11/21/2023 18:45:48  ;
; Main task         ; Compilation          ;
; Revision Name     ; anemometre_component ;
+-------------------+----------------------+


+-----------------------------------------------------------------------------------------------------------------------------------------------------------------------------------+
; Flow Non-Default Global Settings                                                                                                                                                  ;
+-------------------------------------+-------------------------------------------------------------------------------------+----------------------+-------------+------------------+
; Assignment Name                     ; Value                                                                               ; Default Value        ; Entity Name ; Section Id       ;
+-------------------------------------+-------------------------------------------------------------------------------------+----------------------+-------------+------------------+
; COMPILER_SIGNATURE_ID               ; 9218725971744.170058874804584                                                       ; --                   ; --          ; --               ;
; EDA_GENERATE_FUNCTIONAL_NETLIST     ; On                                                                                  ; --                   ; --          ; eda_simulation   ;
; EDA_OUTPUT_DATA_FORMAT              ; Vhdl                                                                                ; --                   ; --          ; eda_simulation   ;
; EDA_SIMULATION_TOOL                 ; ModelSim-Altera (VHDL)                                                              ; <None>               ; --          ; --               ;
; EDA_TIME_SCALE                      ; 1 ps                                                                                ; --                   ; --          ; eda_simulation   ;
; ENABLE_SIGNALTAP                    ; On                                                                                  ; --                   ; --          ; --               ;
; MAX_CORE_JUNCTION_TEMP              ; 85                                                                                  ; --                   ; --          ; --               ;
; MIN_CORE_JUNCTION_TEMP              ; 0                                                                                   ; --                   ; --          ; --               ;
; NOMINAL_CORE_SUPPLY_VOLTAGE         ; 1.2V                                                                                ; --                   ; --          ; --               ;
; PARTITION_COLOR                     ; -- (Not supported for targeted family)                                              ; --                   ; counting    ; Top              ;
; PARTITION_FITTER_PRESERVATION_LEVEL ; -- (Not supported for targeted family)                                              ; --                   ; counting    ; Top              ;
; PARTITION_NETLIST_TYPE              ; -- (Not supported for targeted family)                                              ; --                   ; counting    ; Top              ;
; POWER_BOARD_THERMAL_MODEL           ; None (CONSERVATIVE)                                                                 ; --                   ; --          ; --               ;
; POWER_PRESET_COOLING_SOLUTION       ; 23 MM HEAT SINK WITH 200 LFPM AIRFLOW                                               ; --                   ; --          ; --               ;
; PROJECT_OUTPUT_DIRECTORY            ; output_files                                                                        ; --                   ; --          ; --               ;
; SLD_FILE                            ; db/stp1_auto_stripped.stp                                                           ; --                   ; --          ; --               ;
; SLD_NODE_CREATOR_ID                 ; 110                                                                                 ; --                   ; --          ; auto_signaltap_0 ;
; SLD_NODE_ENTITY_NAME                ; sld_signaltap                                                                       ; --                   ; --          ; auto_signaltap_0 ;
; SLD_NODE_PARAMETER_ASSIGNMENT       ; SLD_RAM_BLOCK_TYPE=AUTO                                                             ; --                   ; --          ; auto_signaltap_0 ;
; SLD_NODE_PARAMETER_ASSIGNMENT       ; SLD_NODE_INFO=805334528                                                             ; --                   ; --          ; auto_signaltap_0 ;
; SLD_NODE_PARAMETER_ASSIGNMENT       ; SLD_POWER_UP_TRIGGER=0                                                              ; --                   ; --          ; auto_signaltap_0 ;
; SLD_NODE_PARAMETER_ASSIGNMENT       ; SLD_ATTRIBUTE_MEM_MODE=OFF                                                          ; --                   ; --          ; auto_signaltap_0 ;
; SLD_NODE_PARAMETER_ASSIGNMENT       ; SLD_INCREMENTAL_ROUTING=1                                                           ; --                   ; --          ; auto_signaltap_0 ;
; SLD_NODE_PARAMETER_ASSIGNMENT       ; SLD_TRIGGER_LEVEL=1                                                                 ; --                   ; --          ; auto_signaltap_0 ;
; SLD_NODE_PARAMETER_ASSIGNMENT       ; SLD_TRIGGER_PIPELINE=0                                                              ; --                   ; --          ; auto_signaltap_0 ;
; SLD_NODE_PARAMETER_ASSIGNMENT       ; SLD_COUNTER_PIPELINE=0                                                              ; --                   ; --          ; auto_signaltap_0 ;
; SLD_NODE_PARAMETER_ASSIGNMENT       ; SLD_ADVANCED_TRIGGER_ENTITY=basic,1,                                                ; --                   ; --          ; auto_signaltap_0 ;
; SLD_NODE_PARAMETER_ASSIGNMENT       ; SLD_TRIGGER_LEVEL_PIPELINE=1                                                        ; --                   ; --          ; auto_signaltap_0 ;
; SLD_NODE_PARAMETER_ASSIGNMENT       ; SLD_ENABLE_ADVANCED_TRIGGER=0                                                       ; --                   ; --          ; auto_signaltap_0 ;
; SLD_NODE_PARAMETER_ASSIGNMENT       ; SLD_TRIGGER_IN_ENABLED=1                                                            ; --                   ; --          ; auto_signaltap_0 ;
; SLD_NODE_PARAMETER_ASSIGNMENT       ; SLD_RAM_PIPELINE=5                                                                  ; --                   ; --          ; auto_signaltap_0 ;
; SLD_NODE_PARAMETER_ASSIGNMENT       ; SLD_DATA_BITS=12                                                                    ; --                   ; --          ; auto_signaltap_0 ;
; SLD_NODE_PARAMETER_ASSIGNMENT       ; SLD_TRIGGER_BITS=12                                                                 ; --                   ; --          ; auto_signaltap_0 ;
; SLD_NODE_PARAMETER_ASSIGNMENT       ; SLD_STORAGE_QUALIFIER_BITS=12                                                       ; --                   ; --          ; auto_signaltap_0 ;
; SLD_NODE_PARAMETER_ASSIGNMENT       ; SLD_SEGMENT_SIZE=16384                                                              ; --                   ; --          ; auto_signaltap_0 ;
; SLD_NODE_PARAMETER_ASSIGNMENT       ; SLD_STATE_FLOW_USE_GENERATED=0                                                      ; --                   ; --          ; auto_signaltap_0 ;
; SLD_NODE_PARAMETER_ASSIGNMENT       ; SLD_STATE_BITS=11                                                                   ; --                   ; --          ; auto_signaltap_0 ;
; SLD_NODE_PARAMETER_ASSIGNMENT       ; SLD_BUFFER_FULL_STOP=1                                                              ; --                   ; --          ; auto_signaltap_0 ;
; SLD_NODE_PARAMETER_ASSIGNMENT       ; SLD_CURRENT_RESOURCE_WIDTH=1                                                        ; --                   ; --          ; auto_signaltap_0 ;
; SLD_NODE_PARAMETER_ASSIGNMENT       ; SLD_SAMPLE_DEPTH=16384                                                              ; --                   ; --          ; auto_signaltap_0 ;
; SLD_NODE_PARAMETER_ASSIGNMENT       ; SLD_INVERSION_MASK=0000000000000000000000000000000000000000000000000000000000000000 ; --                   ; --          ; auto_signaltap_0 ;
; SLD_NODE_PARAMETER_ASSIGNMENT       ; SLD_INVERSION_MASK_LENGTH=64                                                        ; --                   ; --          ; auto_signaltap_0 ;
; SLD_NODE_PARAMETER_ASSIGNMENT       ; SLD_STORAGE_QUALIFIER_INVERSION_MASK_LENGTH=0                                       ; --                   ; --          ; auto_signaltap_0 ;
; TOP_LEVEL_ENTITY                    ; counting                                                                            ; anemometre_component ; --          ; --               ;
; USE_SIGNALTAP_FILE                  ; output_files/stp1.stp                                                               ; --                   ; --          ; --               ;
+-------------------------------------+-------------------------------------------------------------------------------------+----------------------+-------------+------------------+


+--------------------------------------------------------------------------------------------------------------------------+
; Flow Elapsed Time                                                                                                        ;
+----------------------+--------------+-------------------------+---------------------+------------------------------------+
; Module Name          ; Elapsed Time ; Average Processors Used ; Peak Virtual Memory ; Total CPU Time (on all processors) ;
+----------------------+--------------+-------------------------+---------------------+------------------------------------+
; Analysis & Synthesis ; 00:01:06     ; 1.0                     ; 4854 MB             ; 00:02:04                           ;
; Fitter               ; 00:00:16     ; 1.1                     ; 5518 MB             ; 00:00:22                           ;
; Assembler            ; 00:00:04     ; 1.0                     ; 4678 MB             ; 00:00:04                           ;
; Timing Analyzer      ; 00:00:06     ; 1.1                     ; 4791 MB             ; 00:00:06                           ;
; EDA Netlist Writer   ; 00:00:04     ; 1.0                     ; 4636 MB             ; 00:00:05                           ;
; Total                ; 00:01:36     ; --                      ; --                  ; 00:02:41                           ;
+----------------------+--------------+-------------------------+---------------------+------------------------------------+


+------------------------------------------------------------------------------------+
; Flow OS Summary                                                                    ;
+----------------------+------------------+------------+------------+----------------+
; Module Name          ; Machine Hostname ; OS Name    ; OS Version ; Processor type ;
+----------------------+------------------+------------+------------+----------------+
; Analysis & Synthesis ; DESKTOP-OSMN4B9  ; Windows 10 ; 10.0       ; x86_64         ;
; Fitter               ; DESKTOP-OSMN4B9  ; Windows 10 ; 10.0       ; x86_64         ;
; Assembler            ; DESKTOP-OSMN4B9  ; Windows 10 ; 10.0       ; x86_64         ;
; Timing Analyzer      ; DESKTOP-OSMN4B9  ; Windows 10 ; 10.0       ; x86_64         ;
; EDA Netlist Writer   ; DESKTOP-OSMN4B9  ; Windows 10 ; 10.0       ; x86_64         ;
+----------------------+------------------+------------+------------+----------------+


------------
; Flow Log ;
------------
quartus_map --read_settings_files=on --write_settings_files=off anemometre_component -c anemometre_component
quartus_fit --read_settings_files=off --write_settings_files=off anemometre_component -c anemometre_component
quartus_asm --read_settings_files=off --write_settings_files=off anemometre_component -c anemometre_component
quartus_sta anemometre_component -c anemometre_component
quartus_eda --read_settings_files=off --write_settings_files=off anemometre_component -c anemometre_component



